<?xml version="1.0" encoding="UTF-8"?>
<coverage generated="1539270246970" clover="3.2.0">
  <project timestamp="1539270246970" name="All files">
    <metrics statements="478" coveredstatements="461" conditionals="245" coveredconditionals="195" methods="183" coveredmethods="177" elements="906" coveredelements="833" complexity="0" loc="478" ncloc="478" packages="9" files="23" classes="23">
      <package name="ORM">
        <metrics statements="15" coveredstatements="15" conditionals="0" coveredconditionals="0" methods="0" coveredmethods="0"/>
        <file name="index.ts" path="C:\Users\Orel Balilti\Documents\Projects\Sugoi\ORM\index.ts">
          <metrics statements="15" coveredstatements="15" conditionals="0" coveredconditionals="0" methods="0" coveredmethods="0"/>
          <line num="4" count="1" type="stmt"/>
          <line num="6" count="1" type="stmt"/>
          <line num="9" count="1" type="stmt"/>
          <line num="11" count="1" type="stmt"/>
          <line num="13" count="1" type="stmt"/>
          <line num="15" count="1" type="stmt"/>
          <line num="17" count="1" type="stmt"/>
          <line num="19" count="1" type="stmt"/>
          <line num="21" count="1" type="stmt"/>
          <line num="23" count="1" type="stmt"/>
          <line num="25" count="1" type="stmt"/>
          <line num="27" count="1" type="stmt"/>
          <line num="29" count="1" type="stmt"/>
          <line num="31" count="1" type="stmt"/>
          <line num="34" count="1" type="stmt"/>
        </file>
      </package>
      <package name="ORM.__tests__.classes">
        <metrics statements="20" coveredstatements="20" conditionals="12" coveredconditionals="12" methods="6" coveredmethods="6"/>
        <file name="dummy-connection.class.ts" path="C:\Users\Orel Balilti\Documents\Projects\Sugoi\ORM\__tests__\classes\dummy-connection.class.ts">
          <metrics statements="20" coveredstatements="20" conditionals="12" coveredconditionals="12" methods="6" coveredmethods="6"/>
          <line num="1" count="1" type="stmt"/>
          <line num="3" count="1" type="stmt"/>
          <line num="15" count="2" type="cond" truecount="2" falsecount="0"/>
          <line num="16" count="1" type="stmt"/>
          <line num="18" count="1" type="stmt"/>
          <line num="19" count="1" type="stmt"/>
          <line num="21" count="1" type="stmt"/>
          <line num="22" count="1" type="stmt"/>
          <line num="26" count="1" type="stmt"/>
          <line num="27" count="1" type="stmt"/>
          <line num="29" count="1" type="stmt"/>
          <line num="30" count="1" type="stmt"/>
          <line num="35" count="59" type="stmt"/>
          <line num="39" count="2" type="stmt"/>
          <line num="40" count="2" type="cond" truecount="4" falsecount="0"/>
          <line num="41" count="1" type="stmt"/>
          <line num="42" count="2" type="cond" truecount="4" falsecount="0"/>
          <line num="43" count="2" type="cond" truecount="2" falsecount="0"/>
          <line num="44" count="1" type="stmt"/>
          <line num="45" count="2" type="stmt"/>
        </file>
      </package>
      <package name="ORM.__tests__.models">
        <metrics statements="91" coveredstatements="91" conditionals="37" coveredconditionals="35" methods="30" coveredmethods="30"/>
        <file name="dummy.ts" path="C:\Users\Orel Balilti\Documents\Projects\Sugoi\ORM\__tests__\models\dummy.ts">
          <metrics statements="73" coveredstatements="73" conditionals="37" coveredconditionals="35" methods="26" coveredmethods="26"/>
          <line num="1" count="1" type="stmt"/>
          <line num="21" count="1" type="stmt"/>
          <line num="22" count="1" type="stmt"/>
          <line num="23" count="1" type="stmt"/>
          <line num="24" count="1" type="stmt"/>
          <line num="29" count="1" type="stmt"/>
          <line num="32" count="1" type="stmt"/>
          <line num="34" count="1" type="stmt"/>
          <line num="40" count="1" type="stmt"/>
          <line num="42" count="1" type="stmt"/>
          <line num="44" count="1" type="stmt"/>
          <line num="47" count="100" type="stmt"/>
          <line num="48" count="100" type="stmt"/>
          <line num="52" count="16" type="cond" truecount="2" falsecount="0"/>
          <line num="53" count="1" type="stmt"/>
          <line num="54" count="15" type="stmt"/>
          <line num="58" count="33" type="stmt"/>
          <line num="62" count="8" type="cond" truecount="2" falsecount="0"/>
          <line num="63" count="1" type="stmt"/>
          <line num="64" count="7" type="stmt"/>
          <line num="68" count="7" type="stmt"/>
          <line num="72" count="25" type="stmt"/>
          <line num="76" count="15" type="stmt"/>
          <line num="77" count="15" type="stmt"/>
          <line num="78" count="15" type="stmt"/>
          <line num="79" count="15" type="stmt"/>
          <line num="83" count="7" type="stmt"/>
          <line num="84" count="7" type="cond" truecount="2" falsecount="0"/>
          <line num="85" count="7" type="stmt"/>
          <line num="86" count="7" type="stmt"/>
          <line num="87" count="7" type="stmt"/>
          <line num="88" count="7" type="cond" truecount="2" falsecount="0"/>
          <line num="91" count="7" type="cond" truecount="2" falsecount="0"/>
          <line num="93" count="7" type="stmt"/>
          <line num="94" count="7" type="stmt"/>
          <line num="98" count="42" type="stmt"/>
          <line num="99" count="9" type="cond" truecount="2" falsecount="0"/>
          <line num="100" count="1" type="stmt"/>
          <line num="102" count="8" type="stmt"/>
          <line num="105" count="8" type="stmt"/>
          <line num="109" count="33" type="stmt"/>
          <line num="110" count="33" type="stmt"/>
          <line num="111" count="33" type="stmt"/>
          <line num="112" count="33" type="stmt"/>
          <line num="113" count="33" type="stmt"/>
          <line num="120" count="21" type="cond" truecount="2" falsecount="0"/>
          <line num="121" count="16" type="stmt"/>
          <line num="122" count="118" type="stmt"/>
          <line num="123" count="118" type="stmt"/>
          <line num="124" count="118" type="cond" truecount="1" falsecount="1"/>
          <line num="127" count="21" type="stmt"/>
          <line num="128" count="176" type="stmt"/>
          <line num="129" count="176" type="cond" truecount="2" falsecount="0"/>
          <line num="130" count="176" type="cond" truecount="5" falsecount="0"/>
          <line num="131" count="89" type="stmt"/>
          <line num="133" count="176" type="stmt"/>
          <line num="138" count="225" type="stmt"/>
          <line num="139" count="225" type="stmt"/>
          <line num="140" count="225" type="stmt"/>
          <line num="141" count="225" type="cond" truecount="2" falsecount="0"/>
          <line num="144" count="225" type="cond" truecount="2" falsecount="0"/>
          <line num="146" count="225" type="stmt"/>
          <line num="150" count="41" type="stmt"/>
          <line num="155" count="9" type="stmt"/>
          <line num="156" count="9" type="stmt"/>
          <line num="160" count="8" type="stmt"/>
          <line num="164" count="25" type="stmt"/>
          <line num="165" count="25" type="stmt"/>
          <line num="166" count="25" type="stmt"/>
          <line num="167" count="25" type="stmt"/>
          <line num="171" count="25" type="stmt"/>
          <line num="175" count="36" type="stmt"/>
          <line num="179" count="29" type="stmt"/>
        </file>
        <file name="not-model.ts" path="C:\Users\Orel Balilti\Documents\Projects\Sugoi\ORM\__tests__\models\not-model.ts">
          <metrics statements="1" coveredstatements="1" conditionals="0" coveredconditionals="0" methods="0" coveredmethods="0"/>
          <line num="2" count="1" type="stmt"/>
        </file>
        <file name="sub-dummy.ts" path="C:\Users\Orel Balilti\Documents\Projects\Sugoi\ORM\__tests__\models\sub-dummy.ts">
          <metrics statements="17" coveredstatements="17" conditionals="0" coveredconditionals="0" methods="4" coveredmethods="4"/>
          <line num="1" count="1" type="stmt"/>
          <line num="4" count="1" type="stmt"/>
          <line num="5" count="1" type="stmt"/>
          <line num="10" count="1" type="stmt"/>
          <line num="11" count="1" type="stmt"/>
          <line num="14" count="1" type="stmt"/>
          <line num="17" count="5" type="stmt"/>
          <line num="18" count="5" type="stmt"/>
          <line num="22" count="1" type="stmt"/>
          <line num="25" count="5" type="stmt"/>
          <line num="26" count="5" type="stmt"/>
          <line num="30" count="1" type="stmt"/>
          <line num="33" count="5" type="stmt"/>
          <line num="34" count="5" type="stmt"/>
          <line num="45" count="1" type="stmt"/>
          <line num="50" count="6" type="stmt"/>
          <line num="51" count="6" type="stmt"/>
        </file>
      </package>
      <package name="ORM.classes">
        <metrics statements="72" coveredstatements="70" conditionals="14" coveredconditionals="12" methods="41" coveredmethods="39"/>
        <file name="connection.class.ts" path="C:\Users\Orel Balilti\Documents\Projects\Sugoi\ORM\classes\connection.class.ts">
          <metrics statements="1" coveredstatements="1" conditionals="0" coveredconditionals="0" methods="0" coveredmethods="0"/>
          <line num="4" count="1" type="stmt"/>
        </file>
        <file name="query-options.class.ts" path="C:\Users\Orel Balilti\Documents\Projects\Sugoi\ORM\classes\query-options.class.ts">
          <metrics statements="13" coveredstatements="12" conditionals="2" coveredconditionals="2" methods="10" coveredmethods="9"/>
          <line num="3" count="1" type="stmt"/>
          <line num="9" count="24" type="stmt"/>
          <line num="15" count="1" type="stmt"/>
          <line num="16" count="1" type="stmt"/>
          <line num="20" count="15" type="stmt"/>
          <line num="24" count="1" type="stmt"/>
          <line num="25" count="1" type="stmt"/>
          <line num="29" count="15" type="stmt"/>
          <line num="33" count="5" type="stmt"/>
          <line num="34" count="5" type="stmt"/>
          <line num="43" count="1" type="stmt"/>
          <line num="48" count="15" type="cond" truecount="2" falsecount="0"/>
          <line num="56" count="0" type="stmt"/>
        </file>
        <file name="sort-item.class.ts" path="C:\Users\Orel Balilti\Documents\Projects\Sugoi\ORM\classes\sort-item.class.ts">
          <metrics statements="2" coveredstatements="2" conditionals="0" coveredconditionals="0" methods="1" coveredmethods="1"/>
          <line num="4" count="1" type="stmt"/>
          <line num="5" count="5" type="stmt"/>
        </file>
        <file name="storeable.class.ts" path="C:\Users\Orel Balilti\Documents\Projects\Sugoi\ORM\classes\storeable.class.ts">
          <metrics statements="56" coveredstatements="55" conditionals="12" coveredconditionals="10" methods="30" coveredmethods="29"/>
          <line num="1" count="1" type="stmt"/>
          <line num="7" count="1" type="stmt"/>
          <line num="9" count="1" type="stmt"/>
          <line num="11" count="1" type="stmt"/>
          <line num="13" count="1" type="stmt"/>
          <line num="14" count="100" type="stmt"/>
          <line num="17" count="100" type="stmt"/>
          <line num="18" count="100" type="stmt"/>
          <line num="22" count="204" type="stmt"/>
          <line num="26" count="618" type="stmt"/>
          <line num="27" count="618" type="cond" truecount="2" falsecount="0"/>
          <line num="28" count="223" type="stmt"/>
          <line num="29" count="223" type="stmt"/>
          <line num="30" count="223" type="stmt"/>
          <line num="34" count="3" type="stmt"/>
          <line num="38" count="10" type="stmt"/>
          <line num="42" count="146" type="stmt"/>
          <line num="46" count="84" type="stmt"/>
          <line num="50" count="3" type="stmt"/>
          <line num="54" count="286" type="stmt"/>
          <line num="58" count="0" type="stmt"/>
          <line num="62" count="2" type="stmt"/>
          <line num="66" count="2" type="stmt"/>
          <line num="67" count="2" type="stmt"/>
          <line num="71" count="2" type="stmt"/>
          <line num="72" count="3" type="stmt"/>
          <line num="77" count="1" type="stmt"/>
          <line num="78" count="1" type="stmt"/>
          <line num="79" count="1" type="stmt"/>
          <line num="83" count="140" type="stmt"/>
          <line num="88" count="135" type="stmt"/>
          <line num="89" count="135" type="stmt"/>
          <line num="90" count="406" type="stmt"/>
          <line num="95" count="1" type="stmt"/>
          <line num="96" count="1" type="stmt"/>
          <line num="97" count="3" type="cond" truecount="1" falsecount="1"/>
          <line num="98" count="3" type="stmt"/>
          <line num="103" count="8" type="stmt"/>
          <line num="104" count="8" type="stmt"/>
          <line num="106" count="4" type="stmt"/>
          <line num="108" count="8" type="stmt"/>
          <line num="112" count="12" type="cond" truecount="2" falsecount="0"/>
          <line num="119" count="1" type="stmt"/>
          <line num="123" count="11" type="cond" truecount="2" falsecount="0"/>
          <line num="127" count="3" type="stmt"/>
          <line num="131" count="3" type="stmt"/>
          <line num="132" count="3" type="stmt"/>
          <line num="133" count="3" type="stmt"/>
          <line num="134" count="4" type="cond" truecount="2" falsecount="0"/>
          <line num="135" count="3" type="stmt"/>
          <line num="136" count="3" type="stmt"/>
          <line num="138" count="1" type="stmt"/>
          <line num="141" count="3" type="cond" truecount="1" falsecount="1"/>
          <line num="142" count="3" type="stmt"/>
          <line num="143" count="3" type="stmt"/>
          <line num="144" count="3" type="stmt"/>
        </file>
      </package>
      <package name="ORM.constants">
        <metrics statements="8" coveredstatements="8" conditionals="4" coveredconditionals="4" methods="2" coveredmethods="2"/>
        <file name="connection-status.constant.ts" path="C:\Users\Orel Balilti\Documents\Projects\Sugoi\ORM\constants\connection-status.constant.ts">
          <metrics statements="3" coveredstatements="3" conditionals="2" coveredconditionals="2" methods="1" coveredmethods="1"/>
          <line num="1" count="1" type="cond" truecount="2" falsecount="0"/>
          <line num="2" count="1" type="stmt"/>
          <line num="3" count="1" type="stmt"/>
        </file>
        <file name="decorators-key.constant.ts" path="C:\Users\Orel Balilti\Documents\Projects\Sugoi\ORM\constants\decorators-key.constant.ts">
          <metrics statements="1" coveredstatements="1" conditionals="0" coveredconditionals="0" methods="0" coveredmethods="0"/>
          <line num="1" count="1" type="stmt"/>
        </file>
        <file name="exceptions.contant.ts" path="C:\Users\Orel Balilti\Documents\Projects\Sugoi\ORM\constants\exceptions.contant.ts">
          <metrics statements="1" coveredstatements="1" conditionals="0" coveredconditionals="0" methods="0" coveredmethods="0"/>
          <line num="3" count="1" type="stmt"/>
        </file>
        <file name="sort-options.enum.ts" path="C:\Users\Orel Balilti\Documents\Projects\Sugoi\ORM\constants\sort-options.enum.ts">
          <metrics statements="3" coveredstatements="3" conditionals="2" coveredconditionals="2" methods="1" coveredmethods="1"/>
          <line num="1" count="1" type="cond" truecount="2" falsecount="0"/>
          <line num="2" count="1" type="stmt"/>
          <line num="3" count="1" type="stmt"/>
        </file>
      </package>
      <package name="ORM.decorators">
        <metrics statements="94" coveredstatements="94" conditionals="57" coveredconditionals="49" methods="27" coveredmethods="27"/>
        <file name="connection-name.decorator.ts" path="C:\Users\Orel Balilti\Documents\Projects\Sugoi\ORM\decorators\connection-name.decorator.ts">
          <metrics statements="12" coveredstatements="12" conditionals="6" coveredconditionals="6" methods="3" coveredmethods="3"/>
          <line num="1" count="1" type="stmt"/>
          <line num="2" count="1" type="stmt"/>
          <line num="4" count="1" type="stmt"/>
          <line num="5" count="3" type="stmt"/>
          <line num="6" count="3" type="cond" truecount="2" falsecount="0"/>
          <line num="7" count="1" type="stmt"/>
          <line num="13" count="4" type="cond" truecount="2" falsecount="0"/>
          <line num="14" count="2" type="stmt"/>
          <line num="15" count="2" type="stmt"/>
          <line num="17" count="2" type="cond" truecount="2" falsecount="0"/>
          <line num="18" count="1" type="stmt"/>
          <line num="21" count="1" type="stmt"/>
        </file>
        <file name="ignore.decorator.ts" path="C:\Users\Orel Balilti\Documents\Projects\Sugoi\ORM\decorators\ignore.decorator.ts">
          <metrics statements="42" coveredstatements="42" conditionals="26" coveredconditionals="21" methods="12" coveredmethods="12"/>
          <line num="1" count="1" type="stmt"/>
          <line num="12" count="1" type="stmt"/>
          <line num="13" count="3" type="stmt"/>
          <line num="15" count="3" type="stmt"/>
          <line num="16" count="3" type="stmt"/>
          <line num="28" count="1" type="stmt"/>
          <line num="29" count="5" type="cond" truecount="1" falsecount="1"/>
          <line num="30" count="5" type="stmt"/>
          <line num="31" count="5" type="stmt"/>
          <line num="32" count="5" type="cond" truecount="3" falsecount="1"/>
          <line num="33" count="5" type="stmt"/>
          <line num="35" count="5" type="stmt"/>
          <line num="38" count="1" type="stmt"/>
          <line num="39" count="2" type="stmt"/>
          <line num="40" count="2" type="stmt"/>
          <line num="41" count="2" type="stmt"/>
          <line num="42" count="2" type="stmt"/>
          <line num="43" count="2" type="stmt"/>
          <line num="44" count="3" type="cond" truecount="4" falsecount="0"/>
          <line num="45" count="1" type="stmt"/>
          <line num="46" count="1" type="stmt"/>
          <line num="48" count="2" type="cond" truecount="3" falsecount="1"/>
          <line num="49" count="2" type="stmt"/>
          <line num="50" count="2" type="stmt"/>
          <line num="53" count="2" type="cond" truecount="2" falsecount="0"/>
          <line num="54" count="1" type="stmt"/>
          <line num="55" count="2" type="cond" truecount="1" falsecount="1"/>
          <line num="56" count="2" type="stmt"/>
          <line num="60" count="1" type="stmt"/>
          <line num="61" count="140" type="stmt"/>
          <line num="62" count="140" type="stmt"/>
          <line num="63" count="140" type="stmt"/>
          <line num="64" count="140" type="stmt"/>
          <line num="65" count="140" type="stmt"/>
          <line num="66" count="140" type="stmt"/>
          <line num="67" count="140" type="stmt"/>
          <line num="70" count="1" type="stmt"/>
          <line num="71" count="1" type="stmt"/>
          <line num="72" count="1" type="stmt"/>
          <line num="76" count="147" type="stmt"/>
          <line num="82" count="147" type="stmt"/>
          <line num="88" count="142" type="stmt"/>
        </file>
        <file name="mandatory.decorator.ts" path="C:\Users\Orel Balilti\Documents\Projects\Sugoi\ORM\decorators\mandatory.decorator.ts">
          <metrics statements="20" coveredstatements="20" conditionals="13" coveredconditionals="11" methods="6" coveredmethods="6"/>
          <line num="1" count="1" type="stmt"/>
          <line num="15" count="1" type="cond" truecount="1" falsecount="0"/>
          <line num="16" count="4" type="stmt"/>
          <line num="19" count="4" type="stmt"/>
          <line num="23" count="1" type="stmt"/>
          <line num="24" count="49" type="cond" truecount="4" falsecount="0"/>
          <line num="25" count="29" type="cond" truecount="1" falsecount="1"/>
          <line num="27" count="20" type="stmt"/>
          <line num="30" count="1" type="stmt"/>
          <line num="31" count="1" type="stmt"/>
          <line num="32" count="1" type="stmt"/>
          <line num="33" count="1" type="stmt"/>
          <line num="37" count="4" type="cond" truecount="2" falsecount="0"/>
          <line num="38" count="4" type="stmt"/>
          <line num="39" count="4" type="stmt"/>
          <line num="46" count="5" type="stmt"/>
          <line num="47" count="5" type="cond" truecount="1" falsecount="1"/>
          <line num="48" count="5" type="cond" truecount="2" falsecount="0"/>
          <line num="49" count="4" type="stmt"/>
          <line num="52" count="1" type="stmt"/>
        </file>
        <file name="model-name.decorator.ts" path="C:\Users\Orel Balilti\Documents\Projects\Sugoi\ORM\decorators\model-name.decorator.ts">
          <metrics statements="12" coveredstatements="12" conditionals="6" coveredconditionals="6" methods="3" coveredmethods="3"/>
          <line num="1" count="1" type="stmt"/>
          <line num="2" count="1" type="stmt"/>
          <line num="4" count="1" type="stmt"/>
          <line num="5" count="3" type="stmt"/>
          <line num="6" count="3" type="cond" truecount="2" falsecount="0"/>
          <line num="7" count="1" type="stmt"/>
          <line num="13" count="4" type="cond" truecount="2" falsecount="0"/>
          <line num="14" count="2" type="stmt"/>
          <line num="15" count="2" type="stmt"/>
          <line num="17" count="2" type="cond" truecount="2" falsecount="0"/>
          <line num="18" count="1" type="stmt"/>
          <line num="21" count="1" type="stmt"/>
        </file>
        <file name="primary.decorator.ts" path="C:\Users\Orel Balilti\Documents\Projects\Sugoi\ORM\decorators\primary.decorator.ts">
          <metrics statements="8" coveredstatements="8" conditionals="6" coveredconditionals="5" methods="3" coveredmethods="3"/>
          <line num="1" count="1" type="stmt"/>
          <line num="11" count="1" type="stmt"/>
          <line num="12" count="1" type="stmt"/>
          <line num="14" count="1" type="stmt"/>
          <line num="26" count="1" type="stmt"/>
          <line num="27" count="41" type="cond" truecount="4" falsecount="0"/>
          <line num="28" count="18" type="cond" truecount="1" falsecount="1"/>
          <line num="30" count="23" type="stmt"/>
        </file>
      </package>
      <package name="ORM.exceptions">
        <metrics statements="2" coveredstatements="2" conditionals="0" coveredconditionals="0" methods="0" coveredmethods="0"/>
        <file name="model.exception.ts" path="C:\Users\Orel Balilti\Documents\Projects\Sugoi\ORM\exceptions\model.exception.ts">
          <metrics statements="2" coveredstatements="2" conditionals="0" coveredconditionals="0" methods="0" coveredmethods="0"/>
          <line num="2" count="1" type="stmt"/>
          <line num="4" count="1" type="stmt"/>
        </file>
      </package>
      <package name="ORM.models">
        <metrics statements="161" coveredstatements="149" conditionals="121" coveredconditionals="83" methods="75" coveredmethods="71"/>
        <file name="connectable-model.abstract.ts" path="C:\Users\Orel Balilti\Documents\Projects\Sugoi\ORM\models\connectable-model.abstract.ts">
          <metrics statements="32" coveredstatements="26" conditionals="14" coveredconditionals="11" methods="9" coveredmethods="7"/>
          <line num="1" count="1" type="stmt"/>
          <line num="3" count="1" type="stmt"/>
          <line num="4" count="1" type="stmt"/>
          <line num="6" count="1" type="stmt"/>
          <line num="7" count="1" type="stmt"/>
          <line num="10" count="1" type="stmt"/>
          <line num="11" count="1" type="stmt"/>
          <line num="12" count="1" type="stmt"/>
          <line num="17" count="2" type="cond" truecount="1" falsecount="1"/>
          <line num="18" count="0" type="stmt"/>
          <line num="19" count="2" type="stmt"/>
          <line num="20" count="2" type="stmt"/>
          <line num="21" count="2" type="stmt"/>
          <line num="22" count="2" type="stmt"/>
          <line num="23" count="2" type="stmt"/>
          <line num="28" count="2" type="stmt"/>
          <line num="34" count="2" type="stmt"/>
          <line num="38" count="57" type="stmt"/>
          <line num="42" count="59" type="stmt"/>
          <line num="43" count="59" type="cond" truecount="2" falsecount="0"/>
          <line num="44" count="1" type="stmt"/>
          <line num="47" count="58" type="cond" truecount="2" falsecount="0"/>
          <line num="48" count="56" type="stmt"/>
          <line num="50" count="2" type="stmt"/>
          <line num="51" count="2" type="stmt"/>
          <line num="52" count="0" type="stmt"/>
          <line num="53" count="0" type="stmt"/>
          <line num="54" count="0" type="stmt"/>
          <line num="55" count="0" type="stmt"/>
          <line num="58" count="0" type="stmt"/>
          <line num="65" count="2" type="stmt"/>
          <line num="66" count="2" type="stmt"/>
        </file>
        <file name="model.abstract.ts" path="C:\Users\Orel Balilti\Documents\Projects\Sugoi\ORM\models\model.abstract.ts">
          <metrics statements="129" coveredstatements="123" conditionals="107" coveredconditionals="72" methods="66" coveredmethods="64"/>
          <line num="1" count="1" type="stmt"/>
          <line num="3" count="1" type="stmt"/>
          <line num="5" count="1" type="stmt"/>
          <line num="6" count="1" type="stmt"/>
          <line num="7" count="1" type="stmt"/>
          <line num="8" count="1" type="stmt"/>
          <line num="9" count="1" type="stmt"/>
          <line num="11" count="1" type="stmt"/>
          <line num="14" count="1" type="stmt"/>
          <line num="18" count="100" type="stmt"/>
          <line num="22" count="2" type="stmt"/>
          <line num="26" count="4" type="stmt"/>
          <line num="30" count="2" type="stmt"/>
          <line num="34" count="2" type="cond" truecount="1" falsecount="1"/>
          <line num="38" count="16" type="stmt"/>
          <line num="42" count="13" type="stmt"/>
          <line num="43" count="13" type="stmt"/>
          <line num="44" count="12" type="cond" truecount="1" falsecount="1"/>
          <line num="48" count="1" type="stmt"/>
          <line num="49" count="1" type="cond" truecount="1" falsecount="1"/>
          <line num="53" count="9" type="stmt"/>
          <line num="57" count="16" type="stmt"/>
          <line num="63" count="15" type="stmt"/>
          <line num="69" count="16" type="stmt"/>
          <line num="70" count="15" type="stmt"/>
          <line num="72" count="15" type="cond" truecount="1" falsecount="1"/>
          <line num="73" count="15" type="stmt"/>
          <line num="74" count="33" type="stmt"/>
          <line num="76" count="15" type="stmt"/>
          <line num="78" count="15" type="cond" truecount="2" falsecount="0"/>
          <line num="82" count="0" type="stmt"/>
          <line num="86" count="31" type="stmt"/>
          <line num="88" count="31" type="stmt"/>
          <line num="91" count="31" type="cond" truecount="2" falsecount="0"/>
          <line num="92" count="6" type="stmt"/>
          <line num="94" count="25" type="stmt"/>
          <line num="95" count="25" type="stmt"/>
          <line num="96" count="25" type="stmt"/>
          <line num="98" count="25" type="cond" truecount="1" falsecount="1"/>
          <line num="99" count="25" type="stmt"/>
          <line num="101" count="0" type="stmt"/>
          <line num="103" count="25" type="stmt"/>
          <line num="104" count="25" type="stmt"/>
          <line num="105" count="25" type="stmt"/>
          <line num="108" count="25" type="cond" truecount="2" falsecount="0"/>
          <line num="115" count="41" type="stmt"/>
          <line num="121" count="41" type="stmt"/>
          <line num="125" count="25" type="stmt"/>
          <line num="131" count="25" type="stmt"/>
          <line num="137" count="10" type="stmt"/>
          <line num="139" count="10" type="stmt"/>
          <line num="142" count="10" type="cond" truecount="2" falsecount="0"/>
          <line num="143" count="1" type="stmt"/>
          <line num="145" count="9" type="stmt"/>
          <line num="146" count="9" type="stmt"/>
          <line num="147" count="9" type="stmt"/>
          <line num="149" count="8" type="cond" truecount="1" falsecount="1"/>
          <line num="150" count="8" type="stmt"/>
          <line num="152" count="0" type="stmt"/>
          <line num="153" count="8" type="stmt"/>
          <line num="154" count="8" type="stmt"/>
          <line num="155" count="8" type="stmt"/>
          <line num="158" count="8" type="cond" truecount="2" falsecount="0"/>
          <line num="163" count="3" type="stmt"/>
          <line num="164" count="3" type="stmt"/>
          <line num="165" count="3" type="stmt"/>
          <line num="171" count="9" type="stmt"/>
          <line num="177" count="8" type="stmt"/>
          <line num="183" count="2" type="stmt"/>
          <line num="187" count="2" type="stmt"/>
          <line num="191" count="5" type="stmt"/>
          <line num="192" count="5" type="stmt"/>
          <line num="196" count="1" type="stmt"/>
          <line num="200" count="8" type="stmt"/>
          <line num="201" count="7" type="stmt"/>
          <line num="202" count="7" type="cond" truecount="2" falsecount="0"/>
          <line num="206" count="0" type="stmt"/>
          <line num="210" count="8" type="stmt"/>
          <line num="216" count="7" type="stmt"/>
          <line num="227" count="3" type="stmt"/>
          <line num="228" count="3" type="cond" truecount="1" falsecount="1"/>
          <line num="229" count="0" type="stmt"/>
          <line num="230" count="3" type="stmt"/>
          <line num="243" count="71" type="cond" truecount="2" falsecount="0"/>
          <line num="244" count="2" type="stmt"/>
          <line num="245" count="2" type="stmt"/>
          <line num="247" count="71" type="stmt"/>
          <line num="248" count="71" type="stmt"/>
          <line num="249" count="71" type="stmt"/>
          <line num="260" count="11" type="cond" truecount="1" falsecount="1"/>
          <line num="261" count="11" type="stmt"/>
          <line num="262" count="11" type="stmt"/>
          <line num="263" count="11" type="stmt"/>
          <line num="264" count="11" type="cond" truecount="1" falsecount="1"/>
          <line num="265" count="11" type="stmt"/>
          <line num="267" count="11" type="stmt"/>
          <line num="279" count="7" type="stmt"/>
          <line num="280" count="7" type="cond" truecount="4" falsecount="0"/>
          <line num="281" count="7" type="cond" truecount="1" falsecount="1"/>
          <line num="282" count="0" type="stmt"/>
          <line num="284" count="7" type="stmt"/>
          <line num="292" count="2" type="stmt"/>
          <line num="293" count="2" type="cond" truecount="1" falsecount="1"/>
          <line num="297" count="41" type="stmt"/>
          <line num="300" count="41" type="cond" truecount="2" falsecount="0"/>
          <line num="301" count="5" type="stmt"/>
          <line num="303" count="36" type="stmt"/>
          <line num="304" count="36" type="cond" truecount="2" falsecount="2"/>
          <line num="309" count="37" type="stmt"/>
          <line num="310" count="37" type="stmt"/>
          <line num="311" count="37" type="cond" truecount="2" falsecount="0"/>
          <line num="312" count="28" type="stmt"/>
          <line num="313" count="28" type="stmt"/>
          <line num="315" count="9" type="stmt"/>
          <line num="316" count="30" type="stmt"/>
          <line num="317" count="30" type="stmt"/>
          <line num="318" count="30" type="cond" truecount="2" falsecount="0"/>
          <line num="319" count="6" type="stmt"/>
          <line num="320" count="6" type="stmt"/>
          <line num="321" count="6" type="stmt"/>
          <line num="322" count="6" type="stmt"/>
          <line num="324" count="24" type="cond" truecount="2" falsecount="0"/>
          <line num="325" count="7" type="stmt"/>
          <line num="326" count="7" type="cond" truecount="2" falsecount="0"/>
          <line num="329" count="17" type="stmt"/>
          <line num="330" count="17" type="cond" truecount="2" falsecount="0"/>
          <line num="332" count="30" type="stmt"/>
          <line num="334" count="9" type="stmt"/>
          <line num="338" count="1" type="stmt"/>
        </file>
      </package>
      <package name="ORM.utils">
        <metrics statements="15" coveredstatements="12" conditionals="0" coveredconditionals="0" methods="2" coveredmethods="2"/>
        <file name="index.ts" path="C:\Users\Orel Balilti\Documents\Projects\Sugoi\ORM\utils\index.ts">
          <metrics statements="1" coveredstatements="1" conditionals="0" coveredconditionals="0" methods="0" coveredmethods="0"/>
          <line num="1" count="1" type="stmt"/>
        </file>
        <file name="object.utils.ts" path="C:\Users\Orel Balilti\Documents\Projects\Sugoi\ORM\utils\object.utils.ts">
          <metrics statements="14" coveredstatements="11" conditionals="0" coveredconditionals="0" methods="2" coveredmethods="2"/>
          <line num="1" count="1" type="stmt"/>
          <line num="2" count="73" type="stmt"/>
          <line num="3" count="73" type="stmt"/>
          <line num="4" count="73" type="stmt"/>
          <line num="5" count="73" type="stmt"/>
          <line num="7" count="73" type="stmt"/>
          <line num="8" count="73" type="stmt"/>
          <line num="9" count="73" type="stmt"/>
          <line num="10" count="0" type="stmt"/>
          <line num="12" count="73" type="stmt"/>
          <line num="16" count="0" type="stmt"/>
          <line num="17" count="0" type="stmt"/>
          <line num="19" count="73" type="stmt"/>
          <line num="20" count="73" type="stmt"/>
        </file>
      </package>
    </metrics>
  </project>
</coverage>
