<?xml version="1.0" encoding="UTF-8"?>
<coverage generated="1538847154460" clover="3.2.0">
  <project timestamp="1538847154460" name="All files">
    <metrics statements="367" coveredstatements="347" conditionals="231" coveredconditionals="177" methods="145" coveredmethods="138" elements="743" coveredelements="662" complexity="0" loc="367" ncloc="367" packages="9" files="19" classes="19">
      <package name="dist">
        <metrics statements="28" coveredstatements="28" conditionals="2" coveredconditionals="1" methods="1" coveredmethods="1"/>
        <file name="index.js" path="C:\Users\Orel Balilti\Documents\Projects\Sugoi\ORM\dist\index.js">
          <metrics statements="28" coveredstatements="28" conditionals="2" coveredconditionals="1" methods="1" coveredmethods="1"/>
          <line num="3" count="1" type="cond" truecount="1" falsecount="1"/>
          <line num="5" count="1" type="stmt"/>
          <line num="6" count="1" type="stmt"/>
          <line num="7" count="1" type="stmt"/>
          <line num="8" count="1" type="stmt"/>
          <line num="9" count="1" type="stmt"/>
          <line num="10" count="1" type="stmt"/>
          <line num="11" count="1" type="stmt"/>
          <line num="12" count="1" type="stmt"/>
          <line num="13" count="1" type="stmt"/>
          <line num="14" count="1" type="stmt"/>
          <line num="15" count="1" type="stmt"/>
          <line num="16" count="1" type="stmt"/>
          <line num="17" count="1" type="stmt"/>
          <line num="18" count="1" type="stmt"/>
          <line num="19" count="1" type="stmt"/>
          <line num="20" count="1" type="stmt"/>
          <line num="21" count="1" type="stmt"/>
          <line num="22" count="1" type="stmt"/>
          <line num="23" count="1" type="stmt"/>
          <line num="24" count="1" type="stmt"/>
          <line num="25" count="1" type="stmt"/>
          <line num="26" count="1" type="stmt"/>
          <line num="27" count="1" type="stmt"/>
          <line num="28" count="1" type="stmt"/>
          <line num="29" count="1" type="stmt"/>
          <line num="30" count="1" type="stmt"/>
          <line num="31" count="1" type="stmt"/>
        </file>
      </package>
      <package name="dist.__tests__.classes">
        <metrics statements="21" coveredstatements="21" conditionals="12" coveredconditionals="12" methods="6" coveredmethods="6"/>
        <file name="dummy-connection.class.js" path="C:\Users\Orel Balilti\Documents\Projects\Sugoi\ORM\dist\__tests__\classes\dummy-connection.class.js">
          <metrics statements="21" coveredstatements="21" conditionals="12" coveredconditionals="12" methods="6" coveredmethods="6"/>
          <line num="2" count="1" type="stmt"/>
          <line num="3" count="1" type="stmt"/>
          <line num="6" count="2" type="cond" truecount="2" falsecount="0"/>
          <line num="7" count="1" type="stmt"/>
          <line num="9" count="1" type="stmt"/>
          <line num="10" count="1" type="stmt"/>
          <line num="12" count="1" type="stmt"/>
          <line num="13" count="1" type="stmt"/>
          <line num="16" count="1" type="stmt"/>
          <line num="17" count="1" type="stmt"/>
          <line num="19" count="1" type="stmt"/>
          <line num="20" count="1" type="stmt"/>
          <line num="24" count="38" type="stmt"/>
          <line num="27" count="2" type="stmt"/>
          <line num="28" count="2" type="cond" truecount="4" falsecount="0"/>
          <line num="29" count="1" type="stmt"/>
          <line num="30" count="2" type="cond" truecount="4" falsecount="0"/>
          <line num="31" count="2" type="cond" truecount="2" falsecount="0"/>
          <line num="32" count="1" type="stmt"/>
          <line num="33" count="2" type="stmt"/>
          <line num="36" count="1" type="stmt"/>
        </file>
      </package>
      <package name="dist.__tests__.models">
        <metrics statements="84" coveredstatements="83" conditionals="66" coveredconditionals="52" methods="28" coveredmethods="28"/>
        <file name="dummy.js" path="C:\Users\Orel Balilti\Documents\Projects\Sugoi\ORM\dist\__tests__\models\dummy.js">
          <metrics statements="82" coveredstatements="81" conditionals="66" coveredconditionals="52" methods="28" coveredmethods="28"/>
          <line num="2" count="1" type="cond" truecount="3" falsecount="0"/>
          <line num="3" count="2" type="cond" truecount="3" falsecount="1"/>
          <line num="4" count="2" type="cond" truecount="3" falsecount="1"/>
          <line num="5" count="0" type="cond" truecount="0" falsecount="8"/>
          <line num="6" count="2" type="cond" truecount="2" falsecount="1"/>
          <line num="8" count="1" type="cond" truecount="3" falsecount="0"/>
          <line num="9" count="2" type="cond" truecount="3" falsecount="1"/>
          <line num="11" count="1" type="stmt"/>
          <line num="13" count="1" type="stmt"/>
          <line num="14" count="1" type="stmt"/>
          <line num="15" count="1" type="stmt"/>
          <line num="16" count="1" type="stmt"/>
          <line num="17" count="1" type="stmt"/>
          <line num="19" count="64" type="stmt"/>
          <line num="20" count="64" type="stmt"/>
          <line num="23" count="11" type="cond" truecount="2" falsecount="0"/>
          <line num="24" count="1" type="stmt"/>
          <line num="25" count="10" type="stmt"/>
          <line num="28" count="28" type="stmt"/>
          <line num="31" count="8" type="cond" truecount="2" falsecount="0"/>
          <line num="32" count="1" type="stmt"/>
          <line num="33" count="7" type="stmt"/>
          <line num="36" count="7" type="stmt"/>
          <line num="39" count="14" type="stmt"/>
          <line num="42" count="10" type="stmt"/>
          <line num="43" count="10" type="stmt"/>
          <line num="44" count="10" type="stmt"/>
          <line num="45" count="10" type="stmt"/>
          <line num="48" count="7" type="stmt"/>
          <line num="49" count="7" type="cond" truecount="2" falsecount="0"/>
          <line num="50" count="7" type="stmt"/>
          <line num="51" count="7" type="stmt"/>
          <line num="52" count="7" type="stmt"/>
          <line num="53" count="7" type="cond" truecount="4" falsecount="0"/>
          <line num="56" count="7" type="cond" truecount="2" falsecount="0"/>
          <line num="58" count="7" type="stmt"/>
          <line num="59" count="7" type="stmt"/>
          <line num="62" count="21" type="stmt"/>
          <line num="63" count="4" type="cond" truecount="2" falsecount="0"/>
          <line num="64" count="1" type="stmt"/>
          <line num="66" count="3" type="stmt"/>
          <line num="68" count="3" type="stmt"/>
          <line num="71" count="17" type="stmt"/>
          <line num="72" count="17" type="stmt"/>
          <line num="73" count="17" type="stmt"/>
          <line num="74" count="17" type="stmt"/>
          <line num="75" count="17" type="stmt"/>
          <line num="80" count="16" type="cond" truecount="2" falsecount="0"/>
          <line num="81" count="11" type="stmt"/>
          <line num="82" count="106" type="stmt"/>
          <line num="83" count="106" type="stmt"/>
          <line num="84" count="106" type="cond" truecount="1" falsecount="1"/>
          <line num="87" count="16" type="stmt"/>
          <line num="88" count="159" type="stmt"/>
          <line num="89" count="159" type="cond" truecount="2" falsecount="0"/>
          <line num="90" count="159" type="cond" truecount="5" falsecount="0"/>
          <line num="91" count="84" type="stmt"/>
          <line num="93" count="159" type="stmt"/>
          <line num="97" count="187" type="stmt"/>
          <line num="98" count="187" type="stmt"/>
          <line num="99" count="187" type="stmt"/>
          <line num="100" count="187" type="cond" truecount="3" falsecount="1"/>
          <line num="103" count="187" type="cond" truecount="2" falsecount="0"/>
          <line num="104" count="102" type="stmt"/>
          <line num="106" count="187" type="stmt"/>
          <line num="109" count="20" type="cond" truecount="2" falsecount="0"/>
          <line num="112" count="4" type="stmt"/>
          <line num="113" count="4" type="stmt"/>
          <line num="114" count="4" type="stmt"/>
          <line num="117" count="3" type="stmt"/>
          <line num="120" count="14" type="stmt"/>
          <line num="121" count="14" type="stmt"/>
          <line num="122" count="14" type="stmt"/>
          <line num="123" count="14" type="stmt"/>
          <line num="124" count="14" type="stmt"/>
          <line num="127" count="14" type="stmt"/>
          <line num="130" count="20" type="stmt"/>
          <line num="133" count="14" type="stmt"/>
          <line num="136" count="1" type="stmt"/>
          <line num="137" count="1" type="stmt"/>
          <line num="141" count="1" type="stmt"/>
          <line num="146" count="1" type="stmt"/>
        </file>
        <file name="not-model.js" path="C:\Users\Orel Balilti\Documents\Projects\Sugoi\ORM\dist\__tests__\models\not-model.js">
          <metrics statements="2" coveredstatements="2" conditionals="0" coveredconditionals="0" methods="0" coveredmethods="0"/>
          <line num="2" count="1" type="stmt"/>
          <line num="5" count="1" type="stmt"/>
        </file>
      </package>
      <package name="dist.classes">
        <metrics statements="20" coveredstatements="18" conditionals="2" coveredconditionals="2" methods="11" coveredmethods="9"/>
        <file name="connection.class.js" path="C:\Users\Orel Balilti\Documents\Projects\Sugoi\ORM\dist\classes\connection.class.js">
          <metrics statements="2" coveredstatements="2" conditionals="0" coveredconditionals="0" methods="0" coveredmethods="0"/>
          <line num="2" count="1" type="stmt"/>
          <line num="5" count="1" type="stmt"/>
        </file>
        <file name="query-options.class.js" path="C:\Users\Orel Balilti\Documents\Projects\Sugoi\ORM\dist\classes\query-options.class.js">
          <metrics statements="14" coveredstatements="12" conditionals="2" coveredconditionals="2" methods="10" coveredmethods="8"/>
          <line num="2" count="1" type="stmt"/>
          <line num="5" count="19" type="stmt"/>
          <line num="9" count="1" type="stmt"/>
          <line num="10" count="1" type="stmt"/>
          <line num="13" count="10" type="stmt"/>
          <line num="16" count="1" type="stmt"/>
          <line num="17" count="1" type="stmt"/>
          <line num="20" count="10" type="stmt"/>
          <line num="23" count="5" type="stmt"/>
          <line num="24" count="5" type="stmt"/>
          <line num="32" count="0" type="stmt"/>
          <line num="35" count="10" type="cond" truecount="2" falsecount="0"/>
          <line num="42" count="0" type="stmt"/>
          <line num="45" count="1" type="stmt"/>
        </file>
        <file name="sort-item.class.js" path="C:\Users\Orel Balilti\Documents\Projects\Sugoi\ORM\dist\classes\sort-item.class.js">
          <metrics statements="4" coveredstatements="4" conditionals="0" coveredconditionals="0" methods="1" coveredmethods="1"/>
          <line num="2" count="1" type="stmt"/>
          <line num="5" count="5" type="stmt"/>
          <line num="6" count="5" type="stmt"/>
          <line num="9" count="1" type="stmt"/>
        </file>
      </package>
      <package name="dist.constants">
        <metrics statements="13" coveredstatements="13" conditionals="6" coveredconditionals="6" methods="3" coveredmethods="3"/>
        <file name="connection-status.constant.js" path="C:\Users\Orel Balilti\Documents\Projects\Sugoi\ORM\dist\constants\connection-status.constant.js">
          <metrics statements="4" coveredstatements="4" conditionals="2" coveredconditionals="2" methods="1" coveredmethods="1"/>
          <line num="2" count="1" type="stmt"/>
          <line num="4" count="1" type="stmt"/>
          <line num="5" count="1" type="stmt"/>
          <line num="6" count="1" type="stmt"/>
        </file>
        <file name="decorators-key.constant.js" path="C:\Users\Orel Balilti\Documents\Projects\Sugoi\ORM\dist\constants\decorators-key.constant.js">
          <metrics statements="3" coveredstatements="3" conditionals="2" coveredconditionals="2" methods="1" coveredmethods="1"/>
          <line num="2" count="1" type="stmt"/>
          <line num="4" count="1" type="stmt"/>
          <line num="5" count="1" type="stmt"/>
        </file>
        <file name="exceptions.contant.js" path="C:\Users\Orel Balilti\Documents\Projects\Sugoi\ORM\dist\constants\exceptions.contant.js">
          <metrics statements="2" coveredstatements="2" conditionals="0" coveredconditionals="0" methods="0" coveredmethods="0"/>
          <line num="2" count="1" type="stmt"/>
          <line num="3" count="1" type="stmt"/>
        </file>
        <file name="sort-options.enum.js" path="C:\Users\Orel Balilti\Documents\Projects\Sugoi\ORM\dist\constants\sort-options.enum.js">
          <metrics statements="4" coveredstatements="4" conditionals="2" coveredconditionals="2" methods="1" coveredmethods="1"/>
          <line num="2" count="1" type="stmt"/>
          <line num="4" count="1" type="stmt"/>
          <line num="5" count="1" type="stmt"/>
          <line num="6" count="1" type="stmt"/>
        </file>
      </package>
      <package name="dist.decorators">
        <metrics statements="35" coveredstatements="35" conditionals="18" coveredconditionals="17" methods="9" coveredmethods="9"/>
        <file name="connection-name.decorator.js" path="C:\Users\Orel Balilti\Documents\Projects\Sugoi\ORM\dist\decorators\connection-name.decorator.js">
          <metrics statements="13" coveredstatements="13" conditionals="6" coveredconditionals="6" methods="3" coveredmethods="3"/>
          <line num="2" count="1" type="stmt"/>
          <line num="3" count="1" type="stmt"/>
          <line num="4" count="1" type="stmt"/>
          <line num="6" count="2" type="stmt"/>
          <line num="7" count="2" type="cond" truecount="2" falsecount="0"/>
          <line num="8" count="1" type="stmt"/>
          <line num="12" count="1" type="stmt"/>
          <line num="14" count="3" type="cond" truecount="2" falsecount="0"/>
          <line num="15" count="1" type="stmt"/>
          <line num="16" count="1" type="stmt"/>
          <line num="18" count="2" type="cond" truecount="2" falsecount="0"/>
          <line num="19" count="1" type="stmt"/>
          <line num="22" count="1" type="stmt"/>
        </file>
        <file name="model-name.decorator.js" path="C:\Users\Orel Balilti\Documents\Projects\Sugoi\ORM\dist\decorators\model-name.decorator.js">
          <metrics statements="13" coveredstatements="13" conditionals="6" coveredconditionals="6" methods="3" coveredmethods="3"/>
          <line num="2" count="1" type="stmt"/>
          <line num="3" count="1" type="stmt"/>
          <line num="4" count="1" type="stmt"/>
          <line num="6" count="2" type="stmt"/>
          <line num="7" count="2" type="cond" truecount="2" falsecount="0"/>
          <line num="8" count="1" type="stmt"/>
          <line num="12" count="1" type="stmt"/>
          <line num="14" count="3" type="cond" truecount="2" falsecount="0"/>
          <line num="15" count="1" type="stmt"/>
          <line num="16" count="1" type="stmt"/>
          <line num="18" count="2" type="cond" truecount="2" falsecount="0"/>
          <line num="19" count="1" type="stmt"/>
          <line num="22" count="1" type="stmt"/>
        </file>
        <file name="primary.decorator.js" path="C:\Users\Orel Balilti\Documents\Projects\Sugoi\ORM\dist\decorators\primary.decorator.js">
          <metrics statements="9" coveredstatements="9" conditionals="6" coveredconditionals="5" methods="3" coveredmethods="3"/>
          <line num="2" count="1" type="stmt"/>
          <line num="3" count="1" type="stmt"/>
          <line num="12" count="1" type="stmt"/>
          <line num="13" count="1" type="stmt"/>
          <line num="16" count="1" type="stmt"/>
          <line num="25" count="31" type="cond" truecount="4" falsecount="0"/>
          <line num="26" count="13" type="cond" truecount="1" falsecount="1"/>
          <line num="28" count="18" type="stmt"/>
          <line num="30" count="1" type="stmt"/>
        </file>
      </package>
      <package name="dist.exceptions">
        <metrics statements="3" coveredstatements="3" conditionals="0" coveredconditionals="0" methods="0" coveredmethods="0"/>
        <file name="model.exception.js" path="C:\Users\Orel Balilti\Documents\Projects\Sugoi\ORM\dist\exceptions\model.exception.js">
          <metrics statements="3" coveredstatements="3" conditionals="0" coveredconditionals="0" methods="0" coveredmethods="0"/>
          <line num="2" count="1" type="stmt"/>
          <line num="3" count="1" type="stmt"/>
          <line num="6" count="1" type="stmt"/>
        </file>
      </package>
      <package name="dist.models">
        <metrics statements="145" coveredstatements="131" conditionals="125" coveredconditionals="87" methods="85" coveredmethods="80"/>
        <file name="connectable-model.abstract.js" path="C:\Users\Orel Balilti\Documents\Projects\Sugoi\ORM\dist\models\connectable-model.abstract.js">
          <metrics statements="40" coveredstatements="33" conditionals="23" coveredconditionals="20" methods="16" coveredmethods="13"/>
          <line num="2" count="1" type="cond" truecount="3" falsecount="0"/>
          <line num="3" count="38" type="cond" truecount="2" falsecount="0"/>
          <line num="4" count="37" type="stmt"/>
          <line num="5" count="0" type="stmt"/>
          <line num="6" count="74" type="cond" truecount="2" falsecount="0"/>
          <line num="7" count="38" type="cond" truecount="2" falsecount="0"/>
          <line num="10" count="1" type="stmt"/>
          <line num="11" count="1" type="stmt"/>
          <line num="12" count="1" type="stmt"/>
          <line num="13" count="1" type="stmt"/>
          <line num="14" count="1" type="stmt"/>
          <line num="15" count="1" type="stmt"/>
          <line num="18" count="2" type="cond" truecount="1" falsecount="1"/>
          <line num="19" count="0" type="stmt"/>
          <line num="20" count="2" type="stmt"/>
          <line num="21" count="2" type="stmt"/>
          <line num="22" count="2" type="stmt"/>
          <line num="23" count="2" type="stmt"/>
          <line num="24" count="2" type="stmt"/>
          <line num="27" count="2" type="cond" truecount="2" falsecount="0"/>
          <line num="32" count="1" type="stmt"/>
          <line num="35" count="36" type="stmt"/>
          <line num="38" count="38" type="stmt"/>
          <line num="39" count="38" type="stmt"/>
          <line num="40" count="38" type="cond" truecount="2" falsecount="0"/>
          <line num="41" count="1" type="stmt"/>
          <line num="43" count="37" type="cond" truecount="2" falsecount="0"/>
          <line num="44" count="35" type="stmt"/>
          <line num="47" count="2" type="stmt"/>
          <line num="48" count="2" type="stmt"/>
          <line num="49" count="0" type="stmt"/>
          <line num="50" count="0" type="stmt"/>
          <line num="51" count="0" type="stmt"/>
          <line num="52" count="0" type="stmt"/>
          <line num="56" count="0" type="stmt"/>
          <line num="62" count="2" type="stmt"/>
          <line num="63" count="2" type="cond" truecount="2" falsecount="0"/>
          <line num="68" count="1" type="stmt"/>
          <line num="69" count="1" type="stmt"/>
          <line num="70" count="1" type="stmt"/>
        </file>
        <file name="model.abstract.js" path="C:\Users\Orel Balilti\Documents\Projects\Sugoi\ORM\dist\models\model.abstract.js">
          <metrics statements="105" coveredstatements="98" conditionals="102" coveredconditionals="67" methods="69" coveredmethods="67"/>
          <line num="2" count="1" type="cond" truecount="3" falsecount="0"/>
          <line num="3" count="23" type="cond" truecount="2" falsecount="0"/>
          <line num="4" count="17" type="stmt"/>
          <line num="5" count="3" type="stmt"/>
          <line num="6" count="40" type="cond" truecount="2" falsecount="0"/>
          <line num="7" count="23" type="cond" truecount="2" falsecount="0"/>
          <line num="10" count="1" type="stmt"/>
          <line num="11" count="1" type="stmt"/>
          <line num="12" count="1" type="stmt"/>
          <line num="13" count="1" type="stmt"/>
          <line num="14" count="1" type="stmt"/>
          <line num="19" count="2" type="stmt"/>
          <line num="22" count="3" type="stmt"/>
          <line num="25" count="2" type="stmt"/>
          <line num="28" count="2" type="cond" truecount="1" falsecount="1"/>
          <line num="31" count="11" type="stmt"/>
          <line num="34" count="8" type="stmt"/>
          <line num="35" count="8" type="stmt"/>
          <line num="36" count="7" type="cond" truecount="1" falsecount="1"/>
          <line num="39" count="1" type="stmt"/>
          <line num="40" count="1" type="cond" truecount="1" falsecount="1"/>
          <line num="43" count="4" type="stmt"/>
          <line num="46" count="11" type="cond" truecount="1" falsecount="1"/>
          <line num="52" count="10" type="cond" truecount="1" falsecount="1"/>
          <line num="58" count="11" type="stmt"/>
          <line num="59" count="10" type="stmt"/>
          <line num="61" count="10" type="cond" truecount="1" falsecount="1"/>
          <line num="62" count="0" type="stmt"/>
          <line num="63" count="10" type="stmt"/>
          <line num="64" count="28" type="stmt"/>
          <line num="66" count="10" type="stmt"/>
          <line num="68" count="10" type="cond" truecount="2" falsecount="0"/>
          <line num="71" count="0" type="stmt"/>
          <line num="75" count="15" type="stmt"/>
          <line num="76" count="15" type="stmt"/>
          <line num="78" count="15" type="stmt"/>
          <line num="81" count="15" type="cond" truecount="2" falsecount="0"/>
          <line num="82" count="1" type="stmt"/>
          <line num="84" count="14" type="stmt"/>
          <line num="85" count="14" type="stmt"/>
          <line num="87" count="14" type="cond" truecount="1" falsecount="1"/>
          <line num="88" count="14" type="stmt"/>
          <line num="90" count="0" type="stmt"/>
          <line num="91" count="14" type="stmt"/>
          <line num="92" count="14" type="stmt"/>
          <line num="95" count="14" type="cond" truecount="2" falsecount="0"/>
          <line num="100" count="20" type="cond" truecount="1" falsecount="1"/>
          <line num="105" count="20" type="cond" truecount="1" falsecount="1"/>
          <line num="106" count="20" type="cond" truecount="1" falsecount="1"/>
          <line num="111" count="14" type="cond" truecount="1" falsecount="1"/>
          <line num="117" count="14" type="cond" truecount="1" falsecount="1"/>
          <line num="123" count="5" type="stmt"/>
          <line num="124" count="5" type="stmt"/>
          <line num="125" count="5" type="stmt"/>
          <line num="127" count="5" type="stmt"/>
          <line num="130" count="5" type="cond" truecount="2" falsecount="0"/>
          <line num="131" count="1" type="stmt"/>
          <line num="133" count="4" type="stmt"/>
          <line num="134" count="4" type="stmt"/>
          <line num="136" count="3" type="cond" truecount="1" falsecount="1"/>
          <line num="137" count="3" type="stmt"/>
          <line num="139" count="0" type="stmt"/>
          <line num="140" count="3" type="stmt"/>
          <line num="141" count="3" type="stmt"/>
          <line num="144" count="3" type="cond" truecount="2" falsecount="0"/>
          <line num="149" count="3" type="stmt"/>
          <line num="150" count="3" type="stmt"/>
          <line num="151" count="3" type="stmt"/>
          <line num="152" count="3" type="stmt"/>
          <line num="156" count="4" type="cond" truecount="1" falsecount="1"/>
          <line num="162" count="3" type="cond" truecount="1" falsecount="1"/>
          <line num="168" count="2" type="stmt"/>
          <line num="171" count="2" type="stmt"/>
          <line num="174" count="5" type="stmt"/>
          <line num="175" count="5" type="stmt"/>
          <line num="178" count="1" type="stmt"/>
          <line num="181" count="8" type="stmt"/>
          <line num="182" count="7" type="stmt"/>
          <line num="183" count="7" type="cond" truecount="2" falsecount="0"/>
          <line num="186" count="0" type="stmt"/>
          <line num="190" count="8" type="cond" truecount="1" falsecount="1"/>
          <line num="196" count="7" type="cond" truecount="1" falsecount="1"/>
          <line num="207" count="3" type="stmt"/>
          <line num="208" count="3" type="cond" truecount="1" falsecount="1"/>
          <line num="209" count="0" type="stmt"/>
          <line num="210" count="3" type="stmt"/>
          <line num="219" count="50" type="cond" truecount="2" falsecount="0"/>
          <line num="220" count="2" type="stmt"/>
          <line num="221" count="2" type="stmt"/>
          <line num="223" count="50" type="stmt"/>
          <line num="232" count="6" type="cond" truecount="1" falsecount="1"/>
          <line num="233" count="6" type="stmt"/>
          <line num="234" count="6" type="stmt"/>
          <line num="235" count="6" type="stmt"/>
          <line num="236" count="6" type="cond" truecount="1" falsecount="1"/>
          <line num="237" count="6" type="stmt"/>
          <line num="239" count="6" type="stmt"/>
          <line num="250" count="7" type="stmt"/>
          <line num="251" count="7" type="cond" truecount="4" falsecount="0"/>
          <line num="252" count="7" type="cond" truecount="1" falsecount="1"/>
          <line num="253" count="0" type="stmt"/>
          <line num="255" count="7" type="stmt"/>
          <line num="262" count="2" type="stmt"/>
          <line num="263" count="2" type="cond" truecount="1" falsecount="1"/>
          <line num="266" count="1" type="stmt"/>
        </file>
      </package>
      <package name="dist.utils">
        <metrics statements="18" coveredstatements="15" conditionals="0" coveredconditionals="0" methods="2" coveredmethods="2"/>
        <file name="index.js" path="C:\Users\Orel Balilti\Documents\Projects\Sugoi\ORM\dist\utils\index.js">
          <metrics statements="3" coveredstatements="3" conditionals="0" coveredconditionals="0" methods="0" coveredmethods="0"/>
          <line num="2" count="1" type="stmt"/>
          <line num="3" count="1" type="stmt"/>
          <line num="4" count="1" type="stmt"/>
        </file>
        <file name="object.utils.js" path="C:\Users\Orel Balilti\Documents\Projects\Sugoi\ORM\dist\utils\object.utils.js">
          <metrics statements="15" coveredstatements="12" conditionals="0" coveredconditionals="0" methods="2" coveredmethods="2"/>
          <line num="2" count="1" type="stmt"/>
          <line num="4" count="52" type="stmt"/>
          <line num="5" count="52" type="stmt"/>
          <line num="6" count="52" type="stmt"/>
          <line num="7" count="52" type="stmt"/>
          <line num="9" count="52" type="stmt"/>
          <line num="10" count="52" type="stmt"/>
          <line num="11" count="52" type="stmt"/>
          <line num="12" count="0" type="stmt"/>
          <line num="15" count="52" type="stmt"/>
          <line num="19" count="0" type="stmt"/>
          <line num="20" count="0" type="stmt"/>
          <line num="22" count="52" type="stmt"/>
          <line num="23" count="52" type="stmt"/>
          <line num="25" count="1" type="stmt"/>
        </file>
      </package>
    </metrics>
  </project>
</coverage>
