{"C:\\Users\\Orel Balilti\\Documents\\Projects\\Sugoi\\ORM\\dist\\index.js": {"path":"C:\\Users\\Orel Balilti\\Documents\\Projects\\Sugoi\\ORM\\dist\\index.js","statementMap":{"0":{"start":{"line":2,"column":0},"end":{"line":2,"column":62}},"1":{"start":{"line":3,"column":28},"end":{"line":3,"column":71}},"2":{"start":{"line":4,"column":0},"end":{"line":4,"column":50}},"3":{"start":{"line":5,"column":25},"end":{"line":5,"column":65}},"4":{"start":{"line":6,"column":0},"end":{"line":6,"column":43}},"5":{"start":{"line":7,"column":25},"end":{"line":7,"column":62}},"6":{"start":{"line":8,"column":0},"end":{"line":8,"column":51}},"7":{"start":{"line":9,"column":24},"end":{"line":9,"column":60}},"8":{"start":{"line":10,"column":0},"end":{"line":10,"column":46}},"9":{"start":{"line":11,"column":34},"end":{"line":11,"column":83}},"10":{"start":{"line":12,"column":0},"end":{"line":12,"column":68}},"11":{"start":{"line":13,"column":26},"end":{"line":13,"column":66}},"12":{"start":{"line":14,"column":0},"end":{"line":14,"column":54}},"13":{"start":{"line":15,"column":29},"end":{"line":15,"column":73}},"14":{"start":{"line":16,"column":0},"end":{"line":16,"column":53}},"15":{"start":{"line":17,"column":26},"end":{"line":17,"column":67}},"16":{"start":{"line":18,"column":0},"end":{"line":18,"column":46}},"17":{"start":{"line":19,"column":0},"end":{"line":19,"column":58}},"18":{"start":{"line":20,"column":28},"end":{"line":20,"column":68}},"19":{"start":{"line":21,"column":0},"end":{"line":21,"column":58}},"20":{"start":{"line":22,"column":27},"end":{"line":22,"column":68}},"21":{"start":{"line":23,"column":0},"end":{"line":23,"column":53}},"22":{"start":{"line":24,"column":24},"end":{"line":24,"column":63}},"23":{"start":{"line":25,"column":0},"end":{"line":25,"column":68}},"24":{"start":{"line":26,"column":23},"end":{"line":26,"column":57}},"25":{"start":{"line":27,"column":0},"end":{"line":27,"column":55}},"26":{"start":{"line":28,"column":35},"end":{"line":28,"column":81}},"27":{"start":{"line":29,"column":0},"end":{"line":29,"column":73}},"28":{"start":{"line":30,"column":35},"end":{"line":30,"column":84}},"29":{"start":{"line":31,"column":0},"end":{"line":31,"column":75}},"30":{"start":{"line":32,"column":15},"end":{"line":32,"column":37}},"31":{"start":{"line":33,"column":0},"end":{"line":33,"column":29}},"32":{"start":{"line":34,"column":0},"end":{"line":34,"column":27}}},"fnMap":{},"branchMap":{},"s":{"0":1,"1":1,"2":1,"3":1,"4":1,"5":1,"6":1,"7":1,"8":1,"9":1,"10":1,"11":1,"12":1,"13":1,"14":1,"15":1,"16":1,"17":1,"18":1,"19":1,"20":1,"21":1,"22":1,"23":1,"24":1,"25":1,"26":1,"27":1,"28":1,"29":1,"30":1,"31":1,"32":1},"f":{},"b":{},"_coverageSchema":"332fd63041d2c1bcb487cc26dd0d5f7d97098a6c","hash":"7e3019f685ac25e80453531cb18c7af35b45a20b"}
,"C:\\Users\\Orel Balilti\\Documents\\Projects\\Sugoi\\ORM\\dist\\__tests__\\classes\\dummy-connection.class.js": {"path":"C:\\Users\\Orel Balilti\\Documents\\Projects\\Sugoi\\ORM\\dist\\__tests__\\classes\\dummy-connection.class.js","statementMap":{"0":{"start":{"line":2,"column":0},"end":{"line":2,"column":62}},"1":{"start":{"line":3,"column":16},"end":{"line":3,"column":38}},"2":{"start":{"line":6,"column":8},"end":{"line":8,"column":9}},"3":{"start":{"line":7,"column":12},"end":{"line":7,"column":42}},"4":{"start":{"line":9,"column":8},"end":{"line":11,"column":10}},"5":{"start":{"line":10,"column":30},"end":{"line":10,"column":51}},"6":{"start":{"line":12,"column":8},"end":{"line":12,"column":58}},"7":{"start":{"line":13,"column":8},"end":{"line":13,"column":37}},"8":{"start":{"line":16,"column":8},"end":{"line":16,"column":34}},"9":{"start":{"line":17,"column":8},"end":{"line":21,"column":11}},"10":{"start":{"line":19,"column":12},"end":{"line":19,"column":65}},"11":{"start":{"line":20,"column":12},"end":{"line":20,"column":24}},"12":{"start":{"line":24,"column":8},"end":{"line":24,"column":84}},"13":{"start":{"line":27,"column":31},"end":{"line":27,"column":33}},"14":{"start":{"line":28,"column":8},"end":{"line":29,"column":65}},"15":{"start":{"line":29,"column":12},"end":{"line":29,"column":65}},"16":{"start":{"line":30,"column":8},"end":{"line":30,"column":72}},"17":{"start":{"line":31,"column":8},"end":{"line":32,"column":50}},"18":{"start":{"line":32,"column":12},"end":{"line":32,"column":50}},"19":{"start":{"line":33,"column":8},"end":{"line":33,"column":32}},"20":{"start":{"line":36,"column":0},"end":{"line":36,"column":42}}},"fnMap":{"0":{"name":"(anonymous_0)","decl":{"start":{"line":5,"column":4},"end":{"line":5,"column":5}},"loc":{"start":{"line":5,"column":14},"end":{"line":14,"column":5}},"line":5},"1":{"name":"(anonymous_1)","decl":{"start":{"line":10,"column":24},"end":{"line":10,"column":25}},"loc":{"start":{"line":10,"column":30},"end":{"line":10,"column":51}},"line":10},"2":{"name":"(anonymous_2)","decl":{"start":{"line":15,"column":4},"end":{"line":15,"column":5}},"loc":{"start":{"line":15,"column":17},"end":{"line":22,"column":5}},"line":15},"3":{"name":"(anonymous_3)","decl":{"start":{"line":18,"column":18},"end":{"line":18,"column":19}},"loc":{"start":{"line":18,"column":24},"end":{"line":21,"column":9}},"line":18},"4":{"name":"(anonymous_4)","decl":{"start":{"line":23,"column":4},"end":{"line":23,"column":5}},"loc":{"start":{"line":23,"column":18},"end":{"line":25,"column":5}},"line":23},"5":{"name":"(anonymous_5)","decl":{"start":{"line":26,"column":4},"end":{"line":26,"column":5}},"loc":{"start":{"line":26,"column":26},"end":{"line":34,"column":5}},"line":26}},"branchMap":{"0":{"loc":{"start":{"line":6,"column":8},"end":{"line":8,"column":9}},"type":"if","locations":[{"start":{"line":6,"column":8},"end":{"line":8,"column":9}},{"start":{"line":6,"column":8},"end":{"line":8,"column":9}}],"line":6},"1":{"loc":{"start":{"line":28,"column":8},"end":{"line":29,"column":65}},"type":"if","locations":[{"start":{"line":28,"column":8},"end":{"line":29,"column":65}},{"start":{"line":28,"column":8},"end":{"line":29,"column":65}}],"line":28},"2":{"loc":{"start":{"line":28,"column":12},"end":{"line":28,"column":38}},"type":"binary-expr","locations":[{"start":{"line":28,"column":12},"end":{"line":28,"column":21}},{"start":{"line":28,"column":25},"end":{"line":28,"column":38}}],"line":28},"3":{"loc":{"start":{"line":30,"column":31},"end":{"line":30,"column":50}},"type":"binary-expr","locations":[{"start":{"line":30,"column":31},"end":{"line":30,"column":44}},{"start":{"line":30,"column":48},"end":{"line":30,"column":50}}],"line":30},"4":{"loc":{"start":{"line":30,"column":54},"end":{"line":30,"column":69}},"type":"binary-expr","locations":[{"start":{"line":30,"column":54},"end":{"line":30,"column":63}},{"start":{"line":30,"column":67},"end":{"line":30,"column":69}}],"line":30},"5":{"loc":{"start":{"line":31,"column":8},"end":{"line":32,"column":50}},"type":"if","locations":[{"start":{"line":31,"column":8},"end":{"line":32,"column":50}},{"start":{"line":31,"column":8},"end":{"line":32,"column":50}}],"line":31}},"s":{"0":1,"1":1,"2":2,"3":1,"4":1,"5":1,"6":1,"7":1,"8":1,"9":1,"10":1,"11":1,"12":62,"13":2,"14":2,"15":1,"16":2,"17":2,"18":1,"19":2,"20":1},"f":{"0":2,"1":1,"2":1,"3":1,"4":62,"5":2},"b":{"0":[1,1],"1":[1,1],"2":[2,1],"3":[2,1],"4":[2,1],"5":[1,1]},"_coverageSchema":"332fd63041d2c1bcb487cc26dd0d5f7d97098a6c","hash":"5c09b4b6303b3beb588eea4bc6123766bb081e45"}
,"C:\\Users\\Orel Balilti\\Documents\\Projects\\Sugoi\\ORM\\dist\\__tests__\\models\\dummy.js": {"path":"C:\\Users\\Orel Balilti\\Documents\\Projects\\Sugoi\\ORM\\dist\\__tests__\\models\\dummy.js","statementMap":{"0":{"start":{"line":2,"column":17},"end":{"line":7,"column":1}},"1":{"start":{"line":3,"column":12},"end":{"line":3,"column":28}},"2":{"start":{"line":3,"column":34},"end":{"line":3,"column":125}},"3":{"start":{"line":4,"column":4},"end":{"line":5,"column":150}},"4":{"start":{"line":4,"column":79},"end":{"line":4,"column":131}},"5":{"start":{"line":5,"column":9},"end":{"line":5,"column":150}},"6":{"start":{"line":5,"column":58},"end":{"line":5,"column":150}},"7":{"start":{"line":5,"column":81},"end":{"line":5,"column":150}},"8":{"start":{"line":6,"column":4},"end":{"line":6,"column":66}},"9":{"start":{"line":8,"column":17},"end":{"line":10,"column":1}},"10":{"start":{"line":9,"column":4},"end":{"line":9,"column":109}},"11":{"start":{"line":9,"column":79},"end":{"line":9,"column":109}},"12":{"start":{"line":11,"column":16},"end":{"line":18,"column":1}},"13":{"start":{"line":12,"column":4},"end":{"line":17,"column":7}},"14":{"start":{"line":13,"column":36},"end":{"line":13,"column":97}},"15":{"start":{"line":13,"column":42},"end":{"line":13,"column":70}},"16":{"start":{"line":13,"column":85},"end":{"line":13,"column":95}},"17":{"start":{"line":14,"column":35},"end":{"line":14,"column":100}},"18":{"start":{"line":14,"column":41},"end":{"line":14,"column":73}},"19":{"start":{"line":14,"column":88},"end":{"line":14,"column":98}},"20":{"start":{"line":15,"column":32},"end":{"line":15,"column":149}},"21":{"start":{"line":15,"column":97},"end":{"line":15,"column":119}},"22":{"start":{"line":16,"column":8},"end":{"line":16,"column":78}},"23":{"start":{"line":19,"column":0},"end":{"line":19,"column":62}},"24":{"start":{"line":21,"column":16},"end":{"line":21,"column":38}},"25":{"start":{"line":22,"column":22},"end":{"line":22,"column":76}},"26":{"start":{"line":23,"column":29},"end":{"line":23,"column":74}},"27":{"start":{"line":24,"column":28},"end":{"line":24,"column":72}},"28":{"start":{"line":25,"column":12},"end":{"line":161,"column":1}},"29":{"start":{"line":27,"column":8},"end":{"line":27,"column":16}},"30":{"start":{"line":28,"column":8},"end":{"line":28,"column":38}},"31":{"start":{"line":31,"column":8},"end":{"line":32,"column":145}},"32":{"start":{"line":32,"column":12},"end":{"line":32,"column":145}},"33":{"start":{"line":33,"column":8},"end":{"line":33,"column":33}},"34":{"start":{"line":36,"column":8},"end":{"line":36,"column":47}},"35":{"start":{"line":36,"column":28},"end":{"line":36,"column":45}},"36":{"start":{"line":39,"column":8},"end":{"line":40,"column":145}},"37":{"start":{"line":40,"column":12},"end":{"line":40,"column":145}},"38":{"start":{"line":41,"column":8},"end":{"line":41,"column":33}},"39":{"start":{"line":44,"column":8},"end":{"line":44,"column":27}},"40":{"start":{"line":47,"column":8},"end":{"line":47,"column":36}},"41":{"start":{"line":50,"column":22},"end":{"line":50,"column":40}},"42":{"start":{"line":51,"column":23},"end":{"line":51,"column":42}},"43":{"start":{"line":52,"column":23},"end":{"line":52,"column":84}},"44":{"start":{"line":53,"column":8},"end":{"line":53,"column":41}},"45":{"start":{"line":56,"column":22},"end":{"line":56,"column":63}},"46":{"start":{"line":57,"column":22},"end":{"line":57,"column":40}},"47":{"start":{"line":58,"column":29},"end":{"line":58,"column":51}},"48":{"start":{"line":59,"column":21},"end":{"line":59,"column":41}},"49":{"start":{"line":60,"column":16},"end":{"line":60,"column":17}},"50":{"start":{"line":61,"column":8},"end":{"line":65,"column":15}},"51":{"start":{"line":64,"column":16},"end":{"line":64,"column":79}},"52":{"start":{"line":66,"column":20},"end":{"line":66,"column":64}},"53":{"start":{"line":67,"column":8},"end":{"line":67,"column":36}},"54":{"start":{"line":70,"column":8},"end":{"line":88,"column":11}},"55":{"start":{"line":71,"column":24},"end":{"line":71,"column":47}},"56":{"start":{"line":72,"column":26},"end":{"line":72,"column":27}},"57":{"start":{"line":73,"column":28},"end":{"line":73,"column":30}},"58":{"start":{"line":74,"column":12},"end":{"line":83,"column":19}},"59":{"start":{"line":75,"column":16},"end":{"line":80,"column":17}},"60":{"start":{"line":76,"column":20},"end":{"line":76,"column":89}},"61":{"start":{"line":77,"column":20},"end":{"line":77,"column":58}},"62":{"start":{"line":78,"column":20},"end":{"line":78,"column":38}},"63":{"start":{"line":79,"column":20},"end":{"line":79,"column":30}},"64":{"start":{"line":81,"column":16},"end":{"line":81,"column":30}},"65":{"start":{"line":82,"column":16},"end":{"line":82,"column":27}},"66":{"start":{"line":84,"column":12},"end":{"line":86,"column":13}},"67":{"start":{"line":85,"column":16},"end":{"line":85,"column":75}},"68":{"start":{"line":87,"column":12},"end":{"line":87,"column":62}},"69":{"start":{"line":91,"column":8},"end":{"line":97,"column":11}},"70":{"start":{"line":92,"column":12},"end":{"line":96,"column":21}},"71":{"start":{"line":93,"column":28},"end":{"line":93,"column":53}},"72":{"start":{"line":94,"column":16},"end":{"line":94,"column":42}},"73":{"start":{"line":95,"column":16},"end":{"line":95,"column":29}},"74":{"start":{"line":100,"column":8},"end":{"line":106,"column":9}},"75":{"start":{"line":101,"column":12},"end":{"line":105,"column":15}},"76":{"start":{"line":102,"column":31},"end":{"line":102,"column":44}},"77":{"start":{"line":103,"column":31},"end":{"line":103,"column":44}},"78":{"start":{"line":104,"column":16},"end":{"line":104,"column":116}},"79":{"start":{"line":107,"column":22},"end":{"line":107,"column":23}},"80":{"start":{"line":108,"column":8},"end":{"line":117,"column":15}},"81":{"start":{"line":109,"column":24},"end":{"line":109,"column":62}},"82":{"start":{"line":110,"column":12},"end":{"line":110,"column":41}},"83":{"start":{"line":111,"column":12},"end":{"line":115,"column":29}},"84":{"start":{"line":112,"column":16},"end":{"line":112,"column":30}},"85":{"start":{"line":114,"column":17},"end":{"line":115,"column":29}},"86":{"start":{"line":115,"column":16},"end":{"line":115,"column":29}},"87":{"start":{"line":116,"column":12},"end":{"line":116,"column":23}},"88":{"start":{"line":120,"column":20},"end":{"line":120,"column":25}},"89":{"start":{"line":121,"column":8},"end":{"line":128,"column":9}},"90":{"start":{"line":122,"column":12},"end":{"line":122,"column":25}},"91":{"start":{"line":123,"column":12},"end":{"line":125,"column":48}},"92":{"start":{"line":126,"column":12},"end":{"line":127,"column":22}},"93":{"start":{"line":127,"column":16},"end":{"line":127,"column":22}},"94":{"start":{"line":129,"column":8},"end":{"line":129,"column":21}},"95":{"start":{"line":132,"column":8},"end":{"line":133,"column":43}},"96":{"start":{"line":136,"column":8},"end":{"line":136,"column":35}},"97":{"start":{"line":138,"column":8},"end":{"line":139,"column":29}},"98":{"start":{"line":139,"column":12},"end":{"line":139,"column":29}},"99":{"start":{"line":140,"column":8},"end":{"line":140,"column":33}},"100":{"start":{"line":143,"column":8},"end":{"line":143,"column":52}},"101":{"start":{"line":147,"column":8},"end":{"line":147,"column":59}},"102":{"start":{"line":148,"column":8},"end":{"line":148,"column":33}},"103":{"start":{"line":149,"column":8},"end":{"line":149,"column":50}},"104":{"start":{"line":150,"column":8},"end":{"line":150,"column":33}},"105":{"start":{"line":153,"column":8},"end":{"line":153,"column":26}},"106":{"start":{"line":156,"column":8},"end":{"line":156,"column":59}},"107":{"start":{"line":159,"column":8},"end":{"line":159,"column":30}},"108":{"start":{"line":162,"column":0},"end":{"line":162,"column":19}},"109":{"start":{"line":163,"column":0},"end":{"line":166,"column":34}},"110":{"start":{"line":167,"column":0},"end":{"line":170,"column":37}},"111":{"start":{"line":171,"column":0},"end":{"line":174,"column":39}},"112":{"start":{"line":175,"column":0},"end":{"line":178,"column":40}},"113":{"start":{"line":179,"column":0},"end":{"line":183,"column":10}},"114":{"start":{"line":184,"column":0},"end":{"line":184,"column":22}}},"fnMap":{"0":{"name":"(anonymous_0)","decl":{"start":{"line":2,"column":46},"end":{"line":2,"column":47}},"loc":{"start":{"line":2,"column":87},"end":{"line":7,"column":1}},"line":2},"1":{"name":"(anonymous_1)","decl":{"start":{"line":8,"column":46},"end":{"line":8,"column":47}},"loc":{"start":{"line":8,"column":62},"end":{"line":10,"column":1}},"line":8},"2":{"name":"(anonymous_2)","decl":{"start":{"line":11,"column":44},"end":{"line":11,"column":45}},"loc":{"start":{"line":11,"column":89},"end":{"line":18,"column":1}},"line":11},"3":{"name":"(anonymous_3)","decl":{"start":{"line":12,"column":36},"end":{"line":12,"column":37}},"loc":{"start":{"line":12,"column":63},"end":{"line":17,"column":5}},"line":12},"4":{"name":"fulfilled","decl":{"start":{"line":13,"column":17},"end":{"line":13,"column":26}},"loc":{"start":{"line":13,"column":34},"end":{"line":13,"column":99}},"line":13},"5":{"name":"rejected","decl":{"start":{"line":14,"column":17},"end":{"line":14,"column":25}},"loc":{"start":{"line":14,"column":33},"end":{"line":14,"column":102}},"line":14},"6":{"name":"step","decl":{"start":{"line":15,"column":17},"end":{"line":15,"column":21}},"loc":{"start":{"line":15,"column":30},"end":{"line":15,"column":151}},"line":15},"7":{"name":"(anonymous_7)","decl":{"start":{"line":15,"column":76},"end":{"line":15,"column":77}},"loc":{"start":{"line":15,"column":95},"end":{"line":15,"column":121}},"line":15},"8":{"name":"(anonymous_8)","decl":{"start":{"line":26,"column":4},"end":{"line":26,"column":5}},"loc":{"start":{"line":26,"column":22},"end":{"line":29,"column":5}},"line":26},"9":{"name":"(anonymous_9)","decl":{"start":{"line":30,"column":4},"end":{"line":30,"column":5}},"loc":{"start":{"line":30,"column":31},"end":{"line":34,"column":5}},"line":30},"10":{"name":"(anonymous_10)","decl":{"start":{"line":35,"column":4},"end":{"line":35,"column":5}},"loc":{"start":{"line":35,"column":19},"end":{"line":37,"column":5}},"line":35},"11":{"name":"(anonymous_11)","decl":{"start":{"line":36,"column":20},"end":{"line":36,"column":21}},"loc":{"start":{"line":36,"column":28},"end":{"line":36,"column":45}},"line":36},"12":{"name":"(anonymous_12)","decl":{"start":{"line":38,"column":4},"end":{"line":38,"column":5}},"loc":{"start":{"line":38,"column":33},"end":{"line":42,"column":5}},"line":38},"13":{"name":"(anonymous_13)","decl":{"start":{"line":43,"column":4},"end":{"line":43,"column":5}},"loc":{"start":{"line":43,"column":21},"end":{"line":45,"column":5}},"line":43},"14":{"name":"(anonymous_14)","decl":{"start":{"line":46,"column":4},"end":{"line":46,"column":5}},"loc":{"start":{"line":46,"column":31},"end":{"line":48,"column":5}},"line":46},"15":{"name":"(anonymous_15)","decl":{"start":{"line":49,"column":4},"end":{"line":49,"column":5}},"loc":{"start":{"line":49,"column":72},"end":{"line":54,"column":5}},"line":49},"16":{"name":"(anonymous_16)","decl":{"start":{"line":55,"column":4},"end":{"line":55,"column":5}},"loc":{"start":{"line":55,"column":74},"end":{"line":68,"column":5}},"line":55},"17":{"name":"(anonymous_17)","decl":{"start":{"line":63,"column":37},"end":{"line":63,"column":38}},"loc":{"start":{"line":63,"column":44},"end":{"line":65,"column":13}},"line":63},"18":{"name":"(anonymous_18)","decl":{"start":{"line":69,"column":4},"end":{"line":69,"column":5}},"loc":{"start":{"line":69,"column":59},"end":{"line":89,"column":5}},"line":69},"19":{"name":"(anonymous_19)","decl":{"start":{"line":70,"column":47},"end":{"line":70,"column":48}},"loc":{"start":{"line":70,"column":60},"end":{"line":88,"column":9}},"line":70},"20":{"name":"(anonymous_20)","decl":{"start":{"line":74,"column":53},"end":{"line":74,"column":54}},"loc":{"start":{"line":74,"column":67},"end":{"line":83,"column":13}},"line":74},"21":{"name":"(anonymous_21)","decl":{"start":{"line":90,"column":4},"end":{"line":90,"column":5}},"loc":{"start":{"line":90,"column":26},"end":{"line":98,"column":5}},"line":90},"22":{"name":"(anonymous_22)","decl":{"start":{"line":91,"column":27},"end":{"line":91,"column":28}},"loc":{"start":{"line":91,"column":38},"end":{"line":97,"column":9}},"line":91},"23":{"name":"(anonymous_23)","decl":{"start":{"line":92,"column":23},"end":{"line":92,"column":24}},"loc":{"start":{"line":92,"column":29},"end":{"line":96,"column":13}},"line":92},"24":{"name":"(anonymous_24)","decl":{"start":{"line":99,"column":4},"end":{"line":99,"column":5}},"loc":{"start":{"line":99,"column":108},"end":{"line":118,"column":5}},"line":99},"25":{"name":"(anonymous_25)","decl":{"start":{"line":101,"column":33},"end":{"line":101,"column":34}},"loc":{"start":{"line":101,"column":43},"end":{"line":105,"column":13}},"line":101},"26":{"name":"(anonymous_26)","decl":{"start":{"line":108,"column":38},"end":{"line":108,"column":39}},"loc":{"start":{"line":108,"column":52},"end":{"line":117,"column":9}},"line":108},"27":{"name":"(anonymous_27)","decl":{"start":{"line":119,"column":4},"end":{"line":119,"column":5}},"loc":{"start":{"line":119,"column":45},"end":{"line":130,"column":5}},"line":119},"28":{"name":"(anonymous_28)","decl":{"start":{"line":131,"column":4},"end":{"line":131,"column":5}},"loc":{"start":{"line":131,"column":21},"end":{"line":134,"column":5}},"line":131},"29":{"name":"(anonymous_29)","decl":{"start":{"line":135,"column":4},"end":{"line":135,"column":5}},"loc":{"start":{"line":135,"column":19},"end":{"line":141,"column":5}},"line":135},"30":{"name":"(anonymous_30)","decl":{"start":{"line":142,"column":4},"end":{"line":142,"column":5}},"loc":{"start":{"line":142,"column":32},"end":{"line":145,"column":5}},"line":142},"31":{"name":"(anonymous_31)","decl":{"start":{"line":146,"column":4},"end":{"line":146,"column":5}},"loc":{"start":{"line":146,"column":17},"end":{"line":151,"column":5}},"line":146},"32":{"name":"(anonymous_32)","decl":{"start":{"line":152,"column":4},"end":{"line":152,"column":5}},"loc":{"start":{"line":152,"column":28},"end":{"line":154,"column":5}},"line":152},"33":{"name":"(anonymous_33)","decl":{"start":{"line":155,"column":4},"end":{"line":155,"column":5}},"loc":{"start":{"line":155,"column":15},"end":{"line":157,"column":5}},"line":155},"34":{"name":"(anonymous_34)","decl":{"start":{"line":158,"column":4},"end":{"line":158,"column":5}},"loc":{"start":{"line":158,"column":25},"end":{"line":160,"column":5}},"line":158}},"branchMap":{"0":{"loc":{"start":{"line":2,"column":17},"end":{"line":7,"column":1}},"type":"binary-expr","locations":[{"start":{"line":2,"column":18},"end":{"line":2,"column":22}},{"start":{"line":2,"column":26},"end":{"line":2,"column":41}},{"start":{"line":2,"column":46},"end":{"line":7,"column":1}}],"line":2},"1":{"loc":{"start":{"line":3,"column":34},"end":{"line":3,"column":125}},"type":"cond-expr","locations":[{"start":{"line":3,"column":42},"end":{"line":3,"column":48}},{"start":{"line":3,"column":51},"end":{"line":3,"column":125}}],"line":3},"2":{"loc":{"start":{"line":3,"column":51},"end":{"line":3,"column":125}},"type":"cond-expr","locations":[{"start":{"line":3,"column":67},"end":{"line":3,"column":118}},{"start":{"line":3,"column":121},"end":{"line":3,"column":125}}],"line":3},"3":{"loc":{"start":{"line":4,"column":4},"end":{"line":5,"column":150}},"type":"if","locations":[{"start":{"line":4,"column":4},"end":{"line":5,"column":150}},{"start":{"line":4,"column":4},"end":{"line":5,"column":150}}],"line":4},"4":{"loc":{"start":{"line":4,"column":8},"end":{"line":4,"column":77}},"type":"binary-expr","locations":[{"start":{"line":4,"column":8},"end":{"line":4,"column":35}},{"start":{"line":4,"column":39},"end":{"line":4,"column":77}}],"line":4},"5":{"loc":{"start":{"line":5,"column":58},"end":{"line":5,"column":150}},"type":"if","locations":[{"start":{"line":5,"column":58},"end":{"line":5,"column":150}},{"start":{"line":5,"column":58},"end":{"line":5,"column":150}}],"line":5},"6":{"loc":{"start":{"line":5,"column":85},"end":{"line":5,"column":149}},"type":"binary-expr","locations":[{"start":{"line":5,"column":86},"end":{"line":5,"column":143}},{"start":{"line":5,"column":148},"end":{"line":5,"column":149}}],"line":5},"7":{"loc":{"start":{"line":5,"column":86},"end":{"line":5,"column":143}},"type":"cond-expr","locations":[{"start":{"line":5,"column":94},"end":{"line":5,"column":98}},{"start":{"line":5,"column":101},"end":{"line":5,"column":143}}],"line":5},"8":{"loc":{"start":{"line":5,"column":101},"end":{"line":5,"column":143}},"type":"cond-expr","locations":[{"start":{"line":5,"column":109},"end":{"line":5,"column":126}},{"start":{"line":5,"column":129},"end":{"line":5,"column":143}}],"line":5},"9":{"loc":{"start":{"line":6,"column":11},"end":{"line":6,"column":62}},"type":"binary-expr","locations":[{"start":{"line":6,"column":11},"end":{"line":6,"column":16}},{"start":{"line":6,"column":20},"end":{"line":6,"column":21}},{"start":{"line":6,"column":25},"end":{"line":6,"column":62}}],"line":6},"10":{"loc":{"start":{"line":8,"column":17},"end":{"line":10,"column":1}},"type":"binary-expr","locations":[{"start":{"line":8,"column":18},"end":{"line":8,"column":22}},{"start":{"line":8,"column":26},"end":{"line":8,"column":41}},{"start":{"line":8,"column":46},"end":{"line":10,"column":1}}],"line":8},"11":{"loc":{"start":{"line":9,"column":4},"end":{"line":9,"column":109}},"type":"if","locations":[{"start":{"line":9,"column":4},"end":{"line":9,"column":109}},{"start":{"line":9,"column":4},"end":{"line":9,"column":109}}],"line":9},"12":{"loc":{"start":{"line":9,"column":8},"end":{"line":9,"column":77}},"type":"binary-expr","locations":[{"start":{"line":9,"column":8},"end":{"line":9,"column":35}},{"start":{"line":9,"column":39},"end":{"line":9,"column":77}}],"line":9},"13":{"loc":{"start":{"line":11,"column":16},"end":{"line":18,"column":1}},"type":"binary-expr","locations":[{"start":{"line":11,"column":17},"end":{"line":11,"column":21}},{"start":{"line":11,"column":25},"end":{"line":11,"column":39}},{"start":{"line":11,"column":44},"end":{"line":18,"column":1}}],"line":11},"14":{"loc":{"start":{"line":12,"column":16},"end":{"line":12,"column":34}},"type":"binary-expr","locations":[{"start":{"line":12,"column":16},"end":{"line":12,"column":17}},{"start":{"line":12,"column":22},"end":{"line":12,"column":33}}],"line":12},"15":{"loc":{"start":{"line":15,"column":32},"end":{"line":15,"column":148}},"type":"cond-expr","locations":[{"start":{"line":15,"column":46},"end":{"line":15,"column":67}},{"start":{"line":15,"column":70},"end":{"line":15,"column":148}}],"line":15},"16":{"loc":{"start":{"line":16,"column":51},"end":{"line":16,"column":67}},"type":"binary-expr","locations":[{"start":{"line":16,"column":51},"end":{"line":16,"column":61}},{"start":{"line":16,"column":65},"end":{"line":16,"column":67}}],"line":16},"17":{"loc":{"start":{"line":28,"column":20},"end":{"line":28,"column":37}},"type":"binary-expr","locations":[{"start":{"line":28,"column":20},"end":{"line":28,"column":24}},{"start":{"line":28,"column":28},"end":{"line":28,"column":37}}],"line":28},"18":{"loc":{"start":{"line":31,"column":8},"end":{"line":32,"column":145}},"type":"if","locations":[{"start":{"line":31,"column":8},"end":{"line":32,"column":145}},{"start":{"line":31,"column":8},"end":{"line":32,"column":145}}],"line":31},"19":{"loc":{"start":{"line":39,"column":8},"end":{"line":40,"column":145}},"type":"if","locations":[{"start":{"line":39,"column":8},"end":{"line":40,"column":145}},{"start":{"line":39,"column":8},"end":{"line":40,"column":145}}],"line":39},"20":{"loc":{"start":{"line":49,"column":30},"end":{"line":49,"column":70}},"type":"default-arg","locations":[{"start":{"line":49,"column":40},"end":{"line":49,"column":70}}],"line":49},"21":{"loc":{"start":{"line":55,"column":32},"end":{"line":55,"column":72}},"type":"default-arg","locations":[{"start":{"line":55,"column":42},"end":{"line":55,"column":72}}],"line":55},"22":{"loc":{"start":{"line":57,"column":22},"end":{"line":57,"column":40}},"type":"binary-expr","locations":[{"start":{"line":57,"column":22},"end":{"line":57,"column":35}},{"start":{"line":57,"column":39},"end":{"line":57,"column":40}}],"line":57},"23":{"loc":{"start":{"line":61,"column":26},"end":{"line":65,"column":14}},"type":"cond-expr","locations":[{"start":{"line":62,"column":14},"end":{"line":62,"column":69}},{"start":{"line":63,"column":14},"end":{"line":65,"column":14}}],"line":61},"24":{"loc":{"start":{"line":61,"column":26},"end":{"line":61,"column":40}},"type":"binary-expr","locations":[{"start":{"line":61,"column":26},"end":{"line":61,"column":31}},{"start":{"line":61,"column":35},"end":{"line":61,"column":40}}],"line":61},"25":{"loc":{"start":{"line":64,"column":25},"end":{"line":64,"column":77}},"type":"binary-expr","locations":[{"start":{"line":64,"column":25},"end":{"line":64,"column":35}},{"start":{"line":64,"column":39},"end":{"line":64,"column":77}}],"line":64},"26":{"loc":{"start":{"line":69,"column":18},"end":{"line":69,"column":30}},"type":"default-arg","locations":[{"start":{"line":69,"column":28},"end":{"line":69,"column":30}}],"line":69},"27":{"loc":{"start":{"line":69,"column":32},"end":{"line":69,"column":57}},"type":"default-arg","locations":[{"start":{"line":69,"column":40},"end":{"line":69,"column":57}}],"line":69},"28":{"loc":{"start":{"line":71,"column":24},"end":{"line":71,"column":47}},"type":"binary-expr","locations":[{"start":{"line":71,"column":24},"end":{"line":71,"column":37}},{"start":{"line":71,"column":41},"end":{"line":71,"column":47}}],"line":71},"29":{"loc":{"start":{"line":75,"column":16},"end":{"line":80,"column":17}},"type":"if","locations":[{"start":{"line":75,"column":16},"end":{"line":80,"column":17}},{"start":{"line":75,"column":16},"end":{"line":80,"column":17}}],"line":75},"30":{"loc":{"start":{"line":75,"column":20},"end":{"line":75,"column":77}},"type":"binary-expr","locations":[{"start":{"line":75,"column":20},"end":{"line":75,"column":35}},{"start":{"line":75,"column":39},"end":{"line":75,"column":77}}],"line":75},"31":{"loc":{"start":{"line":76,"column":26},"end":{"line":76,"column":88}},"type":"cond-expr","locations":[{"start":{"line":76,"column":53},"end":{"line":76,"column":57}},{"start":{"line":76,"column":60},"end":{"line":76,"column":88}}],"line":76},"32":{"loc":{"start":{"line":84,"column":12},"end":{"line":86,"column":13}},"type":"if","locations":[{"start":{"line":84,"column":12},"end":{"line":86,"column":13}},{"start":{"line":84,"column":12},"end":{"line":86,"column":13}}],"line":84},"33":{"loc":{"start":{"line":87,"column":19},"end":{"line":87,"column":61}},"type":"cond-expr","locations":[{"start":{"line":87,"column":41},"end":{"line":87,"column":51}},{"start":{"line":87,"column":54},"end":{"line":87,"column":61}}],"line":87},"34":{"loc":{"start":{"line":99,"column":32},"end":{"line":99,"column":62}},"type":"default-arg","locations":[{"start":{"line":99,"column":40},"end":{"line":99,"column":62}}],"line":99},"35":{"loc":{"start":{"line":99,"column":70},"end":{"line":99,"column":81}},"type":"default-arg","locations":[{"start":{"line":99,"column":76},"end":{"line":99,"column":81}}],"line":99},"36":{"loc":{"start":{"line":99,"column":83},"end":{"line":99,"column":106}},"type":"default-arg","locations":[{"start":{"line":99,"column":101},"end":{"line":99,"column":106}}],"line":99},"37":{"loc":{"start":{"line":100,"column":8},"end":{"line":106,"column":9}},"type":"if","locations":[{"start":{"line":100,"column":8},"end":{"line":106,"column":9}},{"start":{"line":100,"column":8},"end":{"line":106,"column":9}}],"line":100},"38":{"loc":{"start":{"line":104,"column":23},"end":{"line":104,"column":115}},"type":"cond-expr","locations":[{"start":{"line":104,"column":82},"end":{"line":104,"column":97}},{"start":{"line":104,"column":100},"end":{"line":104,"column":115}}],"line":104},"39":{"loc":{"start":{"line":110,"column":20},"end":{"line":110,"column":40}},"type":"cond-expr","locations":[{"start":{"line":110,"column":26},"end":{"line":110,"column":32}},{"start":{"line":110,"column":35},"end":{"line":110,"column":40}}],"line":110},"40":{"loc":{"start":{"line":111,"column":12},"end":{"line":115,"column":29}},"type":"if","locations":[{"start":{"line":111,"column":12},"end":{"line":115,"column":29}},{"start":{"line":111,"column":12},"end":{"line":115,"column":29}}],"line":111},"41":{"loc":{"start":{"line":111,"column":16},"end":{"line":111,"column":53}},"type":"binary-expr","locations":[{"start":{"line":111,"column":16},"end":{"line":111,"column":21}},{"start":{"line":111,"column":26},"end":{"line":111,"column":29}},{"start":{"line":111,"column":34},"end":{"line":111,"column":51}}],"line":111},"42":{"loc":{"start":{"line":114,"column":17},"end":{"line":115,"column":29}},"type":"if","locations":[{"start":{"line":114,"column":17},"end":{"line":115,"column":29}},{"start":{"line":114,"column":17},"end":{"line":115,"column":29}}],"line":114},"43":{"loc":{"start":{"line":123,"column":20},"end":{"line":125,"column":47}},"type":"binary-expr","locations":[{"start":{"line":123,"column":20},"end":{"line":123,"column":25}},{"start":{"line":123,"column":30},"end":{"line":125,"column":46}}],"line":123},"44":{"loc":{"start":{"line":123,"column":30},"end":{"line":125,"column":46}},"type":"cond-expr","locations":[{"start":{"line":124,"column":18},"end":{"line":124,"column":56}},{"start":{"line":125,"column":18},"end":{"line":125,"column":46}}],"line":123},"45":{"loc":{"start":{"line":126,"column":12},"end":{"line":127,"column":22}},"type":"if","locations":[{"start":{"line":126,"column":12},"end":{"line":127,"column":22}},{"start":{"line":126,"column":12},"end":{"line":127,"column":22}}],"line":126},"46":{"loc":{"start":{"line":132,"column":20},"end":{"line":133,"column":42}},"type":"cond-expr","locations":[{"start":{"line":133,"column":14},"end":{"line":133,"column":30}},{"start":{"line":133,"column":33},"end":{"line":133,"column":42}}],"line":132},"47":{"loc":{"start":{"line":132,"column":20},"end":{"line":132,"column":65}},"type":"binary-expr","locations":[{"start":{"line":132,"column":20},"end":{"line":132,"column":33}},{"start":{"line":132,"column":37},"end":{"line":132,"column":65}}],"line":132},"48":{"loc":{"start":{"line":138,"column":8},"end":{"line":139,"column":29}},"type":"if","locations":[{"start":{"line":138,"column":8},"end":{"line":139,"column":29}},{"start":{"line":138,"column":8},"end":{"line":139,"column":29}}],"line":138}},"s":{"0":1,"1":5,"2":5,"3":5,"4":5,"5":0,"6":0,"7":0,"8":5,"9":1,"10":5,"11":5,"12":1,"13":11,"14":0,"15":0,"16":0,"17":0,"18":0,"19":0,"20":10,"21":0,"22":11,"23":1,"24":1,"25":1,"26":1,"27":1,"28":1,"29":81,"30":81,"31":17,"32":1,"33":16,"34":16,"35":43,"36":8,"37":1,"38":7,"39":7,"40":25,"41":16,"42":16,"43":16,"44":16,"45":7,"46":7,"47":7,"48":7,"49":7,"50":7,"51":7,"52":7,"53":7,"54":11,"55":11,"56":11,"57":11,"58":11,"59":80,"60":19,"61":19,"62":19,"63":19,"64":80,"65":80,"66":11,"67":1,"68":10,"69":25,"70":25,"71":25,"72":25,"73":25,"74":22,"75":17,"76":129,"77":129,"78":129,"79":22,"80":22,"81":187,"82":187,"83":187,"84":99,"85":88,"86":0,"87":187,"88":265,"89":265,"90":265,"91":265,"92":265,"93":149,"94":265,"95":44,"96":11,"97":11,"98":1,"99":11,"100":10,"101":25,"102":25,"103":25,"104":25,"105":25,"106":38,"107":29,"108":1,"109":1,"110":1,"111":1,"112":1,"113":1,"114":1},"f":{"0":5,"1":5,"2":11,"3":11,"4":0,"5":0,"6":10,"7":0,"8":81,"9":17,"10":16,"11":43,"12":8,"13":7,"14":25,"15":16,"16":7,"17":7,"18":11,"19":11,"20":80,"21":25,"22":25,"23":25,"24":22,"25":129,"26":187,"27":265,"28":44,"29":11,"30":10,"31":25,"32":25,"33":38,"34":29},"b":{"0":[1,1,1],"1":[1,4],"2":[0,4],"3":[5,0],"4":[5,5],"5":[0,0],"6":[0,0],"7":[0,0],"8":[0,0],"9":[5,4,0],"10":[1,1,1],"11":[5,0],"12":[5,5],"13":[1,1,1],"14":[11,11],"15":[10,0],"16":[11,11],"17":[81,52],"18":[1,16],"19":[1,7],"20":[2],"21":[3],"22":[7,3],"23":[6,1],"24":[7,3],"25":[7,7],"26":[0],"27":[0],"28":[11,1],"29":[19,61],"30":[80,71],"31":[1,18],"32":[1,10],"33":[9,1],"34":[3],"35":[16],"36":[22],"37":[17,5],"38":[0,129],"39":[42,145],"40":[99,88],"41":[187,126,87],"42":[0,88],"43":[265,265],"44":[265,0],"45":[149,116],"46":[4,40],"47":[44,6],"48":[1,10]},"_coverageSchema":"332fd63041d2c1bcb487cc26dd0d5f7d97098a6c","hash":"d59135cd2a8fb3a41e135cc334e78c7a9dfdf21a"}
,"C:\\Users\\Orel Balilti\\Documents\\Projects\\Sugoi\\ORM\\dist\\__tests__\\models\\not-model.js": {"path":"C:\\Users\\Orel Balilti\\Documents\\Projects\\Sugoi\\ORM\\dist\\__tests__\\models\\not-model.js","statementMap":{"0":{"start":{"line":2,"column":0},"end":{"line":2,"column":62}},"1":{"start":{"line":5,"column":0},"end":{"line":5,"column":28}}},"fnMap":{},"branchMap":{},"s":{"0":1,"1":1},"f":{},"b":{},"_coverageSchema":"332fd63041d2c1bcb487cc26dd0d5f7d97098a6c","hash":"163eceae59e4d90bfda7614a899321bdffe4c9a1"}
,"C:\\Users\\Orel Balilti\\Documents\\Projects\\Sugoi\\ORM\\dist\\__tests__\\models\\sub-dummy.js": {"path":"C:\\Users\\Orel Balilti\\Documents\\Projects\\Sugoi\\ORM\\dist\\__tests__\\models\\sub-dummy.js","statementMap":{"0":{"start":{"line":2,"column":17},"end":{"line":7,"column":1}},"1":{"start":{"line":3,"column":12},"end":{"line":3,"column":28}},"2":{"start":{"line":3,"column":34},"end":{"line":3,"column":125}},"3":{"start":{"line":4,"column":4},"end":{"line":5,"column":150}},"4":{"start":{"line":4,"column":79},"end":{"line":4,"column":131}},"5":{"start":{"line":5,"column":9},"end":{"line":5,"column":150}},"6":{"start":{"line":5,"column":58},"end":{"line":5,"column":150}},"7":{"start":{"line":5,"column":81},"end":{"line":5,"column":150}},"8":{"start":{"line":6,"column":4},"end":{"line":6,"column":66}},"9":{"start":{"line":8,"column":17},"end":{"line":10,"column":1}},"10":{"start":{"line":9,"column":4},"end":{"line":9,"column":109}},"11":{"start":{"line":9,"column":79},"end":{"line":9,"column":109}},"12":{"start":{"line":11,"column":0},"end":{"line":11,"column":62}},"13":{"start":{"line":12,"column":16},"end":{"line":12,"column":38}},"14":{"start":{"line":13,"column":16},"end":{"line":13,"column":34}},"15":{"start":{"line":14,"column":15},"end":{"line":14,"column":37}},"16":{"start":{"line":15,"column":15},"end":{"line":36,"column":1}},"17":{"start":{"line":17,"column":8},"end":{"line":17,"column":28}},"18":{"start":{"line":18,"column":8},"end":{"line":18,"column":40}},"19":{"start":{"line":21,"column":8},"end":{"line":21,"column":42}},"20":{"start":{"line":22,"column":8},"end":{"line":22,"column":20}},"21":{"start":{"line":25,"column":8},"end":{"line":25,"column":42}},"22":{"start":{"line":26,"column":8},"end":{"line":26,"column":20}},"23":{"start":{"line":29,"column":8},"end":{"line":29,"column":44}},"24":{"start":{"line":30,"column":8},"end":{"line":30,"column":20}},"25":{"start":{"line":33,"column":8},"end":{"line":33,"column":43}},"26":{"start":{"line":34,"column":8},"end":{"line":34,"column":20}},"27":{"start":{"line":37,"column":0},"end":{"line":37,"column":22}},"28":{"start":{"line":38,"column":0},"end":{"line":41,"column":55}},"29":{"start":{"line":42,"column":0},"end":{"line":45,"column":55}},"30":{"start":{"line":46,"column":0},"end":{"line":49,"column":57}},"31":{"start":{"line":50,"column":0},"end":{"line":58,"column":56}},"32":{"start":{"line":59,"column":0},"end":{"line":62,"column":13}},"33":{"start":{"line":63,"column":0},"end":{"line":63,"column":28}}},"fnMap":{"0":{"name":"(anonymous_0)","decl":{"start":{"line":2,"column":46},"end":{"line":2,"column":47}},"loc":{"start":{"line":2,"column":87},"end":{"line":7,"column":1}},"line":2},"1":{"name":"(anonymous_1)","decl":{"start":{"line":8,"column":46},"end":{"line":8,"column":47}},"loc":{"start":{"line":8,"column":62},"end":{"line":10,"column":1}},"line":8},"2":{"name":"(anonymous_2)","decl":{"start":{"line":16,"column":4},"end":{"line":16,"column":5}},"loc":{"start":{"line":16,"column":18},"end":{"line":19,"column":5}},"line":16},"3":{"name":"(anonymous_3)","decl":{"start":{"line":20,"column":4},"end":{"line":20,"column":5}},"loc":{"start":{"line":20,"column":35},"end":{"line":23,"column":5}},"line":20},"4":{"name":"(anonymous_4)","decl":{"start":{"line":24,"column":4},"end":{"line":24,"column":5}},"loc":{"start":{"line":24,"column":35},"end":{"line":27,"column":5}},"line":24},"5":{"name":"(anonymous_5)","decl":{"start":{"line":28,"column":4},"end":{"line":28,"column":5}},"loc":{"start":{"line":28,"column":37},"end":{"line":31,"column":5}},"line":28},"6":{"name":"(anonymous_6)","decl":{"start":{"line":32,"column":4},"end":{"line":32,"column":5}},"loc":{"start":{"line":32,"column":36},"end":{"line":35,"column":5}},"line":32}},"branchMap":{"0":{"loc":{"start":{"line":2,"column":17},"end":{"line":7,"column":1}},"type":"binary-expr","locations":[{"start":{"line":2,"column":18},"end":{"line":2,"column":22}},{"start":{"line":2,"column":26},"end":{"line":2,"column":41}},{"start":{"line":2,"column":46},"end":{"line":7,"column":1}}],"line":2},"1":{"loc":{"start":{"line":3,"column":34},"end":{"line":3,"column":125}},"type":"cond-expr","locations":[{"start":{"line":3,"column":42},"end":{"line":3,"column":48}},{"start":{"line":3,"column":51},"end":{"line":3,"column":125}}],"line":3},"2":{"loc":{"start":{"line":3,"column":51},"end":{"line":3,"column":125}},"type":"cond-expr","locations":[{"start":{"line":3,"column":67},"end":{"line":3,"column":118}},{"start":{"line":3,"column":121},"end":{"line":3,"column":125}}],"line":3},"3":{"loc":{"start":{"line":4,"column":4},"end":{"line":5,"column":150}},"type":"if","locations":[{"start":{"line":4,"column":4},"end":{"line":5,"column":150}},{"start":{"line":4,"column":4},"end":{"line":5,"column":150}}],"line":4},"4":{"loc":{"start":{"line":4,"column":8},"end":{"line":4,"column":77}},"type":"binary-expr","locations":[{"start":{"line":4,"column":8},"end":{"line":4,"column":35}},{"start":{"line":4,"column":39},"end":{"line":4,"column":77}}],"line":4},"5":{"loc":{"start":{"line":5,"column":58},"end":{"line":5,"column":150}},"type":"if","locations":[{"start":{"line":5,"column":58},"end":{"line":5,"column":150}},{"start":{"line":5,"column":58},"end":{"line":5,"column":150}}],"line":5},"6":{"loc":{"start":{"line":5,"column":85},"end":{"line":5,"column":149}},"type":"binary-expr","locations":[{"start":{"line":5,"column":86},"end":{"line":5,"column":143}},{"start":{"line":5,"column":148},"end":{"line":5,"column":149}}],"line":5},"7":{"loc":{"start":{"line":5,"column":86},"end":{"line":5,"column":143}},"type":"cond-expr","locations":[{"start":{"line":5,"column":94},"end":{"line":5,"column":98}},{"start":{"line":5,"column":101},"end":{"line":5,"column":143}}],"line":5},"8":{"loc":{"start":{"line":5,"column":101},"end":{"line":5,"column":143}},"type":"cond-expr","locations":[{"start":{"line":5,"column":109},"end":{"line":5,"column":126}},{"start":{"line":5,"column":129},"end":{"line":5,"column":143}}],"line":5},"9":{"loc":{"start":{"line":6,"column":11},"end":{"line":6,"column":62}},"type":"binary-expr","locations":[{"start":{"line":6,"column":11},"end":{"line":6,"column":16}},{"start":{"line":6,"column":20},"end":{"line":6,"column":21}},{"start":{"line":6,"column":25},"end":{"line":6,"column":62}}],"line":6},"10":{"loc":{"start":{"line":8,"column":17},"end":{"line":10,"column":1}},"type":"binary-expr","locations":[{"start":{"line":8,"column":18},"end":{"line":8,"column":22}},{"start":{"line":8,"column":26},"end":{"line":8,"column":41}},{"start":{"line":8,"column":46},"end":{"line":10,"column":1}}],"line":8},"11":{"loc":{"start":{"line":9,"column":4},"end":{"line":9,"column":109}},"type":"if","locations":[{"start":{"line":9,"column":4},"end":{"line":9,"column":109}},{"start":{"line":9,"column":4},"end":{"line":9,"column":109}}],"line":9},"12":{"loc":{"start":{"line":9,"column":8},"end":{"line":9,"column":77}},"type":"binary-expr","locations":[{"start":{"line":9,"column":8},"end":{"line":9,"column":35}},{"start":{"line":9,"column":39},"end":{"line":9,"column":77}}],"line":9}},"s":{"0":1,"1":5,"2":5,"3":5,"4":5,"5":0,"6":0,"7":0,"8":5,"9":1,"10":4,"11":4,"12":1,"13":1,"14":1,"15":1,"16":1,"17":11,"18":11,"19":5,"20":5,"21":5,"22":5,"23":5,"24":5,"25":6,"26":6,"27":1,"28":1,"29":1,"30":1,"31":1,"32":1,"33":1},"f":{"0":5,"1":4,"2":11,"3":5,"4":5,"5":5,"6":6},"b":{"0":[1,1,1],"1":[1,4],"2":[0,4],"3":[5,0],"4":[5,5],"5":[0,0],"6":[0,0],"7":[0,0],"8":[0,0],"9":[5,4,0],"10":[1,1,1],"11":[4,0],"12":[4,4]},"_coverageSchema":"332fd63041d2c1bcb487cc26dd0d5f7d97098a6c","hash":"1b46fb0748f03e3126faff3f6598d9116a117427"}
,"C:\\Users\\Orel Balilti\\Documents\\Projects\\Sugoi\\ORM\\dist\\classes\\connection.class.js": {"path":"C:\\Users\\Orel Balilti\\Documents\\Projects\\Sugoi\\ORM\\dist\\classes\\connection.class.js","statementMap":{"0":{"start":{"line":2,"column":0},"end":{"line":2,"column":62}},"1":{"start":{"line":5,"column":0},"end":{"line":5,"column":32}}},"fnMap":{},"branchMap":{},"s":{"0":1,"1":1},"f":{},"b":{},"_coverageSchema":"332fd63041d2c1bcb487cc26dd0d5f7d97098a6c","hash":"4bfef2a310c6fb534c0454eafa4be40b40d0e0d0"}
,"C:\\Users\\Orel Balilti\\Documents\\Projects\\Sugoi\\ORM\\dist\\classes\\query-options.class.js": {"path":"C:\\Users\\Orel Balilti\\Documents\\Projects\\Sugoi\\ORM\\dist\\classes\\query-options.class.js","statementMap":{"0":{"start":{"line":2,"column":0},"end":{"line":2,"column":62}},"1":{"start":{"line":5,"column":8},"end":{"line":5,"column":34}},"2":{"start":{"line":9,"column":8},"end":{"line":9,"column":27}},"3":{"start":{"line":10,"column":8},"end":{"line":10,"column":20}},"4":{"start":{"line":13,"column":8},"end":{"line":13,"column":26}},"5":{"start":{"line":16,"column":8},"end":{"line":16,"column":29}},"6":{"start":{"line":17,"column":8},"end":{"line":17,"column":20}},"7":{"start":{"line":20,"column":8},"end":{"line":20,"column":27}},"8":{"start":{"line":23,"column":8},"end":{"line":23,"column":25}},"9":{"start":{"line":24,"column":8},"end":{"line":24,"column":20}},"10":{"start":{"line":27,"column":8},"end":{"line":27,"column":31}},"11":{"start":{"line":30,"column":8},"end":{"line":30,"column":43}},"12":{"start":{"line":31,"column":8},"end":{"line":31,"column":20}},"13":{"start":{"line":34,"column":8},"end":{"line":34,"column":43}},"14":{"start":{"line":37,"column":0},"end":{"line":37,"column":36}}},"fnMap":{"0":{"name":"(anonymous_0)","decl":{"start":{"line":4,"column":4},"end":{"line":4,"column":5}},"loc":{"start":{"line":4,"column":21},"end":{"line":6,"column":5}},"line":4},"1":{"name":"(anonymous_1)","decl":{"start":{"line":7,"column":4},"end":{"line":7,"column":5}},"loc":{"start":{"line":7,"column":18},"end":{"line":7,"column":21}},"line":7},"2":{"name":"(anonymous_2)","decl":{"start":{"line":8,"column":4},"end":{"line":8,"column":5}},"loc":{"start":{"line":8,"column":20},"end":{"line":11,"column":5}},"line":8},"3":{"name":"(anonymous_3)","decl":{"start":{"line":12,"column":4},"end":{"line":12,"column":5}},"loc":{"start":{"line":12,"column":15},"end":{"line":14,"column":5}},"line":12},"4":{"name":"(anonymous_4)","decl":{"start":{"line":15,"column":4},"end":{"line":15,"column":5}},"loc":{"start":{"line":15,"column":22},"end":{"line":18,"column":5}},"line":15},"5":{"name":"(anonymous_5)","decl":{"start":{"line":19,"column":4},"end":{"line":19,"column":5}},"loc":{"start":{"line":19,"column":16},"end":{"line":21,"column":5}},"line":19},"6":{"name":"(anonymous_6)","decl":{"start":{"line":22,"column":4},"end":{"line":22,"column":5}},"loc":{"start":{"line":22,"column":28},"end":{"line":25,"column":5}},"line":22},"7":{"name":"(anonymous_7)","decl":{"start":{"line":26,"column":4},"end":{"line":26,"column":5}},"loc":{"start":{"line":26,"column":21},"end":{"line":28,"column":5}},"line":26},"8":{"name":"(anonymous_8)","decl":{"start":{"line":29,"column":4},"end":{"line":29,"column":5}},"loc":{"start":{"line":29,"column":36},"end":{"line":32,"column":5}},"line":29},"9":{"name":"(anonymous_9)","decl":{"start":{"line":33,"column":4},"end":{"line":33,"column":5}},"loc":{"start":{"line":33,"column":32},"end":{"line":35,"column":5}},"line":33}},"branchMap":{"0":{"loc":{"start":{"line":27,"column":15},"end":{"line":27,"column":30}},"type":"binary-expr","locations":[{"start":{"line":27,"column":15},"end":{"line":27,"column":24}},{"start":{"line":27,"column":28},"end":{"line":27,"column":30}}],"line":27}},"s":{"0":1,"1":38,"2":13,"3":13,"4":16,"5":1,"6":1,"7":16,"8":5,"9":5,"10":16,"11":1,"12":1,"13":0,"14":1},"f":{"0":38,"1":38,"2":13,"3":16,"4":1,"5":16,"6":5,"7":16,"8":1,"9":0},"b":{"0":[16,12]},"_coverageSchema":"332fd63041d2c1bcb487cc26dd0d5f7d97098a6c","hash":"2d6661114ca12f871ab0ed9cc2c994f5731997bb"}
,"C:\\Users\\Orel Balilti\\Documents\\Projects\\Sugoi\\ORM\\dist\\classes\\sort-item.class.js": {"path":"C:\\Users\\Orel Balilti\\Documents\\Projects\\Sugoi\\ORM\\dist\\classes\\sort-item.class.js","statementMap":{"0":{"start":{"line":2,"column":0},"end":{"line":2,"column":62}},"1":{"start":{"line":5,"column":8},"end":{"line":5,"column":37}},"2":{"start":{"line":6,"column":8},"end":{"line":6,"column":27}},"3":{"start":{"line":9,"column":0},"end":{"line":9,"column":28}}},"fnMap":{"0":{"name":"(anonymous_0)","decl":{"start":{"line":4,"column":4},"end":{"line":4,"column":5}},"loc":{"start":{"line":4,"column":35},"end":{"line":7,"column":5}},"line":4}},"branchMap":{},"s":{"0":1,"1":5,"2":5,"3":1},"f":{"0":5},"b":{},"_coverageSchema":"332fd63041d2c1bcb487cc26dd0d5f7d97098a6c","hash":"a27581e79df7d463a3765f327564eabfb7968353"}
,"C:\\Users\\Orel Balilti\\Documents\\Projects\\Sugoi\\ORM\\dist\\classes\\storeable.class.js": {"path":"C:\\Users\\Orel Balilti\\Documents\\Projects\\Sugoi\\ORM\\dist\\classes\\storeable.class.js","statementMap":{"0":{"start":{"line":2,"column":0},"end":{"line":2,"column":62}},"1":{"start":{"line":3,"column":27},"end":{"line":3,"column":68}},"2":{"start":{"line":4,"column":34},"end":{"line":4,"column":81}},"3":{"start":{"line":5,"column":30},"end":{"line":5,"column":74}},"4":{"start":{"line":8,"column":8},"end":{"line":8,"column":36}},"5":{"start":{"line":9,"column":8},"end":{"line":9,"column":38}},"6":{"start":{"line":12,"column":8},"end":{"line":12,"column":54}},"7":{"start":{"line":15,"column":27},"end":{"line":15,"column":71}},"8":{"start":{"line":16,"column":8},"end":{"line":17,"column":19}},"9":{"start":{"line":17,"column":12},"end":{"line":17,"column":19}},"10":{"start":{"line":18,"column":8},"end":{"line":18,"column":41}},"11":{"start":{"line":19,"column":8},"end":{"line":19,"column":39}},"12":{"start":{"line":20,"column":8},"end":{"line":20,"column":55}},"13":{"start":{"line":23,"column":8},"end":{"line":23,"column":36}},"14":{"start":{"line":26,"column":8},"end":{"line":26,"column":44}},"15":{"start":{"line":29,"column":8},"end":{"line":29,"column":35}},"16":{"start":{"line":32,"column":8},"end":{"line":32,"column":43}},"17":{"start":{"line":35,"column":8},"end":{"line":35,"column":50}},"18":{"start":{"line":38,"column":8},"end":{"line":41,"column":9}},"19":{"start":{"line":39,"column":12},"end":{"line":39,"column":42}},"20":{"start":{"line":40,"column":12},"end":{"line":40,"column":25}},"21":{"start":{"line":42,"column":8},"end":{"line":42,"column":58}},"22":{"start":{"line":45,"column":8},"end":{"line":45,"column":35}},"23":{"start":{"line":48,"column":8},"end":{"line":48,"column":43}},"24":{"start":{"line":51,"column":8},"end":{"line":51,"column":61}},"25":{"start":{"line":52,"column":8},"end":{"line":52,"column":65}},"26":{"start":{"line":52,"column":32},"end":{"line":52,"column":63}},"27":{"start":{"line":55,"column":8},"end":{"line":55,"column":68}},"28":{"start":{"line":56,"column":8},"end":{"line":56,"column":66}},"29":{"start":{"line":56,"column":32},"end":{"line":56,"column":64}},"30":{"start":{"line":59,"column":8},"end":{"line":59,"column":33}},"31":{"start":{"line":60,"column":8},"end":{"line":60,"column":59}},"32":{"start":{"line":61,"column":8},"end":{"line":61,"column":33}},"33":{"start":{"line":64,"column":8},"end":{"line":64,"column":57}},"34":{"start":{"line":67,"column":30},"end":{"line":67,"column":53}},"35":{"start":{"line":68,"column":8},"end":{"line":70,"column":11}},"36":{"start":{"line":69,"column":12},"end":{"line":69,"column":44}},"37":{"start":{"line":73,"column":30},"end":{"line":73,"column":53}},"38":{"start":{"line":74,"column":8},"end":{"line":78,"column":11}},"39":{"start":{"line":75,"column":12},"end":{"line":76,"column":23}},"40":{"start":{"line":76,"column":16},"end":{"line":76,"column":23}},"41":{"start":{"line":77,"column":12},"end":{"line":77,"column":45}},"42":{"start":{"line":81,"column":23},"end":{"line":81,"column":123}},"43":{"start":{"line":82,"column":8},"end":{"line":85,"column":11}},"44":{"start":{"line":84,"column":12},"end":{"line":84,"column":33}},"45":{"start":{"line":86,"column":8},"end":{"line":86,"column":22}},"46":{"start":{"line":89,"column":8},"end":{"line":89,"column":95}},"47":{"start":{"line":92,"column":8},"end":{"line":92,"column":80}},"48":{"start":{"line":95,"column":8},"end":{"line":95,"column":109}},"49":{"start":{"line":98,"column":8},"end":{"line":98,"column":97}},"50":{"start":{"line":101,"column":31},"end":{"line":101,"column":64}},"51":{"start":{"line":102,"column":28},"end":{"line":102,"column":30}},"52":{"start":{"line":103,"column":8},"end":{"line":111,"column":11}},"53":{"start":{"line":104,"column":12},"end":{"line":110,"column":13}},"54":{"start":{"line":105,"column":16},"end":{"line":105,"column":40}},"55":{"start":{"line":106,"column":16},"end":{"line":106,"column":23}},"56":{"start":{"line":109,"column":16},"end":{"line":109,"column":45}},"57":{"start":{"line":112,"column":8},"end":{"line":116,"column":9}},"58":{"start":{"line":113,"column":41},"end":{"line":113,"column":72}},"59":{"start":{"line":114,"column":12},"end":{"line":114,"column":74}},"60":{"start":{"line":114,"column":41},"end":{"line":114,"column":72}},"61":{"start":{"line":115,"column":12},"end":{"line":115,"column":64}},"62":{"start":{"line":119,"column":8},"end":{"line":119,"column":36}},"63":{"start":{"line":120,"column":8},"end":{"line":120,"column":33}},"64":{"start":{"line":121,"column":8},"end":{"line":121,"column":33}},"65":{"start":{"line":124,"column":0},"end":{"line":124,"column":25}},"66":{"start":{"line":125,"column":0},"end":{"line":125,"column":30}}},"fnMap":{"0":{"name":"(anonymous_0)","decl":{"start":{"line":7,"column":4},"end":{"line":7,"column":5}},"loc":{"start":{"line":7,"column":18},"end":{"line":10,"column":5}},"line":7},"1":{"name":"(anonymous_1)","decl":{"start":{"line":11,"column":4},"end":{"line":11,"column":5}},"loc":{"start":{"line":11,"column":24},"end":{"line":13,"column":5}},"line":11},"2":{"name":"(anonymous_2)","decl":{"start":{"line":14,"column":4},"end":{"line":14,"column":5}},"loc":{"start":{"line":14,"column":34},"end":{"line":21,"column":5}},"line":14},"3":{"name":"(anonymous_3)","decl":{"start":{"line":22,"column":4},"end":{"line":22,"column":5}},"loc":{"start":{"line":22,"column":36},"end":{"line":24,"column":5}},"line":22},"4":{"name":"(anonymous_4)","decl":{"start":{"line":25,"column":4},"end":{"line":25,"column":5}},"loc":{"start":{"line":25,"column":29},"end":{"line":27,"column":5}},"line":25},"5":{"name":"(anonymous_5)","decl":{"start":{"line":28,"column":4},"end":{"line":28,"column":5}},"loc":{"start":{"line":28,"column":29},"end":{"line":30,"column":5}},"line":28},"6":{"name":"(anonymous_6)","decl":{"start":{"line":31,"column":4},"end":{"line":31,"column":5}},"loc":{"start":{"line":31,"column":22},"end":{"line":33,"column":5}},"line":31},"7":{"name":"(anonymous_7)","decl":{"start":{"line":34,"column":4},"end":{"line":34,"column":5}},"loc":{"start":{"line":34,"column":29},"end":{"line":36,"column":5}},"line":34},"8":{"name":"(anonymous_8)","decl":{"start":{"line":37,"column":4},"end":{"line":37,"column":5}},"loc":{"start":{"line":37,"column":22},"end":{"line":43,"column":5}},"line":37},"9":{"name":"(anonymous_9)","decl":{"start":{"line":44,"column":4},"end":{"line":44,"column":5}},"loc":{"start":{"line":44,"column":32},"end":{"line":46,"column":5}},"line":44},"10":{"name":"(anonymous_10)","decl":{"start":{"line":47,"column":4},"end":{"line":47,"column":5}},"loc":{"start":{"line":47,"column":25},"end":{"line":49,"column":5}},"line":47},"11":{"name":"(anonymous_11)","decl":{"start":{"line":50,"column":4},"end":{"line":50,"column":5}},"loc":{"start":{"line":50,"column":33},"end":{"line":53,"column":5}},"line":50},"12":{"name":"(anonymous_12)","decl":{"start":{"line":52,"column":23},"end":{"line":52,"column":24}},"loc":{"start":{"line":52,"column":32},"end":{"line":52,"column":63}},"line":52},"13":{"name":"(anonymous_13)","decl":{"start":{"line":54,"column":4},"end":{"line":54,"column":5}},"loc":{"start":{"line":54,"column":39},"end":{"line":57,"column":5}},"line":54},"14":{"name":"(anonymous_14)","decl":{"start":{"line":56,"column":23},"end":{"line":56,"column":24}},"loc":{"start":{"line":56,"column":32},"end":{"line":56,"column":64}},"line":56},"15":{"name":"(anonymous_15)","decl":{"start":{"line":58,"column":4},"end":{"line":58,"column":5}},"loc":{"start":{"line":58,"column":24},"end":{"line":62,"column":5}},"line":58},"16":{"name":"(anonymous_16)","decl":{"start":{"line":63,"column":4},"end":{"line":63,"column":5}},"loc":{"start":{"line":63,"column":23},"end":{"line":65,"column":5}},"line":63},"17":{"name":"(anonymous_17)","decl":{"start":{"line":66,"column":4},"end":{"line":66,"column":5}},"loc":{"start":{"line":66,"column":24},"end":{"line":71,"column":5}},"line":66},"18":{"name":"(anonymous_18)","decl":{"start":{"line":68,"column":30},"end":{"line":68,"column":31}},"loc":{"start":{"line":68,"column":39},"end":{"line":70,"column":9}},"line":68},"19":{"name":"(anonymous_19)","decl":{"start":{"line":72,"column":4},"end":{"line":72,"column":5}},"loc":{"start":{"line":72,"column":24},"end":{"line":79,"column":5}},"line":72},"20":{"name":"(anonymous_20)","decl":{"start":{"line":74,"column":30},"end":{"line":74,"column":31}},"loc":{"start":{"line":74,"column":39},"end":{"line":78,"column":9}},"line":74},"21":{"name":"(anonymous_21)","decl":{"start":{"line":80,"column":4},"end":{"line":80,"column":5}},"loc":{"start":{"line":80,"column":25},"end":{"line":87,"column":5}},"line":80},"22":{"name":"(anonymous_22)","decl":{"start":{"line":83,"column":21},"end":{"line":83,"column":22}},"loc":{"start":{"line":83,"column":30},"end":{"line":85,"column":9}},"line":83},"23":{"name":"(anonymous_23)","decl":{"start":{"line":88,"column":4},"end":{"line":88,"column":5}},"loc":{"start":{"line":88,"column":33},"end":{"line":90,"column":5}},"line":88},"24":{"name":"(anonymous_24)","decl":{"start":{"line":91,"column":4},"end":{"line":91,"column":5}},"loc":{"start":{"line":91,"column":40},"end":{"line":93,"column":5}},"line":91},"25":{"name":"(anonymous_25)","decl":{"start":{"line":94,"column":4},"end":{"line":94,"column":5}},"loc":{"start":{"line":94,"column":31},"end":{"line":96,"column":5}},"line":94},"26":{"name":"(anonymous_26)","decl":{"start":{"line":97,"column":4},"end":{"line":97,"column":5}},"loc":{"start":{"line":97,"column":37},"end":{"line":99,"column":5}},"line":97},"27":{"name":"(anonymous_27)","decl":{"start":{"line":100,"column":4},"end":{"line":100,"column":5}},"loc":{"start":{"line":100,"column":37},"end":{"line":117,"column":5}},"line":100},"28":{"name":"(anonymous_28)","decl":{"start":{"line":103,"column":23},"end":{"line":103,"column":24}},"loc":{"start":{"line":103,"column":32},"end":{"line":111,"column":9}},"line":103},"29":{"name":"(anonymous_29)","decl":{"start":{"line":114,"column":32},"end":{"line":114,"column":33}},"loc":{"start":{"line":114,"column":41},"end":{"line":114,"column":72}},"line":114},"30":{"name":"(anonymous_30)","decl":{"start":{"line":118,"column":4},"end":{"line":118,"column":5}},"loc":{"start":{"line":118,"column":29},"end":{"line":122,"column":5}},"line":118}},"branchMap":{"0":{"loc":{"start":{"line":16,"column":8},"end":{"line":17,"column":19}},"type":"if","locations":[{"start":{"line":16,"column":8},"end":{"line":17,"column":19}},{"start":{"line":16,"column":8},"end":{"line":17,"column":19}}],"line":16},"1":{"loc":{"start":{"line":38,"column":8},"end":{"line":41,"column":9}},"type":"if","locations":[{"start":{"line":38,"column":8},"end":{"line":41,"column":9}},{"start":{"line":38,"column":8},"end":{"line":41,"column":9}}],"line":38},"2":{"loc":{"start":{"line":75,"column":12},"end":{"line":76,"column":23}},"type":"if","locations":[{"start":{"line":75,"column":12},"end":{"line":76,"column":23}},{"start":{"line":75,"column":12},"end":{"line":76,"column":23}}],"line":75},"3":{"loc":{"start":{"line":89,"column":15},"end":{"line":89,"column":94}},"type":"binary-expr","locations":[{"start":{"line":89,"column":15},"end":{"line":89,"column":88}},{"start":{"line":89,"column":92},"end":{"line":89,"column":94}}],"line":89},"4":{"loc":{"start":{"line":95,"column":15},"end":{"line":95,"column":108}},"type":"binary-expr","locations":[{"start":{"line":95,"column":15},"end":{"line":95,"column":95}},{"start":{"line":95,"column":99},"end":{"line":95,"column":108}}],"line":95},"5":{"loc":{"start":{"line":104,"column":12},"end":{"line":110,"column":13}},"type":"if","locations":[{"start":{"line":104,"column":12},"end":{"line":110,"column":13}},{"start":{"line":104,"column":12},"end":{"line":110,"column":13}}],"line":104},"6":{"loc":{"start":{"line":112,"column":8},"end":{"line":116,"column":9}},"type":"if","locations":[{"start":{"line":112,"column":8},"end":{"line":116,"column":9}},{"start":{"line":112,"column":8},"end":{"line":116,"column":9}}],"line":112}},"s":{"0":1,"1":1,"2":1,"3":1,"4":81,"5":81,"6":168,"7":687,"8":687,"9":496,"10":191,"11":191,"12":191,"13":3,"14":10,"15":181,"16":87,"17":3,"18":356,"19":0,"20":0,"21":356,"22":0,"23":2,"24":2,"25":2,"26":2,"27":2,"28":2,"29":3,"30":1,"31":1,"32":1,"33":175,"34":170,"35":170,"36":511,"37":1,"38":1,"39":3,"40":0,"41":3,"42":8,"43":8,"44":3,"45":8,"46":12,"47":1,"48":10,"49":2,"50":3,"51":3,"52":3,"53":3,"54":2,"55":2,"56":1,"57":3,"58":2,"59":2,"60":2,"61":2,"62":133,"63":133,"64":133,"65":1,"66":1},"f":{"0":81,"1":168,"2":687,"3":3,"4":10,"5":181,"6":87,"7":3,"8":356,"9":0,"10":2,"11":2,"12":2,"13":2,"14":3,"15":1,"16":175,"17":170,"18":511,"19":1,"20":3,"21":8,"22":3,"23":12,"24":1,"25":10,"26":2,"27":3,"28":3,"29":2,"30":133},"b":{"0":[496,191],"1":[0,356],"2":[0,3],"3":[12,9],"4":[10,7],"5":[2,1],"6":[2,1]},"_coverageSchema":"332fd63041d2c1bcb487cc26dd0d5f7d97098a6c","hash":"009d089b14ae8247033d09994c6db63552b6a509"}
,"C:\\Users\\Orel Balilti\\Documents\\Projects\\Sugoi\\ORM\\dist\\constants\\connection-status.constant.js": {"path":"C:\\Users\\Orel Balilti\\Documents\\Projects\\Sugoi\\ORM\\dist\\constants\\connection-status.constant.js","statementMap":{"0":{"start":{"line":2,"column":0},"end":{"line":2,"column":62}},"1":{"start":{"line":4,"column":0},"end":{"line":7,"column":86}},"2":{"start":{"line":5,"column":4},"end":{"line":5,"column":49}},"3":{"start":{"line":6,"column":4},"end":{"line":6,"column":55}}},"fnMap":{"0":{"name":"(anonymous_0)","decl":{"start":{"line":4,"column":1},"end":{"line":4,"column":2}},"loc":{"start":{"line":4,"column":30},"end":{"line":7,"column":1}},"line":4}},"branchMap":{"0":{"loc":{"start":{"line":7,"column":23},"end":{"line":7,"column":84}},"type":"binary-expr","locations":[{"start":{"line":7,"column":23},"end":{"line":7,"column":48}},{"start":{"line":7,"column":53},"end":{"line":7,"column":83}}],"line":7}},"s":{"0":1,"1":1,"2":1,"3":1},"f":{"0":1},"b":{"0":[1,1]},"_coverageSchema":"332fd63041d2c1bcb487cc26dd0d5f7d97098a6c","hash":"62d227bd33b212bcc20c89ade51e91111c610e5e"}
,"C:\\Users\\Orel Balilti\\Documents\\Projects\\Sugoi\\ORM\\dist\\constants\\decorators-key.constant.js": {"path":"C:\\Users\\Orel Balilti\\Documents\\Projects\\Sugoi\\ORM\\dist\\constants\\decorators-key.constant.js","statementMap":{"0":{"start":{"line":2,"column":0},"end":{"line":2,"column":62}},"1":{"start":{"line":3,"column":0},"end":{"line":10,"column":2}}},"fnMap":{},"branchMap":{},"s":{"0":1,"1":1},"f":{},"b":{},"_coverageSchema":"332fd63041d2c1bcb487cc26dd0d5f7d97098a6c","hash":"bd73d0caa43b7f26fd0d9ffd1030ebde5e1ff295"}
,"C:\\Users\\Orel Balilti\\Documents\\Projects\\Sugoi\\ORM\\dist\\constants\\exceptions.contant.js": {"path":"C:\\Users\\Orel Balilti\\Documents\\Projects\\Sugoi\\ORM\\dist\\constants\\exceptions.contant.js","statementMap":{"0":{"start":{"line":2,"column":0},"end":{"line":2,"column":62}},"1":{"start":{"line":3,"column":0},"end":{"line":11,"column":2}}},"fnMap":{},"branchMap":{},"s":{"0":1,"1":1},"f":{},"b":{},"_coverageSchema":"332fd63041d2c1bcb487cc26dd0d5f7d97098a6c","hash":"b0f5a2c8ac989e6a27c47d2e4c6dc0db75158d36"}
,"C:\\Users\\Orel Balilti\\Documents\\Projects\\Sugoi\\ORM\\dist\\constants\\sort-options.enum.js": {"path":"C:\\Users\\Orel Balilti\\Documents\\Projects\\Sugoi\\ORM\\dist\\constants\\sort-options.enum.js","statementMap":{"0":{"start":{"line":2,"column":0},"end":{"line":2,"column":62}},"1":{"start":{"line":4,"column":0},"end":{"line":7,"column":68}},"2":{"start":{"line":5,"column":4},"end":{"line":5,"column":33}},"3":{"start":{"line":6,"column":4},"end":{"line":6,"column":31}}},"fnMap":{"0":{"name":"(anonymous_0)","decl":{"start":{"line":4,"column":1},"end":{"line":4,"column":2}},"loc":{"start":{"line":4,"column":24},"end":{"line":7,"column":1}},"line":4}},"branchMap":{"0":{"loc":{"start":{"line":7,"column":17},"end":{"line":7,"column":66}},"type":"binary-expr","locations":[{"start":{"line":7,"column":17},"end":{"line":7,"column":36}},{"start":{"line":7,"column":41},"end":{"line":7,"column":65}}],"line":7}},"s":{"0":1,"1":1,"2":1,"3":1},"f":{"0":1},"b":{"0":[1,1]},"_coverageSchema":"332fd63041d2c1bcb487cc26dd0d5f7d97098a6c","hash":"14b4e5c38cf329c7c9dd7787768f343d146df9b8"}
,"C:\\Users\\Orel Balilti\\Documents\\Projects\\Sugoi\\ORM\\dist\\decorators\\connection-name.decorator.js": {"path":"C:\\Users\\Orel Balilti\\Documents\\Projects\\Sugoi\\ORM\\dist\\decorators\\connection-name.decorator.js","statementMap":{"0":{"start":{"line":2,"column":0},"end":{"line":2,"column":62}},"1":{"start":{"line":3,"column":26},"end":{"line":3,"column":66}},"2":{"start":{"line":4,"column":29},"end":{"line":4,"column":71}},"3":{"start":{"line":6,"column":4},"end":{"line":10,"column":6}},"4":{"start":{"line":7,"column":8},"end":{"line":9,"column":9}},"5":{"start":{"line":8,"column":12},"end":{"line":8,"column":197}},"6":{"start":{"line":12,"column":0},"end":{"line":12,"column":40}},"7":{"start":{"line":14,"column":4},"end":{"line":23,"column":5}},"8":{"start":{"line":15,"column":8},"end":{"line":15,"column":46}},"9":{"start":{"line":16,"column":8},"end":{"line":16,"column":20}},"10":{"start":{"line":18,"column":9},"end":{"line":23,"column":5}},"11":{"start":{"line":19,"column":8},"end":{"line":19,"column":64}},"12":{"start":{"line":22,"column":8},"end":{"line":22,"column":21}}},"fnMap":{"0":{"name":"ConnectionName","decl":{"start":{"line":5,"column":9},"end":{"line":5,"column":23}},"loc":{"start":{"line":5,"column":30},"end":{"line":11,"column":1}},"line":5},"1":{"name":"(anonymous_1)","decl":{"start":{"line":6,"column":11},"end":{"line":6,"column":12}},"loc":{"start":{"line":6,"column":36},"end":{"line":10,"column":5}},"line":6},"2":{"name":"setConnectionName","decl":{"start":{"line":13,"column":9},"end":{"line":13,"column":26}},"loc":{"start":{"line":13,"column":48},"end":{"line":24,"column":1}},"line":13}},"branchMap":{"0":{"loc":{"start":{"line":7,"column":8},"end":{"line":9,"column":9}},"type":"if","locations":[{"start":{"line":7,"column":8},"end":{"line":9,"column":9}},{"start":{"line":7,"column":8},"end":{"line":9,"column":9}}],"line":7},"1":{"loc":{"start":{"line":14,"column":4},"end":{"line":23,"column":5}},"type":"if","locations":[{"start":{"line":14,"column":4},"end":{"line":23,"column":5}},{"start":{"line":14,"column":4},"end":{"line":23,"column":5}}],"line":14},"2":{"loc":{"start":{"line":18,"column":9},"end":{"line":23,"column":5}},"type":"if","locations":[{"start":{"line":18,"column":9},"end":{"line":23,"column":5}},{"start":{"line":18,"column":9},"end":{"line":23,"column":5}}],"line":18}},"s":{"0":1,"1":1,"2":1,"3":3,"4":3,"5":1,"6":1,"7":4,"8":2,"9":2,"10":2,"11":1,"12":1},"f":{"0":3,"1":3,"2":4},"b":{"0":[1,2],"1":[2,2],"2":[1,1]},"_coverageSchema":"332fd63041d2c1bcb487cc26dd0d5f7d97098a6c","hash":"0fdab80deb1ee3b12d1a592311b7a77a793c52ab"}
,"C:\\Users\\Orel Balilti\\Documents\\Projects\\Sugoi\\ORM\\dist\\decorators\\ignore.decorator.js": {"path":"C:\\Users\\Orel Balilti\\Documents\\Projects\\Sugoi\\ORM\\dist\\decorators\\ignore.decorator.js","statementMap":{"0":{"start":{"line":2,"column":0},"end":{"line":2,"column":62}},"1":{"start":{"line":3,"column":34},"end":{"line":3,"column":81}},"2":{"start":{"line":12,"column":4},"end":{"line":15,"column":6}},"3":{"start":{"line":13,"column":29},"end":{"line":13,"column":61}},"4":{"start":{"line":14,"column":8},"end":{"line":14,"column":52}},"5":{"start":{"line":17,"column":0},"end":{"line":17,"column":24}},"6":{"start":{"line":19,"column":26},"end":{"line":19,"column":77}},"7":{"start":{"line":20,"column":24},"end":{"line":20,"column":59}},"8":{"start":{"line":21,"column":4},"end":{"line":25,"column":7}},"9":{"start":{"line":22,"column":8},"end":{"line":23,"column":19}},"10":{"start":{"line":23,"column":12},"end":{"line":23,"column":19}},"11":{"start":{"line":24,"column":8},"end":{"line":24,"column":33}},"12":{"start":{"line":26,"column":4},"end":{"line":26,"column":107}},"13":{"start":{"line":28,"column":0},"end":{"line":28,"column":44}},"14":{"start":{"line":30,"column":27},"end":{"line":30,"column":65}},"15":{"start":{"line":31,"column":24},"end":{"line":31,"column":59}},"16":{"start":{"line":32,"column":31},"end":{"line":32,"column":72}},"17":{"start":{"line":33,"column":19},"end":{"line":33,"column":57}},"18":{"start":{"line":34,"column":4},"end":{"line":43,"column":7}},"19":{"start":{"line":35,"column":8},"end":{"line":42,"column":9}},"20":{"start":{"line":36,"column":12},"end":{"line":36,"column":41}},"21":{"start":{"line":37,"column":12},"end":{"line":37,"column":35}},"22":{"start":{"line":39,"column":13},"end":{"line":42,"column":9}},"23":{"start":{"line":40,"column":12},"end":{"line":40,"column":42}},"24":{"start":{"line":41,"column":12},"end":{"line":41,"column":37}},"25":{"start":{"line":44,"column":4},"end":{"line":45,"column":103}},"26":{"start":{"line":45,"column":8},"end":{"line":45,"column":103}},"27":{"start":{"line":46,"column":4},"end":{"line":47,"column":111}},"28":{"start":{"line":47,"column":8},"end":{"line":47,"column":111}},"29":{"start":{"line":49,"column":0},"end":{"line":49,"column":58}},"30":{"start":{"line":51,"column":21},"end":{"line":51,"column":65}},"31":{"start":{"line":52,"column":24},"end":{"line":52,"column":62}},"32":{"start":{"line":53,"column":23},"end":{"line":53,"column":64}},"33":{"start":{"line":54,"column":4},"end":{"line":54,"column":68}},"34":{"start":{"line":54,"column":44},"end":{"line":54,"column":66}},"35":{"start":{"line":55,"column":16},"end":{"line":55,"column":36}},"36":{"start":{"line":56,"column":4},"end":{"line":56,"column":49}},"37":{"start":{"line":57,"column":4},"end":{"line":57,"column":15}},"38":{"start":{"line":59,"column":0},"end":{"line":59,"column":44}},"39":{"start":{"line":61,"column":4},"end":{"line":61,"column":86}},"40":{"start":{"line":62,"column":4},"end":{"line":62,"column":90}},"41":{"start":{"line":64,"column":0},"end":{"line":64,"column":62}},"42":{"start":{"line":66,"column":4},"end":{"line":68,"column":15}},"43":{"start":{"line":71,"column":4},"end":{"line":73,"column":20}},"44":{"start":{"line":76,"column":4},"end":{"line":78,"column":20}}},"fnMap":{"0":{"name":"Ignore","decl":{"start":{"line":11,"column":9},"end":{"line":11,"column":15}},"loc":{"start":{"line":11,"column":18},"end":{"line":16,"column":1}},"line":11},"1":{"name":"(anonymous_1)","decl":{"start":{"line":12,"column":11},"end":{"line":12,"column":12}},"loc":{"start":{"line":12,"column":56},"end":{"line":15,"column":5}},"line":12},"2":{"name":"addIgnoredFields","decl":{"start":{"line":18,"column":9},"end":{"line":18,"column":25}},"loc":{"start":{"line":18,"column":51},"end":{"line":27,"column":1}},"line":18},"3":{"name":"(anonymous_3)","decl":{"start":{"line":21,"column":19},"end":{"line":21,"column":20}},"loc":{"start":{"line":21,"column":28},"end":{"line":25,"column":5}},"line":21},"4":{"name":"removeFieldsFromIgnored","decl":{"start":{"line":29,"column":9},"end":{"line":29,"column":32}},"loc":{"start":{"line":29,"column":58},"end":{"line":48,"column":1}},"line":29},"5":{"name":"(anonymous_5)","decl":{"start":{"line":34,"column":19},"end":{"line":34,"column":20}},"loc":{"start":{"line":34,"column":28},"end":{"line":43,"column":5}},"line":34},"6":{"name":"getIgnoredFields","decl":{"start":{"line":50,"column":9},"end":{"line":50,"column":25}},"loc":{"start":{"line":50,"column":40},"end":{"line":58,"column":1}},"line":50},"7":{"name":"(anonymous_7)","decl":{"start":{"line":54,"column":35},"end":{"line":54,"column":36}},"loc":{"start":{"line":54,"column":44},"end":{"line":54,"column":66}},"line":54},"8":{"name":"initInstanceIgnoredFields","decl":{"start":{"line":60,"column":9},"end":{"line":60,"column":34}},"loc":{"start":{"line":60,"column":49},"end":{"line":63,"column":1}},"line":60},"9":{"name":"getClassIgnoredFields","decl":{"start":{"line":65,"column":9},"end":{"line":65,"column":30}},"loc":{"start":{"line":65,"column":45},"end":{"line":69,"column":1}},"line":65},"10":{"name":"getInstanceIgnoredFields","decl":{"start":{"line":70,"column":9},"end":{"line":70,"column":33}},"loc":{"start":{"line":70,"column":48},"end":{"line":74,"column":1}},"line":70},"11":{"name":"getInstanceNotIgnoredFields","decl":{"start":{"line":75,"column":9},"end":{"line":75,"column":36}},"loc":{"start":{"line":75,"column":51},"end":{"line":79,"column":1}},"line":75}},"branchMap":{"0":{"loc":{"start":{"line":19,"column":26},"end":{"line":19,"column":77}},"type":"binary-expr","locations":[{"start":{"line":19,"column":26},"end":{"line":19,"column":64}},{"start":{"line":19,"column":68},"end":{"line":19,"column":77}}],"line":19},"1":{"loc":{"start":{"line":22,"column":8},"end":{"line":23,"column":19}},"type":"if","locations":[{"start":{"line":22,"column":8},"end":{"line":23,"column":19}},{"start":{"line":22,"column":8},"end":{"line":23,"column":19}}],"line":22},"2":{"loc":{"start":{"line":22,"column":12},"end":{"line":22,"column":49}},"type":"binary-expr","locations":[{"start":{"line":22,"column":12},"end":{"line":22,"column":23}},{"start":{"line":22,"column":27},"end":{"line":22,"column":49}}],"line":22},"3":{"loc":{"start":{"line":35,"column":8},"end":{"line":42,"column":9}},"type":"if","locations":[{"start":{"line":35,"column":8},"end":{"line":42,"column":9}},{"start":{"line":35,"column":8},"end":{"line":42,"column":9}}],"line":35},"4":{"loc":{"start":{"line":35,"column":12},"end":{"line":35,"column":55}},"type":"binary-expr","locations":[{"start":{"line":35,"column":12},"end":{"line":35,"column":26}},{"start":{"line":35,"column":30},"end":{"line":35,"column":55}}],"line":35},"5":{"loc":{"start":{"line":39,"column":13},"end":{"line":42,"column":9}},"type":"if","locations":[{"start":{"line":39,"column":13},"end":{"line":42,"column":9}},{"start":{"line":39,"column":13},"end":{"line":42,"column":9}}],"line":39},"6":{"loc":{"start":{"line":39,"column":17},"end":{"line":39,"column":54}},"type":"binary-expr","locations":[{"start":{"line":39,"column":17},"end":{"line":39,"column":28}},{"start":{"line":39,"column":32},"end":{"line":39,"column":54}}],"line":39},"7":{"loc":{"start":{"line":44,"column":4},"end":{"line":45,"column":103}},"type":"if","locations":[{"start":{"line":44,"column":4},"end":{"line":45,"column":103}},{"start":{"line":44,"column":4},"end":{"line":45,"column":103}}],"line":44},"8":{"loc":{"start":{"line":46,"column":4},"end":{"line":47,"column":111}},"type":"if","locations":[{"start":{"line":46,"column":4},"end":{"line":47,"column":111}},{"start":{"line":46,"column":4},"end":{"line":47,"column":111}}],"line":46},"9":{"loc":{"start":{"line":66,"column":11},"end":{"line":68,"column":14}},"type":"cond-expr","locations":[{"start":{"line":67,"column":10},"end":{"line":67,"column":113}},{"start":{"line":68,"column":10},"end":{"line":68,"column":14}}],"line":66},"10":{"loc":{"start":{"line":67,"column":10},"end":{"line":67,"column":113}},"type":"binary-expr","locations":[{"start":{"line":67,"column":10},"end":{"line":67,"column":100}},{"start":{"line":67,"column":104},"end":{"line":67,"column":113}}],"line":67},"11":{"loc":{"start":{"line":71,"column":11},"end":{"line":73,"column":19}},"type":"cond-expr","locations":[{"start":{"line":72,"column":10},"end":{"line":72,"column":88}},{"start":{"line":73,"column":10},"end":{"line":73,"column":19}}],"line":71},"12":{"loc":{"start":{"line":76,"column":11},"end":{"line":78,"column":19}},"type":"cond-expr","locations":[{"start":{"line":77,"column":10},"end":{"line":77,"column":92}},{"start":{"line":78,"column":10},"end":{"line":78,"column":19}}],"line":76}},"s":{"0":1,"1":1,"2":3,"3":3,"4":3,"5":1,"6":5,"7":5,"8":5,"9":5,"10":0,"11":5,"12":5,"13":1,"14":2,"15":2,"16":2,"17":2,"18":2,"19":3,"20":1,"21":1,"22":2,"23":2,"24":2,"25":2,"26":1,"27":2,"28":2,"29":1,"30":175,"31":175,"32":175,"33":175,"34":7,"35":175,"36":175,"37":175,"38":1,"39":1,"40":1,"41":1,"42":182,"43":182,"44":177},"f":{"0":3,"1":3,"2":5,"3":5,"4":2,"5":3,"6":175,"7":7,"8":1,"9":182,"10":182,"11":177},"b":{"0":[5,0],"1":[0,5],"2":[5,2],"3":[1,2],"4":[3,3],"5":[2,0],"6":[2,2],"7":[1,1],"8":[2,0],"9":[179,3],"10":[179,0],"11":[14,168],"12":[9,168]},"_coverageSchema":"332fd63041d2c1bcb487cc26dd0d5f7d97098a6c","hash":"d4901e10f3263d4c15d44a30af3646a1e2314f23"}
,"C:\\Users\\Orel Balilti\\Documents\\Projects\\Sugoi\\ORM\\dist\\decorators\\mandatory.decorator.js": {"path":"C:\\Users\\Orel Balilti\\Documents\\Projects\\Sugoi\\ORM\\dist\\decorators\\mandatory.decorator.js","statementMap":{"0":{"start":{"line":2,"column":0},"end":{"line":2,"column":62}},"1":{"start":{"line":3,"column":34},"end":{"line":3,"column":81}},"2":{"start":{"line":5,"column":4},"end":{"line":7,"column":6}},"3":{"start":{"line":6,"column":8},"end":{"line":6,"column":64}},"4":{"start":{"line":9,"column":0},"end":{"line":9,"column":28}},"5":{"start":{"line":11,"column":4},"end":{"line":13,"column":5}},"6":{"start":{"line":12,"column":8},"end":{"line":12,"column":90}},"7":{"start":{"line":14,"column":4},"end":{"line":14,"column":101}},"8":{"start":{"line":16,"column":0},"end":{"line":16,"column":48}},"9":{"start":{"line":18,"column":19},"end":{"line":18,"column":60}},"10":{"start":{"line":19,"column":4},"end":{"line":19,"column":62}},"11":{"start":{"line":20,"column":4},"end":{"line":20,"column":101}},"12":{"start":{"line":22,"column":0},"end":{"line":22,"column":62}},"13":{"start":{"line":24,"column":19},"end":{"line":24,"column":57}},"14":{"start":{"line":25,"column":4},"end":{"line":25,"column":62}},"15":{"start":{"line":26,"column":4},"end":{"line":26,"column":105}},"16":{"start":{"line":30,"column":8},"end":{"line":30,"column":27}},"17":{"start":{"line":31,"column":8},"end":{"line":38,"column":9}},"18":{"start":{"line":32,"column":12},"end":{"line":32,"column":19}},"19":{"start":{"line":33,"column":13},"end":{"line":38,"column":9}},"20":{"start":{"line":34,"column":12},"end":{"line":34,"column":46}},"21":{"start":{"line":37,"column":12},"end":{"line":37,"column":39}}},"fnMap":{"0":{"name":"Required","decl":{"start":{"line":4,"column":9},"end":{"line":4,"column":17}},"loc":{"start":{"line":4,"column":37},"end":{"line":8,"column":1}},"line":4},"1":{"name":"(anonymous_1)","decl":{"start":{"line":5,"column":11},"end":{"line":5,"column":12}},"loc":{"start":{"line":5,"column":48},"end":{"line":7,"column":5}},"line":5},"2":{"name":"getMandatoryFields","decl":{"start":{"line":10,"column":9},"end":{"line":10,"column":27}},"loc":{"start":{"line":10,"column":42},"end":{"line":15,"column":1}},"line":10},"3":{"name":"addInstanceMandatoryField","decl":{"start":{"line":17,"column":9},"end":{"line":17,"column":34}},"loc":{"start":{"line":17,"column":70},"end":{"line":21,"column":1}},"line":17},"4":{"name":"addMandatoryField","decl":{"start":{"line":23,"column":9},"end":{"line":23,"column":26}},"loc":{"start":{"line":23,"column":62},"end":{"line":27,"column":1}},"line":23},"5":{"name":"(anonymous_5)","decl":{"start":{"line":29,"column":4},"end":{"line":29,"column":5}},"loc":{"start":{"line":29,"column":34},"end":{"line":39,"column":5}},"line":29}},"branchMap":{"0":{"loc":{"start":{"line":4,"column":18},"end":{"line":4,"column":35}},"type":"default-arg","locations":[{"start":{"line":4,"column":3
[...]
ne":6,"column":148}}],"line":6},"3":{"loc":{"start":{"line":7,"column":51},"end":{"line":7,"column":67}},"type":"binary-expr","locations":[{"start":{"line":7,"column":51},"end":{"line":7,"column":61}},{"start":{"line":7,"column":65},"end":{"line":7,"column":67}}],"line":7},"4":{"loc":{"start":{"line":22,"column":24},"end":{"line":22,"column":40}},"type":"default-arg","locations":[{"start":{"line":22,"column":31},"end":{"line":22,"column":40}}],"line":22},"5":{"loc":{"start":{"line":25,"column":29},"end":{"line":25,"column":45}},"type":"default-arg","locations":[{"start":{"line":25,"column":36},"end":{"line":25,"column":45}}],"line":25},"6":{"loc":{"start":{"line":32,"column":15},"end":{"line":32,"column":42}},"type":"binary-expr","locations":[{"start":{"line":32,"column":15},"end":{"line":32,"column":29}},{"start":{"line":32,"column":33},"end":{"line":32,"column":42}}],"line":32},"7":{"loc":{"start":{"line":34,"column":16},"end":{"line":34,"column":26}},"type":"default-arg","locations":[{"start":{"line":34,"column":24},"end":{"line":34,"column":26}}],"line":34},"8":{"loc":{"start":{"line":37,"column":19},"end":{"line":37,"column":29}},"type":"default-arg","locations":[{"start":{"line":37,"column":27},"end":{"line":37,"column":29}}],"line":37},"9":{"loc":{"start":{"line":37,"column":31},"end":{"line":37,"column":85}},"type":"default-arg","locations":[{"start":{"line":37,"column":41},"end":{"line":37,"column":85}}],"line":37},"10":{"loc":{"start":{"line":40,"column":25},"end":{"line":40,"column":44}},"type":"cond-expr","locations":[{"start":{"line":40,"column":31},"end":{"line":40,"column":37}},{"start":{"line":40,"column":40},"end":{"line":40,"column":44}}],"line":40},"11":{"loc":{"start":{"line":42,"column":19},"end":{"line":42,"column":29}},"type":"default-arg","locations":[{"start":{"line":42,"column":27},"end":{"line":42,"column":29}}],"line":42},"12":{"loc":{"start":{"line":44,"column":25},"end":{"line":44,"column":41}},"type":"cond-expr","locations":[{"start":{"line":44,"column":31},"end":{"line":44,"column":34}},{"start":{"line":44,"column":37},"end":{"line":44,"column":41}}],"line":44},"13":{"loc":{"start":{"line":50,"column":15},"end":{"line":52,"column":31}},"type":"cond-expr","locations":[{"start":{"line":51,"column":14},"end":{"line":51,"column":66}},{"start":{"line":52,"column":14},"end":{"line":52,"column":31}}],"line":50},"14":{"loc":{"start":{"line":51,"column":14},"end":{"line":51,"column":66}},"type":"binary-expr","locations":[{"start":{"line":51,"column":14},"end":{"line":51,"column":45}},{"start":{"line":51,"column":49},"end":{"line":51,"column":66}}],"line":51},"15":{"loc":{"start":{"line":56,"column":15},"end":{"line":58,"column":31}},"type":"cond-expr","locations":[{"start":{"line":57,"column":14},"end":{"line":57,"column":63}},{"start":{"line":58,"column":14},"end":{"line":58,"column":31}}],"line":56},"16":{"loc":{"start":{"line":57,"column":14},"end":{"line":57,"column":63}},"type":"binary-expr","locations":[{"start":{"line":57,"column":14},"end":{"line":57,"column":42}},{"start":{"line":57,"column":46},"end":{"line":57,"column":63}}],"line":57},"17":{"loc":{"start":{"line":65,"column":12},"end":{"line":66,"column":28}},"type":"if","locations":[{"start":{"line":65,"column":12},"end":{"line":66,"column":28}},{"start":{"line":65,"column":12},"end":{"line":66,"column":28}}],"line":65},"18":{"loc":{"start":{"line":68,"column":45},"end":{"line":68,"column":86}},"type":"binary-expr","locations":[{"start":{"line":68,"column":45},"end":{"line":68,"column":52}},{"start":{"line":68,"column":56},"end":{"line":68,"column":86}}],"line":68},"19":{"loc":{"start":{"line":72,"column":76},"end":{"line":72,"column":87}},"type":"binary-expr","locations":[{"start":{"line":72,"column":76},"end":{"line":72,"column":79}},{"start":{"line":72,"column":83},"end":{"line":72,"column":87}}],"line":72},"20":{"loc":{"start":{"line":78,"column":18},"end":{"line":78,"column":29}},"type":"default-arg","locations":[{"start":{"line":78,"column":25},"end":{"line":78,"column":29}}],"line":78},"21":{"loc":{"start":{"line":85,"column":16},"end":{"line":86,"column":134}},"type":"if","locations":[{"start":{"line":85,"column":16},"end":{"line":86,"column":134}},{"start":{"line":85,"column":16},"end":{"line":86,"column":134}}],"line":85},"22":{"loc":{"start":{"line":97,"column":66},"end":{"line":97,"column":82}},"type":"binary-expr","locations":[{"start":{"line":97,"column":66},"end":{"line":97,"column":69}},{"start":{"line":97,"column":73},"end":{"line":97,"column":82}}],"line":97},"23":{"loc":{"start":{"line":102,"column":15},"end":{"line":104,"column":31}},"type":"cond-expr","locations":[{"start":{"line":103,"column":14},"end":{"line":103,"column":63}},{"start":{"line":104,"column":14},"end":{"line":104,"column":31}}],"line":102},"24":{"loc":{"start":{"line":103,"column":14},"end":{"line":103,"column":63}},"type":"binary-expr","locations":[{"start":{"line":103,"column":14},"end":{"line":103,"column":42}},{"start":{"line":103,"column":46},"end":{"line":103,"column":63}}],"line":103},"25":{"loc":{"start":{"line":107,"column":22},"end":{"line":109,"column":44}},"type":"cond-expr","locations":[{"start":{"line":108,"column":14},"end":{"line":108,"column":29}},{"start":{"line":109,"column":14},"end":{"line":109,"column":44}}],"line":107},"26":{"loc":{"start":{"line":110,"column":8},"end":{"line":112,"column":9}},"type":"if","locations":[{"start":{"line":110,"column":8},"end":{"line":112,"column":9}},{"start":{"line":110,"column":8},"end":{"line":112,"column":9}}],"line":110},"27":{"loc":{"start":{"line":113,"column":15},"end":{"line":115,"column":35}},"type":"cond-expr","locations":[{"start":{"line":114,"column":14},"end":{"line":114,"column":83}},{"start":{"line":115,"column":14},"end":{"line":115,"column":35}}],"line":113},"28":{"loc":{"start":{"line":114,"column":44},"end":{"line":114,"column":82}},"type":"cond-expr","locations":[{"start":{"line":114,"column":68},"end":{"line":114,"column":72}},{"start":{"line":114,"column":75},"end":{"line":114,"column":82}}],"line":114},"29":{"loc":{"start":{"line":119,"column":15},"end":{"line":121,"column":31}},"type":"cond-expr","locations":[{"start":{"line":120,"column":14},"end":{"line":120,"column":52}},{"start":{"line":121,"column":14},"end":{"line":121,"column":31}}],"line":119},"30":{"loc":{"start":{"line":120,"column":14},"end":{"line":120,"column":52}},"type":"binary-expr","locations":[{"start":{"line":120,"column":14},"end":{"line":120,"column":31}},{"start":{"line":120,"column":35},"end":{"line":120,"column":52}}],"line":120},"31":{"loc":{"start":{"line":125,"column":15},"end":{"line":127,"column":31}},"type":"cond-expr","locations":[{"start":{"line":126,"column":14},"end":{"line":126,"column":60}},{"start":{"line":127,"column":14},"end":{"line":127,"column":31}}],"line":125},"32":{"loc":{"start":{"line":126,"column":14},"end":{"line":126,"column":60}},"type":"binary-expr","locations":[{"start":{"line":126,"column":14},"end":{"line":126,"column":39}},{"start":{"line":126,"column":43},"end":{"line":126,"column":60}}],"line":126},"33":{"loc":{"start":{"line":130,"column":20},"end":{"line":130,"column":45}},"type":"default-arg","locations":[{"start":{"line":130,"column":28},"end":{"line":130,"column":45}}],"line":130},"34":{"loc":{"start":{"line":134,"column":16},"end":{"line":135,"column":115}},"type":"if","locations":[{"start":{"line":134,"column":16},"end":{"line":135,"column":115}},{"start":{"line":134,"column":16},"end":{"line":135,"column":115}}],"line":134},"35":{"loc":{"start":{"line":134,"column":20},"end":{"line":134,"column":120}},"type":"binary-expr","locations":[{"start":{"line":134,"column":21},"end":{"line":134,"column":29}},{"start":{"line":134,"column":33},"end":{"line":134,"column":54}},{"start":{"line":134,"column":59},"end":{"line":134,"column":120}}],"line":134},"36":{"loc":{"start":{"line":136,"column":16},"end":{"line":137,"column":86}},"type":"if","locations":[{"start":{"line":136,"column":16},"end":{"line":137,"column":86}},{"start":{"line":136,"column":16},"end":{"line":137,"column":86}}],"line":136},"37":{"loc":{"start":{"line":136,"column":20},"end":{"line":136,"column":79}},"type":"binary-expr","locations":[{"start":{"line":136,"column":20},"end":{"line":136,"column":27}},{"start":{"line":136,"column":31},"end":{"line":136,"column":79}}],"line":136},"38":{"loc":{"start":{"line":141,"column":16},"end":{"line":142,"column":134}},"type":"if","locations":[{"start":{"line":141,"column":16},"end":{"line":142,"column":134}},{"start":{"line":141,"column":16},"end":{"line":142,"column":134}}],"line":141},"39":{"loc":{"start":{"line":153,"column":70},"end":{"line":153,"column":88}},"type":"binary-expr","locations":[{"start":{"line":153,"column":70},"end":{"line":153,"column":73}},{"start":{"line":153,"column":77},"end":{"line":153,"column":88}}],"line":153},"40":{"loc":{"start":{"line":159,"column":58},"end":{"line":159,"column":99}},"type":"binary-expr","locations":[{"start":{"line":159,"column":58},"end":{"line":159,"column":65}},{"start":{"line":159,"column":69},"end":{"line":159,"column":99}}],"line":159},"41":{"loc":{"start":{"line":163,"column":32},"end":{"line":163,"column":98}},"type":"default-arg","locations":[{"start":{"line":163,"column":42},"end":{"line":163,"column":98}}],"line":163},"42":{"loc":{"start":{"line":165,"column":58},"end":{"line":165,"column":99}},"type":"binary-expr","locations":[{"start":{"line":165,"column":58},"end":{"line":165,"column":65}},{"start":{"line":165,"column":69},"end":{"line":165,"column":99}}],"line":165},"43":{"loc":{"start":{"line":172,"column":15},"end":{"line":174,"column":31}},"type":"cond-expr","locations":[{"start":{"line":173,"column":14},"end":{"line":173,"column":54}},{"start":{"line":174,"column":14},"end":{"line":174,"column":31}}],"line":172},"44":{"loc":{"start":{"line":173,"column":14},"end":{"line":173,"column":54}},"type":"binary-expr","locations":[{"start":{"line":173,"column":14},"end":{"line":173,"column":33}},{"start":{"line":173,"column":37},"end":{"line":173,"column":54}}],"line":173},"45":{"loc":{"start":{"line":178,"column":15},"end":{"line":180,"column":31}},"type":"cond-expr","locations":[{"start":{"line":179,"column":14},"end":{"line":179,"column":64}},{"start":{"line":180,"column":14},"end":{"line":180,"column":31}}],"line":178},"46":{"loc":{"start":{"line":179,"column":14},"end":{"line":179,"column":64}},"type":"binary-expr","locations":[{"start":{"line":179,"column":14},"end":{"line":179,"column":43}},{"start":{"line":179,"column":47},"end":{"line":179,"column":64}}],"line":179},"47":{"loc":{"start":{"line":183,"column":11},"end":{"line":183,"column":36}},"type":"default-arg","locations":[{"start":{"line":183,"column":19},"end":{"line":183,"column":36}}],"line":183},"48":{"loc":{"start":{"line":189,"column":21},"end":{"line":189,"column":31}},"type":"default-arg","locations":[{"start":{"line":189,"column":29},"end":{"line":189,"column":31}}],"line":189},"49":{"loc":{"start":{"line":189,"column":33},"end":{"line":189,"column":87}},"type":"default-arg","locations":[{"start":{"line":189,"column":43},"end":{"line":189,"column":87}}],"line":189},"50":{"loc":{"start":{"line":193,"column":21},"end":{"line":193,"column":31}},"type":"default-arg","locations":[{"start":{"line":193,"column":29},"end":{"line":193,"column":31}}],"line":193},"51":{"loc":{"start":{"line":199,"column":76},"end":{"line":199,"column":87}},"type":"binary-expr","locations":[{"start":{"line":199,"column":76},"end":{"line":199,"column":79}},{"start":{"line":199,"column":83},"end":{"line":199,"column":87}}],"line":199},"52":{"loc":{"start":{"line":206,"column":15},"end":{"line":208,"column":31}},"type":"cond-expr","locations":[{"start":{"line":207,"column":14},"end":{"line":207,"column":68}},{"start":{"line":208,"column":14},"end":{"line":208,"column":31}}],"line":206},"53":{"loc":{"start":{"line":207,"column":14},"end":{"line":207,"column":68}},"type":"binary-expr","locations":[{"start":{"line":207,"column":14},"end":{"line":207,"column":47}},{"start":{"line":207,"column":51},"end":{"line":207,"column":68}}],"line":207},"54":{"loc":{"start":{"line":212,"column":15},"end":{"line":214,"column":31}},"type":"cond-expr","locations":[{"start":{"line":213,"column":14},"end":{"line":213,"column":57}},{"start":{"line":214,"column":14},"end":{"line":214,"column":31}}],"line":212},"55":{"loc":{"start":{"line":213,"column":14},"end":{"line":213,"column":57}},"type":"binary-expr","locations":[{"start":{"line":213,"column":14},"end":{"line":213,"column":36}},{"start":{"line":213,"column":40},"end":{"line":213,"column":57}}],"line":213},"56":{"loc":{"start":{"line":224,"column":8},"end":{"line":225,"column":185}},"type":"if","locations":[{"start":{"line":224,"column":8},"end":{"line":225,"column":185}},{"start":{"line":224,"column":8},"end":{"line":225,"column":185}}],"line":224},"57":{"loc":{"start":{"line":235,"column":33},"end":{"line":235,"column":57}},"type":"default-arg","locations":[{"start":{"line":235,"column":52},"end":{"line":235,"column":57}}],"line":235},"58":{"loc":{"start":{"line":236,"column":8},"end":{"line":240,"column":9}},"type":"if","locations":[{"start":{"line":236,"column":8},"end":{"line":240,"column":9}},{"start":{"line":236,"column":8},"end":{"line":240,"column":9}}],"line":236},"59":{"loc":{"start":{"line":236,"column":12},"end":{"line":237,"column":106}},"type":"binary-expr","locations":[{"start":{"line":236,"column":12},"end":{"line":236,"column":32}},{"start":{"line":237,"column":17},"end":{"line":237,"column":39}},{"start":{"line":237,"column":45},"end":{"line":237,"column":67}},{"start":{"line":237,"column":71},"end":{"line":237,"column":104}}],"line":236},"60":{"loc":{"start":{"line":245,"column":22},"end":{"line":245,"column":46}},"type":"default-arg","locations":[{"start":{"line":245,"column":41},"end":{"line":245,"column":46}}],"line":245},"61":{"loc":{"start":{"line":254,"column":32},"end":{"line":254,"column":49}},"type":"default-arg","locations":[{"start":{"line":254,"column":45},"end":{"line":254,"column":49}}],"line":254},"62":{"loc":{"start":{"line":255,"column":8},"end":{"line":261,"column":9}},"type":"if","locations":[{"start":{"line":255,"column":8},"end":{"line":261,"column":9}},{"start":{"line":255,"column":8},"end":{"line":261,"column":9}}],"line":255},"63":{"loc":{"start":{"line":259,"column":12},"end":{"line":260,"column":39}},"type":"if","locations":[{"start":{"line":259,"column":12},"end":{"line":260,"column":39}},{"start":{"line":259,"column":12},"end":{"line":260,"column":39}}],"line":259},"64":{"loc":{"start":{"line":272,"column":33},"end":{"line":272,"column":50}},"type":"default-arg","locations":[{"start":{"line":272,"column":46},"end":{"line":272,"column":50}}],"line":272},"65":{"loc":{"start":{"line":272,"column":52},"end":{"line":272,"column":73}},"type":"default-arg","locations":[{"start":{"line":272,"column":69},"end":{"line":272,"column":73}}],"line":272},"66":{"loc":{"start":{"line":274,"column":19},"end":{"line":274,"column":87}},"type":"cond-expr","locations":[{"start":{"line":274,"column":63},"end":{"line":274,"column":80}},{"start":{"line":274,"column":83},"end":{"line":274,"column":87}}],"line":274},"67":{"loc":{"start":{"line":274,"column":19},"end":{"line":274,"column":60}},"type":"binary-expr","locations":[{"start":{"line":274,"column":19},"end":{"line":274,"column":24}},{"start":{"line":274,"column":28},"end":{"line":274,"column":60}}],"line":274},"68":{"loc":{"start":{"line":275,"column":8},"end":{"line":277,"column":9}},"type":"if","locations":[{"start":{"line":275,"column":8},"end":{"line":277,"column":9}},{"start":{"line":275,"column":8},"end":{"line":277,"column":9}}],"line":275},"69":{"loc":{"start":{"line":286,"column":15},"end":{"line":286,"column":69}},"type":"cond-expr","locations":[{"start":{"line":286,"column":28},"end":{"line":286,"column":62}},{"start":{"line":286,"column":65},"end":{"line":286,"column":69}}],"line":286},"70":{"loc":{"start":{"line":295,"column":8},"end":{"line":298,"column":9}},"type":"if","locations":[{"start":{"line":295,"column":8},"end":{"line":298,"column":9}},{"start":{"line":295,"column":8},"end":{"line":298,"column":9}}],"line":295},"71":{"loc":{"start":{"line":302,"column":12},"end":{"line":315,"column":13}},"type":"if","locations":[{"start":{"line":302,"column":12},"end":{"line":315,"column":13}},{"start":{"line":302,"column":12},"end":{"line":315,"column":13}}],"line":302},"72":{"loc":{"start":{"line":308,"column":17},"end":{"line":315,"column":13}},"type":"if","locations":[{"start":{"line":308,"column":17},"end":{"line":315,"column":13}},{"start":{"line":308,"column":17},"end":{"line":315,"column":13}}],"line":308},"73":{"loc":{"start":{"line":310,"column":31},"end":{"line":310,"column":72}},"type":"binary-expr","locations":[{"start":{"line":310,"column":31},"end":{"line":310,"column":50}},{"start":{"line":310,"column":54},"end":{"line":310,"column":72}}],"line":310},"74":{"loc":{"start":{"line":314,"column":31},"end":{"line":314,"column":72}},"type":"binary-expr","locations":[{"start":{"line":314,"column":31},"end":{"line":314,"column":50}},{"start":{"line":314,"column":54},"end":{"line":314,"column":72}}],"line":314}},"s":{"0":1,"1":50,"2":35,"3":35,"4":0,"5":9,"6":9,"7":9,"8":85,"9":44,"10":50,"11":1,"12":1,"13":1,"14":1,"15":1,"16":1,"17":1,"18":1,"19":81,"20":2,"21":4,"22":2,"23":2,"24":17,"25":13,"26":13,"27":12,"28":2,"29":2,"30":9,"31":17,"32":16,"33":17,"34":16,"35":16,"36":0,"37":16,"38":43,"39":16,"40":16,"41":16,"42":0,"43":31,"44":31,"45":31,"46":31,"47":6,"48":25,"49":25,"50":25,"51":25,"52":25,"53":25,"54":25,"55":25,"56":44,"57":44,"58":44,"59":6,"60":38,"61":38,"62":25,"63":25,"64":13,"65":13,"66":13,"67":8,"68":13,"69":1,"70":13,"71":13,"72":2,"73":11,"74":11,"75":11,"76":10,"77":10,"78":10,"79":10,"80":10,"81":1,"82":1,"83":1,"84":5,"85":5,"86":5,"87":5,"88":5,"89":11,"90":10,"91":2,"92":2,"93":5,"94":5,"95":1,"96":8,"97":7,"98":7,"99":7,"100":0,"101":8,"102":7,"103":5,"104":5,"105":0,"106":5,"107":52,"108":46,"109":46,"110":52,"111":52,"112":52,"113":43,"114":11,"115":11,"116":11,"117":11,"118":11,"119":11,"120":11,"121":7,"122":7,"123":7,"124":0,"125":7,"126":9,"127":9,"128":0,"129":0,"130":39,"131":39,"132":39,"133":29,"134":29,"135":10,"136":31,"137":31,"138":31,"139":13,"140":13,"141":13,"142":13,"143":18,"144":0,"145":0,"146":18,"147":18,"148":31,"149":10,"150":2,"151":1},"f":{"0":50,"1":50,"2":35,"3":9,"4":85,"5":44,"6":81,"7":2,"8":4,"9":2,"10":2,"11":17,"12":13,"13":12,"14":2,"15":2,"16":9,"17":17,"18":16,"19":17,"20":16,"21":16,"22":43,"23":16,"24":16,"25":0,"26":31,"27":31,"28":31,"29":31,"30":25,"31":25,"32":25,"33":25,"34":25,"35":25,"36":44,"37":44,"38":38,"39":25,"40":25,"41":13,"42":13,"43":13,"44":13,"45":11,"46":11,"47":11,"48":10,"49":10,"50":10,"51":1,"52":1,"53":5,"54":5,"55":11,"56":10,"57":2,"58":2,"59":5,"60":1,"61":8,"62":7,"63":7,"64":7,"65":0,"66":8,"67":7,"68":5,"69":52,"70":43,"71":11,"72":7,"73":9,"74":0,"75":0,"76":39,"77":31,"78":2},"b":{"0":[1,1,1],"1":[50,50],"2":[41,44],"3":[50,50],"4":[0],"5":[0],"6":[2,0],"7":[0],"8":[0],"9":[10],"10":[12,0],"11":[0],"12":[2,0],"13":[17,0],"14":[17,0],"15":[16,0],"16":[16,16],"17":[0,16],"18":[43,23],"19":[16,16],"20":[31],"21":[6,25],"22":[25,25],"23":[44,0],"24":[44,44],"25":[5,39],"26":[6,38],"27":[38,0],"28":[0,38],"29":[25,0],"30":[25,0],"31":[25,0],"32":[25,25],"33":[7],"34":[8,5],"35":[13,7,9],"36":[1,12],"37":[13,13],"38":[2,11],"39":[10,10],"40":[1,1],"41":[4],"42":[5,5],"43":[11,0],"44":[11,0],"45":[10,0],"46":[10,10],"47":[2],"48":[0],"49":[4],"50":[0],"51":[7,7],"52":[8,0],"53":[8,0],"54":[7,0],"55":[7,7],"56":[0,5],"57":[52],"58":[46,6],"59":[52,46,43,43],"60":[43],"61":[11],"62":[11,0],"63":[11,0],"64":[0],"65":[0],"66":[4,3],"67":[7,7],"68":[0,7],"69":[9,0],"70":[29,10],"71":[13,18],"72":[0,18],"73":[0,0],"74":[18,15]},"_coverageSchema":"332fd63041d2c1bcb487cc26dd0d5f7d97098a6c","hash":"33e55db6fd9770d2307a22bef94896de31bd8cb4"}
}
