{"C:\\Users\\Orel Balilti\\Documents\\Projects\\Sugoi\\ORM\\index.ts": {"path":"C:\\Users\\Orel Balilti\\Documents\\Projects\\Sugoi\\ORM\\index.ts","statementMap":{"0":{"start":{"line":4,"column":0},"end":{"line":4,"column":57}},"1":{"start":{"line":4,"column":8},"end":{"line":4,"column":16}},"2":{"start":{"line":6,"column":0},"end":{"line":6,"column":52}},"3":{"start":{"line":6,"column":8},"end":{"line":6,"column":14}},"4":{"start":{"line":9,"column":0},"end":{"line":9,"column":53}},"5":{"start":{"line":9,"column":8},"end":{"line":9,"column":18}},"6":{"start":{"line":11,"column":0},"end":{"line":11,"column":50}},"7":{"start":{"line":11,"column":8},"end":{"line":11,"column":16}},"8":{"start":{"line":13,"column":0},"end":{"line":13,"column":69}},"9":{"start":{"line":13,"column":8},"end":{"line":13,"column":22}},"10":{"start":{"line":15,"column":0},"end":{"line":15,"column":57}},"11":{"start":{"line":15,"column":8},"end":{"line":15,"column":19}},"12":{"start":{"line":17,"column":0},"end":{"line":17,"column":59}},"13":{"start":{"line":17,"column":8},"end":{"line":17,"column":17}},"14":{"start":{"line":19,"column":0},"end":{"line":19,"column":68}},"15":{"start":{"line":19,"column":8},"end":{"line":19,"column":15}},"16":{"start":{"line":19,"column":16},"end":{"line":19,"column":29}},"17":{"start":{"line":21,"column":0},"end":{"line":21,"column":58}},"18":{"start":{"line":21,"column":8},"end":{"line":21,"column":20}},"19":{"start":{"line":23,"column":0},"end":{"line":23,"column":57}},"20":{"start":{"line":23,"column":8},"end":{"line":23,"column":18}},"21":{"start":{"line":25,"column":0},"end":{"line":25,"column":64}},"22":{"start":{"line":25,"column":8},"end":{"line":25,"column":27}},"23":{"start":{"line":27,"column":0},"end":{"line":27,"column":53}},"24":{"start":{"line":27,"column":8},"end":{"line":27,"column":21}},"25":{"start":{"line":29,"column":0},"end":{"line":29,"column":68}},"26":{"start":{"line":29,"column":8},"end":{"line":29,"column":24}},"27":{"start":{"line":31,"column":0},"end":{"line":31,"column":72}},"28":{"start":{"line":31,"column":8},"end":{"line":31,"column":25}},"29":{"start":{"line":34,"column":0},"end":{"line":34,"column":23}}},"fnMap":{},"branchMap":{},"s":{"0":1,"1":1,"2":1,"3":1,"4":1,"5":1,"6":1,"7":1,"8":1,"9":1,"10":1,"11":1,"12":1,"13":1,"14":1,"15":1,"16":1,"17":1,"18":1,"19":1,"20":1,"21":1,"22":1,"23":1,"24":1,"25":1,"26":1,"27":1,"28":1,"29":1},"f":{},"b":{}}
,"C:\\Users\\Orel Balilti\\Documents\\Projects\\Sugoi\\ORM\\__tests__\\classes\\dummy-connection.class.ts": {"path":"C:\\Users\\Orel Balilti\\Documents\\Projects\\Sugoi\\ORM\\__tests__\\classes\\dummy-connection.class.ts","statementMap":{"0":{"start":{"line":1,"column":0},"end":{"line":1,"column":58}},"1":{"start":{"line":15,"column":8},"end":{"line":17,"column":9}},"2":{"start":{"line":16,"column":12},"end":{"line":16,"column":42}},"3":{"start":{"line":18,"column":8},"end":{"line":20,"column":10}},"4":{"start":{"line":19,"column":28},"end":{"line":19,"column":49}},"5":{"start":{"line":21,"column":8},"end":{"line":21,"column":50}},"6":{"start":{"line":22,"column":8},"end":{"line":22,"column":37}},"7":{"start":{"line":26,"column":8},"end":{"line":26,"column":34}},"8":{"start":{"line":27,"column":8},"end":{"line":31,"column":15}},"9":{"start":{"line":29,"column":16},"end":{"line":29,"column":61}},"10":{"start":{"line":30,"column":16},"end":{"line":30,"column":28}},"11":{"start":{"line":35,"column":8},"end":{"line":35,"column":76}},"12":{"start":{"line":39,"column":39},"end":{"line":39,"column":41}},"13":{"start":{"line":40,"column":8},"end":{"line":41,"column":65}},"14":{"start":{"line":41,"column":12},"end":{"line":41,"column":65}},"15":{"start":{"line":42,"column":8},"end":{"line":42,"column":68}},"16":{"start":{"line":43,"column":8},"end":{"line":44,"column":50}},"17":{"start":{"line":44,"column":12},"end":{"line":44,"column":50}},"18":{"start":{"line":45,"column":8},"end":{"line":45,"column":32}},"19":{"start":{"line":3,"column":0},"end":{"line":48,"column":1}}},"fnMap":{"0":{"name":"(anonymous_0)","decl":{"start":{"line":14,"column":4},"end":{"line":14,"column":10}},"loc":{"start":{"line":14,"column":11},"end":{"line":23,"column":5}}},"1":{"name":"(anonymous_1)","decl":{"start":{"line":19,"column":24},"end":{"line":19,"column":25}},"loc":{"start":{"line":19,"column":28},"end":{"line":19,"column":49}}},"2":{"name":"(anonymous_2)","decl":{"start":{"line":25,"column":4},"end":{"line":25,"column":13}},"loc":{"start":{"line":25,"column":14},"end":{"line":32,"column":5}}},"3":{"name":"(anonymous_3)","decl":{"start":{"line":28,"column":18},"end":{"line":28,"column":19}},"loc":{"start":{"line":28,"column":22},"end":{"line":31,"column":13}}},"4":{"name":"(anonymous_4)","decl":{"start":{"line":34,"column":4},"end":{"line":34,"column":14}},"loc":{"start":{"line":34,"column":15},"end":{"line":36,"column":5}}},"5":{"name":"(anonymous_5)","decl":{"start":{"line":38,"column":4},"end":{"line":38,"column":22}},"loc":{"start":{"line":38,"column":23},"end":{"line":46,"column":5}}}},"branchMap":{"0":{"loc":{"start":{"line":15,"column":8},"end":{"line":17,"column":9}},"type":"if","locations":[{"start":{"line":15,"column":8},"end":{"line":17,"column":9}},{"start":{"line":15,"column":8},"end":{"line":17,"column":9}}]},"1":{"loc":{"start":{"line":40,"column":8},"end":{"line":41,"column":65}},"type":"if","locations":[{"start":{"line":40,"column":8},"end":{"line":41,"column":65}},{"start":{"line":40,"column":8},"end":{"line":41,"column":65}}]},"2":{"loc":{"start":{"line":40,"column":12},"end":{"line":40,"column":21}},"type":"binary-expr","locations":[{"start":{"line":40,"column":12},"end":{"line":40,"column":21}},{"start":{"line":40,"column":25},"end":{"line":40,"column":38}}]},"3":{"loc":{"start":{"line":42,"column":31},"end":{"line":42,"column":44}},"type":"binary-expr","locations":[{"start":{"line":42,"column":31},"end":{"line":42,"column":44}},{"start":{"line":42,"column":46},"end":{"line":42,"column":48}}]},"4":{"loc":{"start":{"line":42,"column":52},"end":{"line":42,"column":61}},"type":"binary-expr","locations":[{"start":{"line":42,"column":52},"end":{"line":42,"column":61}},{"start":{"line":42,"column":63},"end":{"line":42,"column":65}}]},"5":{"loc":{"start":{"line":43,"column":8},"end":{"line":44,"column":50}},"type":"if","locations":[{"start":{"line":43,"column":8},"end":{"line":44,"column":50}},{"start":{"line":43,"column":8},"end":{"line":44,"column":50}}]}},"s":{"0":1,"1":2,"2":1,"3":1,"4":1,"5":1,"6":1,"7":1,"8":1,"9":1,"10":1,"11":59,"12":2,"13":2,"14":1,"15":2,"16":2,"17":1,"18":2,"19":1},"f":{"0":2,"1":1,"2":1,"3":1,"4":59,"5":2},"b":{"0":[1,1],"1":[1,1],"2":[2,1],"3":[2,1],"4":[2,1],"5":[1,1]}}
,"C:\\Users\\Orel Balilti\\Documents\\Projects\\Sugoi\\ORM\\__tests__\\models\\dummy.ts": {"path":"C:\\Users\\Orel Balilti\\Documents\\Projects\\Sugoi\\ORM\\__tests__\\models\\dummy.ts","statementMap":{"0":{"start":{"line":1,"column":0},"end":{"line":20,"column":20}},"1":{"start":{"line":21,"column":0},"end":{"line":21,"column":71}},"2":{"start":{"line":22,"column":0},"end":{"line":22,"column":61}},"3":{"start":{"line":23,"column":0},"end":{"line":23,"column":73}},"4":{"start":{"line":24,"column":0},"end":{"line":24,"column":56}},"5":{"start":{"line":29,"column":18},"end":{"line":181,"column":1}},"6":{"start":{"line":47,"column":8},"end":{"line":47,"column":16}},"7":{"start":{"line":48,"column":8},"end":{"line":48,"column":25}},"8":{"start":{"line":52,"column":8},"end":{"line":53,"column":94}},"9":{"start":{"line":53,"column":12},"end":{"line":53,"column":94}},"10":{"start":{"line":54,"column":8},"end":{"line":54,"column":31}},"11":{"start":{"line":58,"column":8},"end":{"line":58,"column":46}},"12":{"start":{"line":58,"column":28},"end":{"line":58,"column":45}},"13":{"start":{"line":62,"column":8},"end":{"line":63,"column":94}},"14":{"start":{"line":63,"column":12},"end":{"line":63,"column":94}},"15":{"start":{"line":64,"column":8},"end":{"line":64,"column":31}},"16":{"start":{"line":68,"column":8},"end":{"line":68,"column":26}},"17":{"start":{"line":72,"column":8},"end":{"line":72,"column":34}},"18":{"start":{"line":76,"column":22},"end":{"line":76,"column":40}},"19":{"start":{"line":77,"column":23},"end":{"line":77,"column":42}},"20":{"start":{"line":78,"column":23},"end":{"line":78,"column":82}},"21":{"start":{"line":79,"column":8},"end":{"line":79,"column":41}},"22":{"start":{"line":83,"column":22},"end":{"line":83,"column":63}},"23":{"start":{"line":84,"column":22},"end":{"line":84,"column":40}},"24":{"start":{"line":85,"column":29},"end":{"line":85,"column":49}},"25":{"start":{"line":86,"column":21},"end":{"line":86,"column":41}},"26":{"start":{"line":87,"column":16},"end":{"line":87,"column":17}},"27":{"start":{"line":88,"column":8},"end":{"line":92,"column":15}},"28":{"start":{"line":91,"column":16},"end":{"line":91,"column":77}},"29":{"start":{"line":93,"column":20},"end":{"line":93,"column":60}},"30":{"start":{"line":94,"column":8},"end":{"line":94,"column":36}},"31":{"start":{"line":98,"column":22},"end":{"line":98,"column":100}},"32":{"start":{"line":98,"column":55},"end":{"line":98,"column":99}},"33":{"start":{"line":99,"column":8},"end":{"line":103,"column":9}},"34":{"start":{"line":100,"column":12},"end":{"line":100,"column":63}},"35":{"start":{"line":102,"column":12},"end":{"line":102,"column":43}},"36":{"start":{"line":105,"column":8},"end":{"line":105,"column":33}},"37":{"start":{"line":109,"column":8},"end":{"line":115,"column":11}},"38":{"start":{"line":110,"column":12},"end":{"line":114,"column":20}},"39":{"start":{"line":111,"column":25},"end":{"line":111,"column":39}},"40":{"start":{"line":112,"column":16},"end":{"line":112,"column":40}},"41":{"start":{"line":113,"column":16},"end":{"line":113,"column":29}},"42":{"start":{"line":120,"column":8},"end":{"line":126,"column":9}},"43":{"start":{"line":121,"column":12},"end":{"line":125,"column":15}},"44":{"start":{"line":122,"column":31},"end":{"line":122,"column":44}},"45":{"start":{"line":123,"column":31},"end":{"line":123,"column":44}},"46":{"start":{"line":124,"column":16},"end":{"line":124,"column":86}},"47":{"start":{"line":127,"column":8},"end":{"line":134,"column":15}},"48":{"start":{"line":128,"column":24},"end":{"line":128,"column":60}},"49":{"start":{"line":129,"column":12},"end":{"line":129,"column":41}},"50":{"start":{"line":130,"column":12},"end":{"line":132,"column":13}},"51":{"start":{"line":131,"column":16},"end":{"line":131,"column":30}},"52":{"start":{"line":133,"column":12},"end":{"line":133,"column":23}},"53":{"start":{"line":138,"column":20},"end":{"line":138,"column":25}},"54":{"start":{"line":139,"column":8},"end":{"line":145,"column":9}},"55":{"start":{"line":140,"column":12},"end":{"line":140,"column":25}},"56":{"start":{"line":141,"column":12},"end":{"line":143,"column":48}},"57":{"start":{"line":144,"column":12},"end":{"line":144,"column":30}},"58":{"start":{"line":144,"column":24},"end":{"line":144,"column":30}},"59":{"start":{"line":146,"column":8},"end":{"line":146,"column":21}},"60":{"start":{"line":150,"column":8},"end":{"line":151,"column":43}},"61":{"start":{"line":155,"column":8},"end":{"line":155,"column":35}},"62":{"start":{"line":156,"column":8},"end":{"line":156,"column":31}},"63":{"start":{"line":160,"column":8},"end":{"line":160,"column":52}},"64":{"start":{"line":164,"column":8},"end":{"line":164,"column":45}},"65":{"start":{"line":165,"column":8},"end":{"line":165,"column":33}},"66":{"start":{"line":166,"column":8},"end":{"line":166,"column":50}},"67":{"start":{"line":167,"column":8},"end":{"line":167,"column":31}},"68":{"start":{"line":171,"column":8},"end":{"line":171,"column":26}},"69":{"start":{"line":175,"column":8},"end":{"line":175,"column":67}},"70":{"start":{"line":179,"column":8},"end":{"line":179,"column":42}},"71":{"start":{"line":32,"column":18},"end":{"line":32,"column":31}},"72":{"start":{"line":34,"column":4},"end":{"line":34,"column":14}},"73":{"start":{"line":40,"column":4},"end":{"line":40,"column":26}},"74":{"start":{"line":42,"column":4},"end":{"line":42,"column":28}},"75":{"start":{"line":44,"column":4},"end":{"line":44,"column":29}},"76":{"start":{"line":29,"column":13},"end":{"line":181,"column":1}},"77":{"start":{"line":29,"column":13},"end":{"line":29,"column":18}}},"fnMap":{"0":{"name":"(anonymous_2)","decl":{"start":{"line":46,"column":4},"end":{"line":46,"column":15}},"loc":{"start":{"line":46,"column":28},"end":{"line":49,"column":5}}},"1":{"name":"(anonymous_3)","decl":{"start":{"line":51,"column":4},"end":{"line":51,"column":13}},"loc":{"start":{"line":51,"column":64},"end":{"line":55,"column":5}}},"2":{"name":"(anonymous_4)","decl":{"start":{"line":57,"column":4},"end":{"line":57,"column":12}},"loc":{"start":{"line":57,"column":17},"end":{"line":59,"column":5}}},"3":{"name":"(anonymous_5)","decl":{"start":{"line":58,"column":20},"end":{"line":58,"column":23}},"loc":{"start":{"line":58,"column":28},"end":{"line":58,"column":45}}},"4":{"name":"(anonymous_6)","decl":{"start":{"line":61,"column":4},"end":{"line":61,"column":15}},"loc":{"start":{"line":61,"column":66},"end":{"line":65,"column":5}}},"5":{"name":"(anonymous_7)","decl":{"start":{"line":67,"column":4},"end":{"line":67,"column":14}},"loc":{"start":{"line":67,"column":19},"end":{"line":69,"column":5}}},"6":{"name":"(anonymous_8)","decl":{"start":{"line":71,"column":14},"end":{"line":71,"column":24}},"loc":{"start":{"line":71,"column":39},"end":{"line":73,"column":5}}},"7":{"name":"(anonymous_9)","decl":{"start":{"line":75,"column":14},"end":{"line":75,"column":19}},"loc":{"start":{"line":75,"column":116},"end":{"line":80,"column":5}}},"8":{"name":"(anonymous_10)","decl":{"start":{"line":82,"column":14},"end":{"line":82,"column":19}},"loc":{"start":{"line":82,"column":116},"end":{"line":95,"column":5}}},"9":{"name":"(anonymous_11)","decl":{"start":{"line":90,"column":35},"end":{"line":90,"column":37}},"loc":{"start":{"line":90,"column":41},"end":{"line":92,"column":13}}},"10":{"name":"(anonymous_12)","decl":{"start":{"line":97,"column":14},"end":{"line":97,"column":26}},"loc":{"start":{"line":97,"column":41},"end":{"line":106,"column":5}}},"11":{"name":"(anonymous_13)","decl":{"start":{"line":98,"column":46},"end":{"line":98,"column":47}},"loc":{"start":{"line":98,"column":55},"end":{"line":98,"column":99}}},"12":{"name":"(anonymous_14)","decl":{"start":{"line":108,"column":11},"end":{"line":108,"column":16}},"loc":{"start":{"line":108,"column":31},"end":{"line":117,"column":5}}},"13":{"name":"(anonymous_15)","decl":{"start":{"line":109,"column":27},"end":{"line":109,"column":33}},"loc":{"start":{"line":109,"column":37},"end":{"line":115,"column":9}}},"14":{"name":"(anonymous_16)","decl":{"start":{"line":110,"column":23},"end":{"line":110,"column":25}},"loc":{"start":{"line":110,"column":28},"end":{"line":114,"column":13}}},"15":{"name":"(anonymous_17)","decl":{"start":{"line":119,"column":11},"end":{"line":119,"column":16}},"loc":{"start":{"line":119,"column":106},"end":{"line":135,"column":5}}},"16":{"name":"(anonymous_18)","decl":{"start":{"line":121,"column":31},"end":{"line":121,"column":32}},"loc":{"start":{"line":121,"column":40},"end":{"line":125,"column":13}}},"17":{"name":"(anonymous_19)","decl":{"start":{"line":127,"column":36},"end":{"line":127,"column":37}},"loc":{"start":{"line":127,"column":49},"end":{"line":134,"column":9}}},"18":{"name":"(anonymous_20)","decl":{"start":{"line":137,"column":11},"end":{"line":137,"column":16}},"loc":{"start":{"line":137,"column":50},"end":{"line":147,"column":5}}},"19":{"name":"(anonymous_21)","decl":{"start":{"line":149,"column":4},"end":{"line":149,"column":17}},"loc":{"start":{"line":149,"column":18},"end":{"line":152,"column":5}}},"20":{"name":"(anonymous_22)","decl":{"start":{"line":154,"column":4},"end":{"line":154,"column":15}},"loc":{"start":{"line":154,"column":16},"end":{"line":157,"column":5}}},"21":{"name":"(anonymous_23)","decl":{"start":{"line":159,"column":4},"end":{"line":159,"column":14}},"loc":{"start":{"line":159,"column":36},"end":{"line":161,"column":5}}},"22":{"name":"(anonymous_24)","decl":{"start":{"line":163,"column":4},"end":{"line":163,"column":13}},"loc":{"start":{"line":163,"column":14},"end":{"line":168,"column":5}}},"23":{"name":"(anonymous_25)","decl":{"start":{"line":170,"column":4},"end":{"line":170,"column":12}},"loc":{"start":{"line":170,"column":32},"end":{"line":172,"column":5}}},"24":{"name":"(anonymous_26)","decl":{"start":{"line":174,"column":4},"end":{"line":174,"column":11}},"loc":{"start":{"line":174,"column":12},"end":{"line":176,"column":5}}},"25":{"name":"(anonymous_27)","decl":{"start":{"line":178,"column":4},"end":{"line":178,"column":9}},"loc":{"start":{"line":178,"column":32},"end":{"line":180,"column":5}}}},"branchMap":{"0":{"loc":{"start":{"line":52,"column":8},"end":{"line":53,"column":94}},"type":"if","locations":[{"start":{"line":52,"column":8},"end":{"line":53,"column":94}},{"start":{"line":52,"column":8},"end":{"line":53,"column":94}}]},"1":{"loc":{"start":{"line":62,"column":8},"end":{"line":63,"column":94}},"type":"if","locations":[{"start":{"line":62,"column":8},"end":{"line":63,"column":94}},{"start":{"line":62,"column":8},"end":{"line":63,"column":94}}]},"2":{"loc":{"start":{"line":75,"column":94},"end":{"line":75,"column":116}},"type":"default-arg","locations":[{"start":{"line":75,"column":94},"end":{"line":75,"column":116}}]},"3":{"loc":{"start":{"line":82,"column":94},"end":{"line":82,"column":116}},"type":"default-arg","locations":[{"start":{"line":82,"column":94},"end":{"line":82,"column":116}}]},"4":{"loc":{"start":{"line":84,"column":22},"end":{"line":84,"column":35}},"type":"binary-expr","locations":[{"start":{"line":84,"column":22},"end":{"line":84,"column":35}},{"start":{"line":84,"column":39},"end":{"line":84,"column":40}}]},"5":{"loc":{"start":{"line":89,"column":14},"end":{"line":89,"column":67}},"type":"cond-expr","locations":[{"start":{"line":89,"column":14},"end":{"line":89,"column":67}},{"start":{"line":90,"column":14},"end":{"line":92,"column":14}}]},"6":{"loc":{"start":{"line":88,"column":24},"end":{"line":88,"column":29}},"type":"binary-expr","locations":[{"start":{"line":88,"column":24},"end":{"line":88,"column":29}},{"start":{"line":88,"column":33},"end":{"line":88,"column":38}}]},"7":{"loc":{"start":{"line":91,"column":25},"end":{"line":91,"column":35}},"type":"binary-expr","locations":[{"start":{"line":91,"column":25},"end":{"line":91,"column":35}},{"start":{"line":91,"column":39},"end":{"line":91,"column":75}}]},"8":{"loc":{"start":{"line":99,"column":8},"end":{"line":103,"column":9}},"type":"if","locations":[{"start":{"line":99,"column":8},"end":{"line":103,"column":9}},{"start":{"line":99,"column":8},"end":{"line":103,"column":9}}]},"9":{"loc":{"start":{"line":119,"column":47},"end":{"line":119,"column":67}},"type":"default-arg","locations":[{"start":{"line":119,"column":47},"end":{"line":119,"column":67}}]},"10":{"loc":{"start":{"line":119,"column":101},"end":{"line":119,"column":106}},"type":"default-arg","locations":[{"start":{"line":119,"column":101},"end":{"line":119,"column":106}}]},"11":{"loc":{"start":{"line":120,"column":8},"end":{"line":126,"column":9}},"type":"if","locations":[{"start":{"line":120,"column":8},"end":{"line":126,"column":9}},{"start":{"line":120,"column":8},"end":{"line":126,"column":9}}]},"12":{"loc":{"start":{"line":124,"column":52},"end":{"line":124,"column":67}},"type":"cond-expr","locations":[{"start":{"line":124,"column":52},"end":{"line":124,"column":67}},{"start":{"line":124,"column":70},"end":{"line":124,"column":85}}]},"13":{"loc":{"start":{"line":129,"column":26},"end":{"line":129,"column":32}},"type":"cond-expr","locations":[{"start":{"line":129,"column":26},"end":{"line":129,"column":32}},{"start":{"line":129,"column":35},"end":{"line":129,"column":40}}]},"14":{"loc":{"start":{"line":130,"column":12},"end":{"line":132,"column":13}},"type":"if","locations":[{"start":{"line":130,"column":12},"end":{"line":132,"column":13}},{"start":{"line":130,"column":12},"end":{"line":132,"column":13}}]},"15":{"loc":{"start":{"line":130,"column":16},"end":{"line":130,"column":21}},"type":"binary-expr","locations":[{"start":{"line":130,"column":16},"end":{"line":130,"column":21}},{"start":{"line":130,"column":26},"end":{"line":130,"column":29}},{"start":{"line":130,"column":34},"end":{"line":130,"column":52}}]},"16":{"loc":{"start":{"line":141,"column":20},"end":{"line":141,"column":25}},"type":"binary-expr","locations":[{"start":{"line":141,"column":20},"end":{"line":141,"column":25}},{"start":{"line":141,"column":30},"end":{"line":143,"column":46}}]},"17":{"loc":{"start":{"line":142,"column":18},"end":{"line":142,"column":56}},"type":"cond-expr","locations":[{"start":{"line":142,"column":18},"end":{"line":142,"column":56}},{"start":{"line":143,"column":18},"end":{"line":143,"column":46}}]},"18":{"loc":{"start":{"line":144,"column":12},"end":{"line":144,"column":30}},"type":"if","locations":[{"start":{"line":144,"column":12},"end":{"line":144,"column":30}},{"start":{"line":144,"column":12},"end":{"line":144,"column":30}}]},"19":{"loc":{"start":{"line":151,"column":14},"end":{"line":151,"column":30}},"type":"cond-expr","locations":[{"start":{"line":151,"column":14},"end":{"line":151,"column":30}},{"start":{"line":151,"column":33},"end":{"line":151,"column":42}}]}},"s":{"0":1,"1":1,"2":1,"3":1,"4":1,"5":1,"6":100,"7":100,"8":16,"9":1,"10":15,"11":15,"12":33,"13":8,"14":1,"15":7,"16":7,"17":25,"18":15,"19":15,"20":15,"21":15,"22":7,"23":7,"24":7,"25":7,"26":7,"27":7,"28":7,"29":7,"30":7,"31":9,"32":42,"33":9,"34":1,"35":8,"36":8,"37":33,"38":33,"39":33,"40":33,"41":33,"42":21,"43":16,"44":118,"45":118,"46":118,"47":21,"48":176,"49":176,"50":176,"51":89,"52":176,"53":225,"54":225,"55":225,"56":225,"57":225,"58":130,"59":225,"60":41,"61":9,"62":9,"63":8,"64":25,"65":25,"66":25,"67":25,"68":25,"69":36,"70":29,"71":1,"72":1,"73":1,"74":1,"75":1,"76":1,"77":1},"f":{"0":100,"1":16,"2":15,"3":33,"4":8,"5":7,"6":25,"7":15,"8":7,"9":7,"10":9,"11":42,"12":33,"13":33,"14":33,"15":21,"16":118,"17":176,"18":225,"19":41,"20":9,"21":8,"22":25,"23":25,"24":36,"25":29},"b":{"0":[1,15],"1":[1,7],"2":[1],"3":[3],"4":[7,3],"5":[6,1],"6":[7,3],"7":[7,7],"8":[1,8],"9":[2],"10":[15],"11":[16,5],"12":[0,118],"13":[42,134],"14":[89,87],"15":[176,116,77],"16":[225,225],"17":[225,0],"18":[130,95],"19":[6,35]}}
,"C:\\Users\\Orel Balilti\\Documents\\Projects\\Sugoi\\ORM\\__tests__\\models\\not-model.ts": {"path":"C:\\Users\\Orel Balilti\\Documents\\Projects\\Sugoi\\ORM\\__tests__\\models\\not-model.ts","statementMap":{"0":{"start":{"line":2,"column":0},"end":{"line":3,"column":1}}},"fnMap":{},"branchMap":{},"s":{"0":1},"f":{},"b":{}}
,"C:\\Users\\Orel Balilti\\Documents\\Projects\\Sugoi\\ORM\\__tests__\\models\\sub-dummy.ts": {"path":"C:\\Users\\Orel Balilti\\Documents\\Projects\\Sugoi\\ORM\\__tests__\\models\\sub-dummy.ts","statementMap":{"0":{"start":{"line":1,"column":0},"end":{"line":3,"column":20}},"1":{"start":{"line":4,"column":0},"end":{"line":4,"column":29}},"2":{"start":{"line":5,"column":0},"end":{"line":5,"column":57}},"3":{"start":{"line":10,"column":0},"end":{"line":54,"column":1}},"4":{"start":{"line":17,"column":8},"end":{"line":17,"column":42}},"5":{"start":{"line":18,"column":8},"end":{"line":18,"column":20}},"6":{"start":{"line":25,"column":8},"end":{"line":25,"column":42}},"7":{"start":{"line":26,"column":8},"end":{"line":26,"column":20}},"8":{"start":{"line":33,"column":8},"end":{"line":33,"column":44}},"9":{"start":{"line":34,"column":8},"end":{"line":34,"column":20}},"10":{"start":{"line":50,"column":8},"end":{"line":50,"column":43}},"11":{"start":{"line":51,"column":8},"end":{"line":51,"column":20}},"12":{"start":{"line":11,"column":18},"end":{"line":11,"column":31}},"13":{"start":{"line":14,"column":4},"end":{"line":14,"column":40}},"14":{"start":{"line":22,"column":4},"end":{"line":22,"column":40}},"15":{"start":{"line":30,"column":4},"end":{"line":30,"column":42}},"16":{"start":{"line":45,"column":4},"end":{"line":45,"column":41}},"17":{"start":{"line":10,"column":13},"end":{"line":54,"column":1}},"18":{"start":{"line":10,"column":13},"end":{"line":10,"column":21}}},"fnMap":{"0":{"name":"(anonymous_2)","decl":{"start":{"line":16,"column":11},"end":{"line":16,"column":33}},"loc":{"start":{"line":16,"column":40},"end":{"line":19,"column":5}}},"1":{"name":"(anonymous_3)","decl":{"start":{"line":24,"column":11},"end":{"line":24,"column":33}},"loc":{"start":{"line":24,"column":40},"end":{"line":27,"column":5}}},"2":{"name":"(anonymous_4)","decl":{"start":{"line":32,"column":11},"end":{"line":32,"column":35}},"loc":{"start":{"line":32,"column":42},"end":{"line":35,"column":5}}},"3":{"name":"(anonymous_5)","decl":{"start":{"line":49,"column":11},"end":{"line":49,"column":34}},"loc":{"start":{"line":49,"column":41},"end":{"line":52,"column":5}}}},"branchMap":{},"s":{"0":1,"1":1,"2":1,"3":1,"4":5,"5":5,"6":5,"7":5,"8":5,"9":5,"10":6,"11":6,"12":1,"13":1,"14":1,"15":1,"16":1,"17":1,"18":1},"f":{"0":5,"1":5,"2":5,"3":6},"b":{}}
,"C:\\Users\\Orel Balilti\\Documents\\Projects\\Sugoi\\ORM\\classes\\connection.class.ts": {"path":"C:\\Users\\Orel Balilti\\Documents\\Projects\\Sugoi\\ORM\\classes\\connection.class.ts","statementMap":{"0":{"start":{"line":4,"column":0},"end":{"line":17,"column":1}}},"fnMap":{},"branchMap":{},"s":{"0":1},"f":{},"b":{}}
,"C:\\Users\\Orel Balilti\\Documents\\Projects\\Sugoi\\ORM\\classes\\query-options.class.ts": {"path":"C:\\Users\\Orel Balilti\\Documents\\Projects\\Sugoi\\ORM\\classes\\query-options.class.ts","statementMap":{"0":{"start":{"line":9,"column":8},"end":{"line":9,"column":34}},"1":{"start":{"line":15,"column":8},"end":{"line":15,"column":27}},"2":{"start":{"line":16,"column":8},"end":{"line":16,"column":20}},"3":{"start":{"line":20,"column":8},"end":{"line":20,"column":26}},"4":{"start":{"line":24,"column":8},"end":{"line":24,"column":29}},"5":{"start":{"line":25,"column":8},"end":{"line":25,"column":20}},"6":{"start":{"line":29,"column":8},"end":{"line":29,"column":27}},"7":{"start":{"line":33,"column":8},"end":{"line":33,"column":25}},"8":{"start":{"line":34,"column":8},"end":{"line":34,"column":20}},"9":{"start":{"line":43,"column":8},"end":{"line":43,"column":44}},"10":{"start":{"line":48,"column":8},"end":{"line":48,"column":31}},"11":{"start":{"line":56,"column":8},"end":{"line":56,"column":37}},"12":{"start":{"line":3,"column":0},"end":{"line":58,"column":1}}},"fnMap":{"0":{"name":"(anonymous_0)","decl":{"start":{"line":8,"column":11},"end":{"line":8,"column":16}},"loc":{"start":{"line":8,"column":25},"end":{"line":10,"column":5}}},"1":{"name":"(anonymous_1)","decl":{"start":{"line":12,"column":4},"end":{"line":12,"column":17}},"loc":{"start":{"line":12,"column":4},"end":{"line":12,"column":19}}},"2":{"name":"(anonymous_2)","decl":{"start":{"line":14,"column":4},"end":{"line":14,"column":11}},"loc":{"start":{"line":14,"column":25},"end":{"line":17,"column":5}}},"3":{"name":"(anonymous_3)","decl":{"start":{"line":19,"column":4},"end":{"line":19,"column":11}},"loc":{"start":{"line":19,"column":12},"end":{"line":21,"column":5}}},"4":{"name":"(anonymous_4)","decl":{"start":{"line":23,"column":4},"end":{"line":23,"column":12}},"loc":{"start":{"line":23,"column":27},"end":{"line":26,"column":5}}},"5":{"name":"(anonymous_5)","decl":{"start":{"line":28,"column":4},"end":{"line":28,"column":12}},"loc":{"start":{"line":28,"column":13},"end":{"line":30,"column":5}}},"6":{"name":"(anonymous_6)","decl":{"start":{"line":32,"column":4},"end":{"line":32,"column":17}},"loc":{"start":{"line":32,"column":42},"end":{"line":35,"column":5}}},"7":{"name":"(anonymous_7)","decl":{"start":{"line":42,"column":4},"end":{"line":42,"column":16}},"loc":{"start":{"line":42,"column":41},"end":{"line":45,"column":5}}},"8":{"name":"(anonymous_8)","decl":{"start":{"line":47,"column":4},"end":{"line":47,"column":17}},"loc":{"start":{"line":47,"column":18},"end":{"line":49,"column":5}}},"9":{"name":"(anonymous_9)","decl":{"start":{"line":55,"column":4},"end":{"line":55,"column":16}},"loc":{"start":{"line":55,"column":17},"end":{"line":57,"column":5}}}},"branchMap":{"0":{"loc":{"start":{"line":48,"column":15},"end":{"line":48,"column":24}},"type":"binary-expr","locations":[{"start":{"line":48,"column":15},"end":{"line":48,"column":24}},{"start":{"line":48,"column":28},"end":{"line":48,"column":30}}]}},"s":{"0":24,"1":1,"2":1,"3":15,"4":1,"5":1,"6":15,"7":5,"8":5,"9":1,"10":15,"11":0,"12":1},"f":{"0":24,"1":24,"2":1,"3":15,"4":1,"5":15,"6":5,"7":1,"8":15,"9":0},"b":{"0":[15,11]}}
,"C:\\Users\\Orel Balilti\\Documents\\Projects\\Sugoi\\ORM\\classes\\sort-item.class.ts": {"path":"C:\\Users\\Orel Balilti\\Documents\\Projects\\Sugoi\\ORM\\classes\\sort-item.class.ts","statementMap":{"0":{"start":{"line":5,"column":23},"end":{"line":5,"column":46}},"1":{"start":{"line":5,"column":54},"end":{"line":5,"column":67}},"2":{"start":{"line":4,"column":0},"end":{"line":7,"column":1}}},"fnMap":{"0":{"name":"(anonymous_0)","decl":{"start":{"line":5,"column":4},"end":{"line":5,"column":22}},"loc":{"start":{"line":5,"column":67},"end":{"line":5,"column":70}}}},"branchMap":{},"s":{"0":5,"1":5,"2":1},"f":{"0":5},"b":{}}
,"C:\\Users\\Orel Balilti\\Documents\\Projects\\Sugoi\\ORM\\classes\\storeable.class.ts": {"path":"C:\\Users\\Orel Balilti\\Documents\\Projects\\Sugoi\\ORM\\classes\\storeable.class.ts","statementMap":{"0":{"start":{"line":1,"column":0},"end":{"line":6,"column":39}},"1":{"start":{"line":7,"column":0},"end":{"line":7,"column":67}},"2":{"start":{"line":9,"column":0},"end":{"line":9,"column":95}},"3":{"start":{"line":14,"column":14},"end":{"line":14,"column":62}},"4":{"start":{"line":17,"column":8},"end":{"line":17,"column":33}},"5":{"start":{"line":18,"column":8},"end":{"line":18,"column":33}},"6":{"start":{"line":22,"column":8},"end":{"line":22,"column":54}},"7":{"start":{"line":26,"column":27},"end":{"line":26,"column":71}},"8":{"start":{"line":27,"column":8},"end":{"line":27,"column":32}},"9":{"start":{"line":27,"column":25},"end":{"line":27,"column":32}},"10":{"start":{"line":28,"column":8},"end":{"line":28,"column":41}},"11":{"start":{"line":29,"column":8},"end":{"line":29,"column":39}},"12":{"start":{"line":30,"column":8},"end":{"line":30,"column":55}},"13":{"start":{"line":34,"column":8},"end":{"line":34,"column":36}},"14":{"start":{"line":38,"column":8},"end":{"line":38,"column":44}},"15":{"start":{"line":42,"column":8},"end":{"line":42,"column":40}},"16":{"start":{"line":46,"column":8},"end":{"line":46,"column":48}},"17":{"start":{"line":50,"column":8},"end":{"line":50,"column":50}},"18":{"start":{"line":54,"column":8},"end":{"line":54,"column":57}},"19":{"start":{"line":58,"column":8},"end":{"line":58,"column":35}},"20":{"start":{"line":62,"column":8},"end":{"line":62,"column":43}},"21":{"start":{"line":66,"column":8},"end":{"line":66,"column":42}},"22":{"start":{"line":67,"column":8},"end":{"line":67,"column":65}},"23":{"start":{"line":67,"column":32},"end":{"line":67,"column":63}},"24":{"start":{"line":71,"column":8},"end":{"line":71,"column":49}},"25":{"start":{"line":72,"column":8},"end":{"line":72,"column":66}},"26":{"start":{"line":72,"column":32},"end":{"line":72,"column":64}},"27":{"start":{"line":77,"column":8},"end":{"line":77,"column":33}},"28":{"start":{"line":78,"column":8},"end":{"line":78,"column":40}},"29":{"start":{"line":79,"column":8},"end":{"line":79,"column":33}},"30":{"start":{"line":83,"column":8},"end":{"line":83,"column":38}},"31":{"start":{"line":88,"column":30},"end":{"line":88,"column":53}},"32":{"start":{"line":89,"column":8},"end":{"line":91,"column":11}},"33":{"start":{"line":90,"column":12},"end":{"line":90,"column":44}},"34":{"start":{"line":95,"column":30},"end":{"line":95,"column":53}},"35":{"start":{"line":96,"column":8},"end":{"line":99,"column":11}},"36":{"start":{"line":97,"column":12},"end":{"line":97,"column":54}},"37":{"start":{"line":97,"column":47},"end":{"line":97,"column":54}},"38":{"start":{"line":98,"column":12},"end":{"line":98,"column":45}},"39":{"start":{"line":103,"column":23},"end":{"line":103,"column":101}},"40":{"start":{"line":104,"column":8},"end":{"line":107,"column":15}},"41":{"start":{"line":106,"column":16},"end":{"line":106,"column":37}},"42":{"start":{"line":108,"column":8},"end":{"line":108,"column":22}},"43":{"start":{"line":112,"column":8},"end":{"line":112,"column":69}},"44":{"start":{"line":119,"column":8},"end":{"line":119,"column":58}},"45":{"start":{"line":123,"column":8},"end":{"line":123,"column":83}},"46":{"start":{"line":127,"column":8},"end":{"line":127,"column":71}},"47":{"start":{"line":131,"column":31},"end":{"line":131,"column":64}},"48":{"start":{"line":132,"column":28},"end":{"line":132,"column":30}},"49":{"start":{"line":133,"column":8},"end":{"line":140,"column":11}},"50":{"start":{"line":134,"column":12},"end":{"line":139,"column":13}},"51":{"start":{"line":135,"column":16},"end":{"line":135,"column":40}},"52":{"start":{"line":136,"column":16},"end":{"line":136,"column":23}},"53":{"start":{"line":138,"column":16},"end":{"line":138,"column":45}},"54":{"start":{"line":141,"column":8},"end":{"line":145,"column":9}},"55":{"start":{"line":142,"column":41},"end":{"line":142,"column":72}},"56":{"start":{"line":143,"column":12},"end":{"line":143,"column":74}},"57":{"start":{"line":143,"column":41},"end":{"line":143,"column":72}},"58":{"start":{"line":144,"column":12},"end":{"line":144,"column":64}},"59":{"start":{"line":13,"column":19},"end":{"line":13,"column":59}},"60":{"start":{"line":11,"column":0},"end":{"line":148,"column":1}}},"fnMap":{"0":{"name":"(anonymous_0)","decl":{"start":{"line":16,"column":4},"end":{"line":null,"column":-1}},"loc":{"start":{"line":16,"column":4},"end":{"line":19,"column":5}}},"1":{"name":"(anonymous_1)","decl":{"start":{"line":21,"column":11},"end":{"line":21,"column":27}},"loc":{"start":{"line":21,"column":28},"end":{"line":23,"column":5}}},"2":{"name":"(anonymous_2)","decl":{"start":{"line":25,"column":12},"end":{"line":25,"column":24}},"loc":{"start":{"line":25,"column":57},"end":{"line":31,"column":5}}},"3":{"name":"(anonymous_3)","decl":{"start":{"line":33,"column":11},"end":{"line":33,"column":16}},"loc":{"start":{"line":33,"column":54},"end":{"line":35,"column":5}}},"4":{"name":"(anonymous_4)","decl":{"start":{"line":37,"column":11},"end":{"line":37,"column":22}},"loc":{"start":{"line":37,"column":47},"end":{"line":39,"column":5}}},"5":{"name":"(anonymous_5)","decl":{"start":{"line":41,"column":11},"end":{"line":41,"column":16}},"loc":{"start":{"line":41,"column":49},"end":{"line":43,"column":5}}},"6":{"name":"(anonymous_6)","decl":{"start":{"line":45,"column":11},"end":{"line":45,"column":22}},"loc":{"start":{"line":45,"column":42},"end":{"line":47,"column":5}}},"7":{"name":"(anonymous_7)","decl":{"start":{"line":49,"column":11},"end":{"line":49,"column":16}},"loc":{"start":{"line":49,"column":42},"end":{"line":51,"column":5}}},"8":{"name":"(anonymous_8)","decl":{"start":{"line":53,"column":11},"end":{"line":53,"column":22}},"loc":{"start":{"line":53,"column":35},"end":{"line":55,"column":5}}},"9":{"name":"(anonymous_9)","decl":{"start":{"line":57,"column":11},"end":{"line":57,"column":16}},"loc":{"start":{"line":57,"column":45},"end":{"line":59,"column":5}}},"10":{"name":"(anonymous_10)","decl":{"start":{"line":61,"column":11},"end":{"line":61,"column":25}},"loc":{"start":{"line":61,"column":38},"end":{"line":63,"column":5}}},"11":{"name":"(anonymous_11)","decl":{"start":{"line":65,"column":11},"end":{"line":65,"column":27}},"loc":{"start":{"line":65,"column":48},"end":{"line":68,"column":5}}},"12":{"name":"(anonymous_12)","decl":{"start":{"line":67,"column":23},"end":{"line":67,"column":27}},"loc":{"start":{"line":67,"column":32},"end":{"line":67,"column":63}}},"13":{"name":"(anonymous_13)","decl":{"start":{"line":70,"column":11},"end":{"line":70,"column":33}},"loc":{"start":{"line":70,"column":54},"end":{"line":73,"column":5}}},"14":{"name":"(anonymous_14)","decl":{"start":{"line":72,"column":23},"end":{"line":72,"column":27}},"loc":{"start":{"line":72,"column":32},"end":{"line":72,"column":64}}},"15":{"name":"(anonymous_15)","decl":{"start":{"line":76,"column":11},"end":{"line":76,"column":27}},"loc":{"start":{"line":76,"column":28},"end":{"line":80,"column":5}}},"16":{"name":"(anonymous_16)","decl":{"start":{"line":82,"column":11},"end":{"line":82,"column":26}},"loc":{"start":{"line":82,"column":27},"end":{"line":84,"column":5}}},"17":{"name":"(anonymous_17)","decl":{"start":{"line":87,"column":11},"end":{"line":87,"column":27}},"loc":{"start":{"line":87,"column":28},"end":{"line":92,"column":5}}},"18":{"name":"(anonymous_18)","decl":{"start":{"line":89,"column":30},"end":{"line":89,"column":34}},"loc":{"start":{"line":89,"column":38},"end":{"line":91,"column":9}}},"19":{"name":"(anonymous_19)","decl":{"start":{"line":94,"column":14},"end":{"line":94,"column":30}},"loc":{"start":{"line":94,"column":31},"end":{"line":100,"column":5}}},"20":{"name":"(anonymous_20)","decl":{"start":{"line":96,"column":30},"end":{"line":96,"column":34}},"loc":{"start":{"line":96,"column":38},"end":{"line":99,"column":9}}},"21":{"name":"(anonymous_21)","decl":{"start":{"line":102,"column":11},"end":{"line":102,"column":28}},"loc":{"start":{"line":102,"column":29},"end":{"line":109,"column":5}}},"22":{"name":"(anonymous_22)","decl":{"start":{"line":105,"column":21},"end":{"line":105,"column":25}},"loc":{"start":{"line":105,"column":29},"end":{"line":107,"column":13}}},"23":{"name":"(anonymous_23)","decl":{"start":{"line":111,"column":11},"end":{"line":111,"column":36}},"loc":{"start":{"line":111,"column":37},"end":{"line":113,"column":5}}},"24":{"name":"(anonymous_24)","decl":{"start":{"line":118,"column":11},"end":{"line":118,"column":27}},"loc":{"start":{"line":118,"column":85},"end":{"line":120,"column":5}}},"25":{"name":"(anonymous_25)","decl":{"start":{"line":122,"column":12},"end":{"line":122,"column":35}},"loc":{"start":{"line":122,"column":36},"end":{"line":124,"column":5}}},"26":{"name":"(anonymous_26)","decl":{"start":{"line":126,"column":12},"end":{"line":126,"column":35}},"loc":{"start":{"line":126,"column":56},"end":{"line":128,"column":5}}},"27":{"name":"(anonymous_27)","decl":{"start":{"line":130,"column":11},"end":{"line":130,"column":31}},"loc":{"start":{"line":130,"column":42},"end":{"line":146,"column":5}}},"28":{"name":"(anonymous_28)","decl":{"start":{"line":133,"column":23},"end":{"line":133,"column":27}},"loc":{"start":{"line":133,"column":31},"end":{"line":140,"column":9}}},"29":{"name":"(anonymous_29)","decl":{"start":{"line":143,"column":32},"end":{"line":143,"column":36}},"loc":{"start":{"line":143,"column":41},"end":{"line":143,"column":72}}}},"branchMap":{"0":{"loc":{"start":{"line":27,"column":8},"end":{"line":27,"column":32}},"type":"if","locations":[{"start":{"line":27,"column":8},"end":{"line":27,"column":32}},{"start":{"line":27,"column":8},"end":{"line":27,"column":32}}]},"1":{"loc":{"start":{"line":97,"column":12},"end":{"line":97,"column":54}},"type":"if","locations":[{"start":{"line":97,"column":12},"end":{"line":97,"column":54}},{"start":{"line":97,"column":12},"end":{"line":97,"column":54}}]},"2":{"loc":{"start":{"line":112,"column":15},"end":{"line":112,"column":62}},"type":"binary-expr","locations":[{"start":{"line":112,"column":15},"end":{"line":112,"column":62}},{"start":{"line":112,"column":66},"end":{"line":112,"column":68}}]},"3":{"loc":{"start":{"line":123,"column":15},"end":{"line":123,"column":69}},"type":"binary-expr","locations":[{"start":{"line":123,"column":15},"end":{"line":123,"column":69}},{"start":{"line":123,"column":73},"end":{"line":123,"column":82}}]},"4":{"loc":{"start":{"line":134,"column":12},"end":{"line":139,"column":13}},"type":"if","locations":[{"start":{"line":134,"column":12},"end":{"line":139,"column":13}},{"start":{"line":134,"column":12},"end":{"line":139,"column":13}}]},"5":{"loc":{"start":{"line":141,"column":8},"end":{"line":145,"column":9}},"type":"if","locations":[{"start":{"line":141,"column":8},"end":{"line":145,"column":9}},{"start":{"line":141,"column":8},"end":{"line":145,"column":9}}]}},"s":{"0":1,"1":1,"2":1,"3":100,"4":100,"5":100,"6":204,"7":618,"8":618,"9":395,"10":223,"11":223,"12":223,"13":3,"14":10,"15":146,"16":84,"17":3,"18":286,"19":0,"20":2,"21":2,"22":2,"23":2,"24":2,"25":2,"26":3,"27":1,"28":1,"29":1,"30":140,"31":135,"32":135,"33":406,"34":1,"35":1,"36":3,"37":0,"38":3,"39":8,"40":8,"41":4,"42":8,"43":12,"44":1,"45":11,"46":3,"47":3,"48":3,"49":3,"50":4,"51":3,"52":3,"53":1,"54":3,"55":3,"56":3,"57":3,"58":3,"59":1,"60":1},"f":{"0":100,"1":204,"2":618,"3":3,"4":10,"5":146,"6":84,"7":3,"8":286,"9":0,"10":2,"11":2,"12":2,"13":2,"14":3,"15":1,"16":140,"17":135,"18":406,"19":1,"20":3,"21":8,"22":4,"23":12,"24":1,"25":11,"26":3,"27":3,"28":4,"29":3},"b":{"0":[395,223],"1":[0,3],"2":[12,9],"3":[11,7],"4":[3,1],"5":[3,0]}}
,"C:\\Users\\Orel Balilti\\Documents\\Projects\\Sugoi\\ORM\\constants\\connection-status.constant.ts": {"path":"C:\\Users\\Orel Balilti\\Documents\\Projects\\Sugoi\\ORM\\constants\\connection-status.constant.ts","statementMap":{"0":{"start":{"line":1,"column":0},"end":{"line":4,"column":1}},"1":{"start":{"line":2,"column":4},"end":{"line":2,"column":27}},"2":{"start":{"line":3,"column":4},"end":{"line":3,"column":33}}},"fnMap":{"0":{"name":"(anonymous_0)","decl":{"start":{"line":1,"column":0},"end":{"line":1,"column":11}},"loc":{"start":{"line":1,"column":29},"end":{"line":4,"column":1}}}},"branchMap":{"0":{"loc":{"start":{"line":1,"column":12},"end":{"line":1,"column":29}},"type":"binary-expr","locations":[{"start":{"line":1,"column":12},"end":{"line":1,"column":29}},{"start":{"line":1,"column":12},"end":{"line":1,"column":29}}]}},"s":{"0":1,"1":1,"2":1},"f":{"0":1},"b":{"0":[1,1]}}
,"C:\\Users\\Orel Balilti\\Documents\\Projects\\Sugoi\\ORM\\constants\\decorators-key.constant.ts": {"path":"C:\\Users\\Orel Balilti\\Documents\\Projects\\Sugoi\\ORM\\constants\\decorators-key.constant.ts","statementMap":{"0":{"start":{"line":1,"column":13},"end":{"line":8,"column":1}}},"fnMap":{},"branchMap":{},"s":{"0":1},"f":{},"b":{}}
,"C:\\Users\\Orel Balilti\\Documents\\Projects\\Sugoi\\ORM\\constants\\exceptions.contant.ts": {"path":"C:\\Users\\Orel Balilti\\Documents\\Projects\\Sugoi\\ORM\\constants\\exceptions.contant.ts","statementMap":{"0":{"start":{"line":3,"column":13},"end":{"line":11,"column":1}}},"fnMap":{},"branchMap":{},"s":{"0":1},"f":{},"b":{}}
,"C:\\Users\\Orel Balilti\\Documents\\Projects\\Sugoi\\ORM\\constants\\sort-options.enum.ts": {"path":"C:\\Users\\Orel Balilti\\Documents\\Projects\\Sugoi\\ORM\\constants\\sort-options.enum.ts","statementMap":{"0":{"start":{"line":1,"column":0},"end":{"line":4,"column":1}},"1":{"start":{"line":2,"column":4},"end":{"line":2,"column":17}},"2":{"start":{"line":3,"column":4},"end":{"line":3,"column":15}}},"fnMap":{"0":{"name":"(anonymous_0)","decl":{"start":{"line":1,"column":0},"end":{"line":1,"column":11}},"loc":{"start":{"line":1,"column":23},"end":{"line":4,"column":1}}}},"branchMap":{"0":{"loc":{"start":{"line":1,"column":12},"end":{"line":1,"column":23}},"type":"binary-expr","locations":[{"start":{"line":1,"column":12},"end":{"line":1,"column":23}},{"start":{"line":1,"column":12},"end":{"line":1,"column":23}}]}},"s":{"0":1,"1":1,"2":1},"f":{"0":1},"b":{"0":[1,1]}}
,"C:\\Users\\Orel Balilti\\Documents\\Projects\\Sugoi\\ORM\\decorators\\connection-name.decorator.ts": {"path":"C:\\Users\\Orel Balilti\\Documents\\Projects\\Sugoi\\ORM\\decorators\\connection-name.decorator.ts","statementMap":{"0":{"start":{"line":1,"column":0},"end":{"line":1,"column":65}},"1":{"start":{"line":2,"column":0},"end":{"line":2,"column":58}},"2":{"start":{"line":5,"column":4},"end":{"line":9,"column":5}},"3":{"start":{"line":6,"column":8},"end":{"line":8,"column":9}},"4":{"start":{"line":7,"column":12},"end":{"line":7,"column":135}},"5":{"start":{"line":4,"column":0},"end":{"line":10,"column":1}},"6":{"start":{"line":13,"column":4},"end":{"line":22,"column":5}},"7":{"start":{"line":14,"column":8},"end":{"line":14,"column":46}},"8":{"start":{"line":15,"column":8},"end":{"line":15,"column":20}},"9":{"start":{"line":17,"column":9},"end":{"line":22,"column":5}},"10":{"start":{"line":18,"column":8},"end":{"line":18,"column":63}},"11":{"start":{"line":21,"column":8},"end":{"line":21,"column":20}}},"fnMap":{"0":{"name":"ConnectionName","decl":{"start":{"line":4,"column":16},"end":{"line":4,"column":30}},"loc":{"start":{"line":4,"column":42},"end":{"line":10,"column":1}}},"1":{"name":"(anonymous_1)","decl":{"start":{"line":5,"column":11},"end":{"line":5,"column":20}},"loc":{"start":{"line":5,"column":39},"end":{"line":9,"column":5}}},"2":{"name":"setConnectionName","decl":{"start":{"line":12,"column":9},"end":{"line":12,"column":26}},"loc":{"start":{"line":12,"column":56},"end":{"line":23,"column":1}}}},"branchMap":{"0":{"loc":{"start":{"line":6,"column":8},"end":{"line":8,"column":9}},"type":"if","locations":[{"start":{"line":6,"column":8},"end":{"line":8,"column":9}},{"start":{"line":6,"column":8},"end":{"line":8,"column":9}}]},"1":{"loc":{"start":{"line":13,"column":4},"end":{"line":22,"column":5}},"type":"if","locations":[{"start":{"line":13,"column":4},"end":{"line":22,"column":5}},{"start":{"line":13,"column":4},"end":{"line":22,"column":5}}]},"2":{"loc":{"start":{"line":17,"column":9},"end":{"line":22,"column":5}},"type":"if","locations":[{"start":{"line":17,"column":9},"end":{"line":22,"column":5}},{"start":{"line":17,"column":9},"end":{"line":22,"column":5}}]}},"s":{"0":1,"1":1,"2":3,"3":3,"4":1,"5":1,"6":4,"7":2,"8":2,"9":2,"10":1,"11":1},"f":{"0":3,"1":3,"2":4},"b":{"0":[1,2],"1":[2,2],"2":[1,1]}}
,"C:\\Users\\Orel Balilti\\Documents\\Projects\\Sugoi\\ORM\\decorators\\ignore.decorator.ts": {"path":"C:\\Users\\Orel Balilti\\Documents\\Projects\\Sugoi\\ORM\\decorators\\ignore.decorator.ts","statementMap":{"0":{"start":{"line":1,"column":0},"end":{"line":1,"column":67}},"1":{"start":{"line":13,"column":4},"end":{"line":17,"column":5}},"2":{"start":{"line":15,"column":48},"end":{"line":15,"column":81}},"3":{"start":{"line":16,"column":8},"end":{"line":16,"column":52}},"4":{"start":{"line":12,"column":0},"end":{"line":18,"column":1}},"5":{"start":{"line":29,"column":26},"end":{"line":29,"column":77}},"6":{"start":{"line":30,"column":24},"end":{"line":30,"column":59}},"7":{"start":{"line":31,"column":4},"end":{"line":34,"column":7}},"8":{"start":{"line":32,"column":8},"end":{"line":32,"column":58}},"9":{"start":{"line":32,"column":51},"end":{"line":32,"column":58}},"10":{"start":{"line":33,"column":8},"end":{"line":33,"column":32}},"11":{"start":{"line":35,"column":4},"end":{"line":35,"column":80}},"12":{"start":{"line":28,"column":0},"end":{"line":36,"column":1}},"13":{"start":{"line":39,"column":27},"end":{"line":39,"column":65}},"14":{"start":{"line":40,"column":24},"end":{"line":40,"column":59}},"15":{"start":{"line":41,"column":31},"end":{"line":41,"column":72}},"16":{"start":{"line":42,"column":19},"end":{"line":42,"column":55}},"17":{"start":{"line":43,"column":4},"end":{"line":52,"column":7}},"18":{"start":{"line":44,"column":8},"end":{"line":51,"column":9}},"19":{"start":{"line":45,"column":12},"end":{"line":45,"column":41}},"20":{"start":{"line":46,"column":12},"end":{"line":46,"column":35}},"21":{"start":{"line":48,"column":13},"end":{"line":51,"column":9}},"22":{"start":{"line":49,"column":12},"end":{"line":49,"column":42}},"23":{"start":{"line":50,"column":12},"end":{"line":50,"column":37}},"24":{"start":{"line":53,"column":4},"end":{"line":54,"column":77}},"25":{"start":{"line":54,"column":8},"end":{"line":54,"column":77}},"26":{"start":{"line":55,"column":4},"end":{"line":56,"column":85}},"27":{"start":{"line":56,"column":8},"end":{"line":56,"column":85}},"28":{"start":{"line":38,"column":0},"end":{"line":58,"column":1}},"29":{"start":{"line":61,"column":21},"end":{"line":61,"column":65}},"30":{"start":{"line":62,"column":24},"end":{"line":62,"column":62}},"31":{"start":{"line":63,"column":23},"end":{"line":63,"column":64}},"32":{"start":{"line":64,"column":4},"end":{"line":64,"column":68}},"33":{"start":{"line":64,"column":44},"end":{"line":64,"column":66}},"34":{"start":{"line":65,"column":16},"end":{"line":65,"column":36}},"35":{"start":{"line":66,"column":4},"end":{"line":66,"column":49}},"36":{"start":{"line":67,"column":4},"end":{"line":67,"column":15}},"37":{"start":{"line":60,"column":0},"end":{"line":68,"column":1}},"38":{"start":{"line":71,"column":4},"end":{"line":71,"column":60}},"39":{"start":{"line":72,"column":4},"end":{"line":72,"column":64}},"40":{"start":{"line":70,"column":0},"end":{"line":73,"column":1}},"41":{"start":{"line":76,"column":4},"end":{"line":78,"column":15}},"42":{"start":{"line":82,"column":4},"end":{"line":84,"column":20}},"43":{"start":{"line":88,"column":4},"end":{"line":90,"column":20}}},"fnMap":{"0":{"name":"Ignore","decl":{"start":{"line":12,"column":16},"end":{"line":12,"column":22}},"loc":{"start":{"line":12,"column":22},"end":{"line":18,"column":1}}},"1":{"name":"(anonymous_1)","decl":{"start":{"line":13,"column":11},"end":{"line":13,"column":20}},"loc":{"start":{"line":14,"column":40},"end":{"line":17,"column":5}}},"2":{"name":"addIgnoredFields","decl":{"start":{"line":28,"column":16},"end":{"line":28,"column":32}},"loc":{"start":{"line":28,"column":96},"end":{"line":36,"column":1}}},"3":{"name":"(anonymous_3)","decl":{"start":{"line":31,"column":19},"end":{"line":31,"column":23}},"loc":{"start":{"line":31,"column":27},"end":{"line":34,"column":5}}},"4":{"name":"removeFieldsFromIgnored","decl":{"start":{"line":38,"column":16},"end":{"line":38,"column":39}},"loc":{"start":{"line":38,"column":84},"end":{"line":58,"column":1}}},"5":{"name":"(anonymous_5)","decl":{"start":{"line":43,"column":19},"end":{"line":43,"column":23}},"loc":{"start":{"line":43,"column":27},"end":{"line":52,"column":5}}},"6":{"name":"getIgnoredFields","decl":{"start":{"line":60,"column":16},"end":{"line":60,"column":32}},"loc":{"start":{"line":60,"column":75},"end":{"line":68,"column":1}}},"7":{"name":"(anonymous_7)","decl":{"start":{"line":64,"column":35},"end":{"line":64,"column":39}},"loc":{"start":{"line":64,"column":44},"end":{"line":64,"column":66}}},"8":{"name":"initInstanceIgnoredFields","decl":{"start":{"line":70,"column":16},"end":{"line":70,"column":41}},"loc":{"start":{"line":70,"column":84},"end":{"line":73,"column":1}}},"9":{"name":"getClassIgnoredFields","decl":{"start":{"line":75,"column":9},"end":{"line":75,"column":30}},"loc":{"start":{"line":75,"column":73},"end":{"line":79,"column":1}}},"10":{"name":"getInstanceIgnoredFields","decl":{"start":{"line":81,"column":9},"end":{"line":81,"column":33}},"loc":{"start":{"line":81,"column":76},"end":{"line":85,"column":1}}},"11":{"name":"getInstanceNotIgnoredFields","decl":{"start":{"line":87,"column":9},"end":{"line":87,"column":36}},"loc":{"start":{"line":87,"column":79},"end":{"line":91,"column":1}}}},"branchMap":{"0":{"loc":{"start":{"line":29,"column":26},"end":{"line":29,"column":64}},"type":"binary-expr","locations":[{"start":{"line":29,"column":26},"end":{"line":29,"column":64}},{"start":{"line":29,"column":68},"end":{"line":29,"column":77}}]},"1":{"loc":{"start":{"line":32,"column":8},"end":{"line":32,"column":58}},"type":"if","locations":[{"start":{"line":32,"column":8},"end":{"line":32,"column":58}},{"start":{"line":32,"column":8},"end":{"line":32,"column":58}}]},"2":{"loc":{"start":{"line":32,"column":12},"end":{"line":32,"column":23}},"type":"binary-expr","locations":[{"start":{"line":32,"column":12},"end":{"line":32,"column":23}},{"start":{"line":32,"column":27},"end":{"line":32,"column":49}}]},"3":{"loc":{"start":{"line":44,"column":8},"end":{"line":51,"column":9}},"type":"if","locations":[{"start":{"line":44,"column":8},"end":{"line":51,"column":9}},{"start":{"line":44,"column":8},"end":{"line":51,"column":9}}]},"4":{"loc":{"start":{"line":44,"column":12},"end":{"line":44,"column":26}},"type":"binary-expr","locations":[{"start":{"line":44,"column":12},"end":{"line":44,"column":26}},{"start":{"line":44,"column":30},"end":{"line":44,"column":55}}]},"5":{"loc":{"start":{"line":48,"column":13},"end":{"line":51,"column":9}},"type":"if","locations":[{"start":{"line":48,"column":13},"end":{"line":51,"column":9}},{"start":{"line":48,"column":13},"end":{"line":51,"column":9}}]},"6":{"loc":{"start":{"line":48,"column":17},"end":{"line":48,"column":28}},"type":"binary-expr","locations":[{"start":{"line":48,"column":17},"end":{"line":48,"column":28}},{"start":{"line":48,"column":32},"end":{"line":48,"column":54}}]},"7":{"loc":{"start":{"line":53,"column":4},"end":{"line":54,"column":77}},"type":"if","locations":[{"start":{"line":53,"column":4},"end":{"line":54,"column":77}},{"start":{"line":53,"column":4},"end":{"line":54,"column":77}}]},"8":{"loc":{"start":{"line":55,"column":4},"end":{"line":56,"column":85}},"type":"if","locations":[{"start":{"line":55,"column":4},"end":{"line":56,"column":85}},{"start":{"line":55,"column":4},"end":{"line":56,"column":85}}]},"9":{"loc":{"start":{"line":77,"column":29},"end":{"line":77,"column":107}},"type":"cond-expr","locations":[{"start":{"line":77,"column":29},"end":{"line":77,"column":107}},{"start":{"line":78,"column":10},"end":{"line":78,"column":14}}]},"10":{"loc":{"start":{"line":77,"column":29},"end":{"line":77,"column":94}},"type":"binary-expr","locations":[{"start":{"line":77,"column":29},"end":{"line":77,"column":94}},{"start":{"line":77,"column":98},"end":{"line":77,"column":107}}]},"11":{"loc":{"start":{"line":83,"column":10},"end":{"line":83,"column":62}},"type":"cond-expr","locations":[{"start":{"line":83,"column":10},"end":{"line":83,"column":62}},{"start":{"line":84,"column":10},"end":{"line":84,"column":19}}]},"12":{"loc":{"start":{"line":89,"column":10},"end":{"line":89,"column":66}},"type":"cond-expr","locations":[{"start":{"line":89,"column":10},"end":{"line":89,"column":66}},{"start":{"line":90,"column":10},"end":{"line":90,"column":19}}]}},"s":{"0":1,"1":3,"2":3,"3":3,"4":1,"5":5,"6":5,"7":5,"8":5,"9":0,"10":5,"11":5,"12":1,"13":2,"14":2,"15":2,"16":2,"17":2,"18":3,"19":1,"20":1,"21":2,"22":2,"23":2,"24":2,"25":1,"26":2,"27":2,"28":1,"29":140,"30":140,"31":140,"32":140,"33":7,"34":140,"35":140,"36":140,"37":1,"38":1,"39":1,"40":1,"41":147,"42":147,"43":142},"f":{"0":3,"1":3,"2":5,"3":5,"4":2,"5":3,"6":140,"7":7,"8":1,"9":147,"10":147,"11":142},"b":{"0":[5,0],"1":[0,5],"2":[5,2],"3":[1,2],"4":[3,3],"5":[2,0],"6":[2,2],"7":[1,1],"8":[2,0],"9":[144,3],"10":[144,0],"11":[14,133],"12":[8,134]}}
,"C:\\Users\\Orel Balilti\\Documents\\Projects\\Sugoi\\ORM\\decorators\\mandatory.decorator.ts": {"path":"C:\\Users\\Orel Balilti\\Documents\\Projects\\Sugoi\\ORM\\decorators\\mandatory.decorator.ts","statementMap":{"0":{"start":{"line":1,"column":0},"end":{"line":1,"column":67}},"1":{"start":{"line":16,"column":4},"end":{"line":20,"column":5}},"2":{"start":{"line":19,"column":8},"end":{"line":19,"column":64}},"3":{"start":{"line":15,"column":0},"end":{"line":21,"column":1}},"4":{"start":{"line":24,"column":4},"end":{"line":26,"column":5}},"5":{"start":{"line":25,"column":8},"end":{"line":25,"column":90}},"6":{"start":{"line":27,"column":4},"end":{"line":27,"column":75}},"7":{"start":{"line":23,"column":0},"end":{"line":28,"column":1}},"8":{"start":{"line":31,"column":19},"end":{"line":31,"column":60}},"9":{"start":{"line":32,"column":4},"end":{"line":32,"column":62}},"10":{"start":{"line":33,"column":4},"end":{"line":33,"column":74}},"11":{"start":{"line":30,"column":0},"end":{"line":34,"column":1}},"12":{"start":{"line":37,"column":19},"end":{"line":37,"column":57}},"13":{"start":{"line":38,"column":4},"end":{"line":38,"column":62}},"14":{"start":{"line":39,"column":4},"end":{"line":39,"column":79}},"15":{"start":{"line":46,"column":23},"end":{"line":46,"column":36}},"16":{"start":{"line":47,"column":8},"end":{"line":53,"column":9}},"17":{"start":{"line":47,"column":37},"end":{"line":47,"column":44}},"18":{"start":{"line":48,"column":13},"end":{"line":53,"column":9}},"19":{"start":{"line":49,"column":12},"end":{"line":49,"column":46}},"20":{"start":{"line":52,"column":12},"end":{"line":52,"column":39}}},"fnMap":{"0":{"name":"Required","decl":{"start":{"line":15,"column":16},"end":{"line":15,"column":24}},"loc":{"start":{"line":15,"column":73},"end":{"line":21,"column":1}}},"1":{"name":"(anonymous_1)","decl":{"start":{"line":16,"column":11},"end":{"line":16,"column":20}},"loc":{"start":{"line":17,"column":40},"end":{"line":20,"column":5}}},"2":{"name":"getMandatoryFields","decl":{"start":{"line":23,"column":16},"end":{"line":23,"column":34}},"loc":{"start":{"line":23,"column":47},"end":{"line":28,"column":1}}},"3":{"name":"addInstanceMandatoryField","decl":{"start":{"line":30,"column":16},"end":{"line":30,"column":41}},"loc":{"start":{"line":30,"column":126},"end":{"line":34,"column":1}}},"4":{"name":"addMandatoryField","decl":{"start":{"line":36,"column":9},"end":{"line":36,"column":26}},"loc":{"start":{"line":36,"column":80},"end":{"line":40,"column":1}}},"5":{"name":"(anonymous_5)","decl":{"start":{"line":46,"column":4},"end":{"line":46,"column":22}},"loc":{"start":{"line":46,"column":79},"end":{"line":54,"column":5}}}},"branchMap":{"0":{"loc":{"start":{"line":15,"column":68},"end":{"line":15,"column":73}},"type":"default-arg","locations":[{"start":{"line":15,"column":68},"end":{"line":15,"column":73}}]},"1":{"loc":{"start":{"line":24,"column":4},"end":{"line":26,"column":5}},"type":"if","locations":[{"start":{"line":24,"column":4},"end":{"line":26,"column":5}},{"start":{"line":24,"column":4},"end":{"line":26,"column":5}}]},"2":{"loc":{"start":{"line":24,"column":10},"end":{"line":24,"column":22}},"type":"binary-expr","locations":[{"start":{"line":24,"column":10},"end":{"line":24,"column":22}},{"start":{"line":24,"column":26},"end":{"line":24,"column":89}}]},"3":{"loc":{"start":{"line":25,"column":40},"end":{"line":25,"column":82}},"type":"cond-expr","locations":[{"start":{"line":25,"column":40},"end":{"line":25,"column":82}},{"start":{"line":25,"column":85},"end":{"line":25,"column":89}}]},"4":{"loc":{"start":{"line":37,"column":19},"end":{"line":37,"column":51}},"type":"binary-expr","locations":[{"start":{"line":37,"column":19},"end":{"line":37,"column":51}},{"start":{"line":37,"column":55},"end":{"line":37,"column":57}}]},"5":{"loc":{"start":{"line":47,"column":8},"end":{"line":53,"column":9}},"type":"if","locations":[{"start":{"line":47,"column":8},"end":{"line":53,"column":9}},{"start":{"line":47,"column":8},"end":{"line":53,"column":9}}]},"6":{"loc":{"start":{"line":48,"column":13},"end":{"line":53,"column":9}},"type":"if","locations":[{"start":{"line":48,"column":13},"end":{"line":53,"column":9}},{"start":{"line":48,"column":13},"end":{"line":53,"column":9}}]}},"s":{"0":1,"1":4,"2":4,"3":1,"4":49,"5":29,"6":20,"7":1,"8":1,"9":1,"10":1,"11":1,"12":4,"13":4,"14":4,"15":5,"16":5,"17":0,"18":5,"19":4,"20":1},"f":{"0":4,"1":4,"2":49,"3":1,"4":4,"5":5},"b":{"0":[1],"1":[29,20],"2":[49,49],"3":[0,29],"4":[4,1],"5":[0,5],"6":[4,1]}}
,"C:\\Users\\Orel Balilti\\Documents\\Projects\\Sugoi\\ORM\\decorators\\model-name.decorator.ts": {"path":"C:\\Users\\Orel Balilti\\Documents\\Projects\\Sugoi\\ORM\\decorators\\model-name.decorator.ts","statementMap":{"0":{"start":{"line":1,"column":0},"end":{"line":1,"column":65}},"1":{"start":{"line":2,"column":0},"end":{"line":2,"column":58}},"2":{"start":{"line":5,"column":4},"end":{"line":9,"column":5}},"3":{"start":{"line":6,"column":8},"end":{"line":8,"column":9}},"4":{"start":{"line":7,"column":12},"end":{"line":7,"column":111}},"5":{"start":{"line":4,"column":0},"end":{"line":10,"column":1}},"6":{"start":{"line":13,"column":4},"end":{"line":22,"column":5}},"7":{"start":{"line":14,"column":8},"end":{"line":14,"column":46}},"8":{"start":{"line":15,"column":8},"end":{"line":15,"column":20}},"9":{"start":{"line":17,"column":9},"end":{"line":22,"column":5}},"10":{"start":{"line":18,"column":8},"end":{"line":18,"column":63}},"11":{"start":{"line":21,"column":8},"end":{"line":21,"column":20}}},"fnMap":{"0":{"name":"ModelName","decl":{"start":{"line":4,"column":16},"end":{"line":4,"column":25}},"loc":{"start":{"line":4,"column":37},"end":{"line":10,"column":1}}},"1":{"name":"(anonymous_1)","decl":{"start":{"line":5,"column":11},"end":{"line":5,"column":20}},"loc":{"start":{"line":5,"column":39},"end":{"line":9,"column":5}}},"2":{"name":"setCollectionName","decl":{"start":{"line":12,"column":9},"end":{"line":12,"column":26}},"loc":{"start":{"line":12,"column":56},"end":{"line":23,"column":1}}}},"branchMap":{"0":{"loc":{"start":{"line":6,"column":8},"end":{"line":8,"column":9}},"type":"if","locations":[{"start":{"line":6,"column":8},"end":{"line":8,"column":9}},{"start":{"line":6,"column":8},"end":{"line":8,"column":9}}]},"1":{"loc":{"start":{"line":13,"column":4},"end":{"line":22,"column":5}},"type":"if","locations":[{"start":{"line":13,"column":4},"end":{"line":22,"column":5}},{"start":{"line":13,"column":4},"end":{"line":22,"column":5}}]},"2":{"loc":{"start":{"line":17,"column":9},"end":{"line":22,"column":5}},"type":"if","locations":[{"start":{"line":17,"column":9},"end":{"line":22,"column":5}},{"start":{"line":17,"column":9},"end":{"line":22,"column":5}}]}},"s":{"0":1,"1":1,"2":3,"3":3,"4":1,"5":1,"6":4,"7":2,"8":2,"9":2,"10":1,"11":1},"f":{"0":3,"1":3,"2":4},"b":{"0":[1,2],"1":[2,2],"2":[1,1]}}
,"C:\\Users\\Orel Balilti\\Documents\\Projects\\Sugoi\\ORM\\decorators\\primary.decorator.ts": {"path":"C:\\Users\\Orel Balilti\\Documents\\Projects\\Sugoi\\ORM\\decorators\\primary.decorator.ts","statementMap":{"0":{"start":{"line":1,"column":0},"end":{"line":1,"column":67}},"1":{"start":{"line":12,"column":4},"end":{"line":15,"column":5}},"2":{"start":{"line":14,"column":8},"end":{"line":14,"column":86}},"3":{"start":{"line":11,"column":0},"end":{"line":16,"column":1}},"4":{"start":{"line":27,"column":4},"end":{"line":29,"column":5}},"5":{"start":{"line":28,"column":8},"end":{"line":28,"column":85}},"6":{"start":{"line":30,"column":4},"end":{"line":30,"column":73}},"7":{"start":{"line":26,"column":0},"end":{"line":31,"column":1}}},"fnMap":{"0":{"name":"Primary","decl":{"start":{"line":11,"column":16},"end":{"line":11,"column":23}},"loc":{"start":{"line":11,"column":23},"end":{"line":16,"column":1}}},"1":{"name":"(anonymous_1)","decl":{"start":{"line":12,"column":11},"end":{"line":12,"column":20}},"loc":{"start":{"line":13,"column":40},"end":{"line":15,"column":5}}},"2":{"name":"getPrimaryKey","decl":{"start":{"line":26,"column":16},"end":{"line":26,"column":29}},"loc":{"start":{"line":26,"column":42},"end":{"line":31,"column":1}}}},"branchMap":{"0":{"loc":{"start":{"line":27,"column":4},"end":{"line":29,"column":5}},"type":"if","locations":[{"start":{"line":27,"column":4},"end":{"line":29,"column":5}},{"start":{"line":27,"column":4},"end":{"line":29,"column":5}}]},"1":{"loc":{"start":{"line":27,"column":10},"end":{"line":27,"column":22}},"type":"binary-expr","locations":[{"start":{"line":27,"column":10},"end":{"line":27,"column":22}},{"start":{"line":27,"column":26},"end":{"line":27,"column":87}}]},"2":{"loc":{"start":{"line":28,"column":40},"end":{"line":28,"column":77}},"type":"cond-expr","locations":[{"start":{"line":28,"column":40},"end":{"line":28,"column":77}},{"start":{"line":28,"column":80},"end":{"line":28,"column":84}}]}},"s":{"0":1,"1":1,"2":1,"3":1,"4":41,"5":18,"6":23,"7":1},"f":{"0":1,"1":1,"2":41},"b":{"0":[18,23],"1":[41,41],"2":[18,0]}}
,"C:\\Users\\Orel Balilti\\Documents\\Projects\\Sugoi\\ORM\\exceptions\\model.exception.ts": {"path":"C:\\Users\\Orel Balilti\\Documents\\Projects\\Sugoi\\ORM\\exceptions\\model.exception.ts","statementMap":{"0":{"start":{"line":2,"column":0},"end":{"line":2,"column":44}},"1":{"start":{"line":4,"column":0},"end":{"line":4,"column":59}}},"fnMap":{},"branchMap":{},"s":{"0":1,"1":1},"f":{},"b":{}}
,"C:\\Users\\Orel Balilti\\Documents\\Projects\\Sugoi\\ORM\\models\\connectable-model.abstract.ts": {"path":"C:\\Users\\Orel Balilti\\Documents\\Projects\\Sugoi\\ORM\\models\\connectable-model.abstract.ts","statementMap":{"0":{"start":{"line":1,"column":0},"end":{"line":1,"column":46}},"1":{"start":{"line":3,"column":0},"end":{"line":3,"column":65}},"2":{"start":{"line":4,"column":0},"end":{"line":4,"column":58}},"3":{"start":{"line":6,"column":0},"end":{"line":6,"column":43}},"4":{"start":{"line":7,"column":0},"end":{"line":7,"column":73}},"5":{"start":{"line":17,"column":8},"end":{"line":18,"column":166}},"6":{"start":{"line":18,"column":12},"end":{"line":18,"column":166}},"7":{"start":{"line":19,"column":8},"end":{"line":19,"column":54}},"8":{"start":{"line":20,"column":27},"end":{"line":20,"column":76}},"9":{"start":{"line":21,"column":8},"end":{"line":21,"column":59}},"10":{"start":{"line":22,"column":8},"end":{"line":22,"column":57}},"11":{"start":{"line":23,"column":8},"end":{"line":23,"column":44}},"12":{"start":{"line":28,"column":8},"end":{"line":30,"column":19}},"13":{"start":{"line":34,"column":8},"end":{"line":34,"column":45}},"14":{"start":{"line":38,"column":8},"end":{"line":38,"column":35}},"15":{"start":{"line":42,"column":27},"end":{"line":42,"column":63}},"16":{"start":{"line":43,"column":8},"end":{"line":45,"column":9}},"17":{"start":{"line":44,"column":12},"end":{"line":44,"column":123}},"18":{"start":{"line":47,"column":8},"end":{"line":61,"column":9}},"19":{"start":{"line":48,"column":12},"end":{"line":48,"column":47}},"20":{"start":{"line":50,"column":12},"end":{"line":59,"column":19}},"21":{"start":{"line":51,"column":28},"end":{"line":51,"column":38}},"22":{"start":{"line":52,"column":35},"end":{"line":59,"column":17}},"23":{"start":{"line":53,"column":20},"end":{"line":53,"column":39}},"24":{"start":{"line":54,"column":20},"end":{"line":57,"column":21}},"25":{"start":{"line":55,"column":24},"end":{"line":55,"column":54}},"26":{"start":{"line":58,"column":20},"end":{"line":58,"column":30}},"27":{"start":{"line":65,"column":27},"end":{"line":65,"column":61}},"28":{"start":{"line":66,"column":8},"end":{"line":68,"column":18}},"29":{"start":{"line":11,"column":21},"end":{"line":11,"column":71}},"30":{"start":{"line":12,"column":21},"end":{"line":12,"column":56}},"31":{"start":{"line":10,"column":0},"end":{"line":70,"column":1}}},"fnMap":{"0":{"name":"(anonymous_6)","decl":{"start":{"line":16,"column":11},"end":{"line":16,"column":16}},"loc":{"start":{"line":16,"column":139},"end":{"line":25,"column":5}}},"1":{"name":"(anonymous_7)","decl":{"start":{"line":27,"column":11},"end":{"line":27,"column":16}},"loc":{"start":{"line":27,"column":81},"end":{"line":31,"column":5}}},"2":{"name":"(anonymous_8)","decl":{"start":{"line":33,"column":11},"end":{"line":33,"column":16}},"loc":{"start":{"line":33,"column":70},"end":{"line":35,"column":5}}},"3":{"name":"(anonymous_9)","decl":{"start":{"line":37,"column":11},"end":{"line":37,"column":16}},"loc":{"start":{"line":37,"column":35},"end":{"line":39,"column":5}}},"4":{"name":"(anonymous_10)","decl":{"start":{"line":41,"column":11},"end":{"line":41,"column":16}},"loc":{"start":{"line":41,"column":81},"end":{"line":62,"column":5}}},"5":{"name":"(anonymous_12)","decl":{"start":{"line":51,"column":22},"end":{"line":51,"column":24}},"loc":{"start":{"line":51,"column":28},"end":{"line":51,"column":38}}},"6":{"name":"(anonymous_13)","decl":{"start":{"line":52,"column":23},"end":{"line":52,"column":29}},"loc":{"start":{"line":52,"column":35},"end":{"line":59,"column":17}}},"7":{"name":"(anonymous_14)","decl":{"start":{"line":52,"column":35},"end":{"line":null,"column":-1}},"loc":{"start":{"line":52,"column":35},"end":{"line":59,"column":17}}},"8":{"name":"(anonymous_15)","decl":{"start":{"line":64,"column":11},"end":{"line":64,"column":16}},"loc":{"start":{"line":64,"column":52},"end":{"line":69,"column":5}}}},"branchMap":{"0":{"loc":{"start":{"line":16,"column":130},"end":{"line":16,"column":139}},"type":"default-arg","locations":[{"start":{"line":16,"column":130},"end":{"line":16,"column":139}}]},"1":{"loc":{"start":{"line":17,"column":8},"end":{"line":18,"column":166}},"type":"if","locations":[{"start":{"line":17,"column":8},"end":{"line":18,"column":166}},{"start":{"line":17,"column":8},"end":{"line":18,"column":166}}]},"2":{"loc":{"start":{"line":27,"column":57},"end":{"line":27,"column":81}},"type":"default-arg","locations":[{"start":{"line":27,"column":57},"end":{"line":27,"column":81}}]},"3":{"loc":{"start":{"line":29,"column":14},"end":{"line":29,"column":50}},"type":"cond-expr","locations":[{"start":{"line":29,"column":14},"end":{"line":29,"column":50}},{"start":{"line":30,"column":14},"end":{"line":30,"column":18}}]},"4":{"loc":{"start":{"line":33,"column":61},"end":{"line":33,"column":70}},"type":"default-arg","locations":[{"start":{"line":33,"column":61},"end":{"line":33,"column":70}}]},"5":{"loc":{"start":{"line":41,"column":57},"end":{"line":41,"column":81}},"type":"default-arg","locations":[{"start":{"line":41,"column":57},"end":{"line":41,"column":81}}]},"6":{"loc":{"start":{"line":43,"column":8},"end":{"line":45,"column":9}},"type":"if","locations":[{"start":{"line":43,"column":8},"end":{"line":45,"column":9}},{"start":{"line":43,"column":8},"end":{"line":45,"column":9}}]},"7":{"loc":{"start":{"line":47,"column":8},"end":{"line":61,"column":9}},"type":"if","locations":[{"start":{"line":47,"column":8},"end":{"line":61,"column":9}},{"start":{"line":47,"column":8},"end":{"line":61,"column":9}}]},"8":{"loc":{"start":{"line":67,"column":14},"end":{"line":67,"column":37}},"type":"cond-expr","locations":[{"start":{"line":67,"column":14},"end":{"line":67,"column":37}},{"start":{"line":68,"column":14},"end":{"line":68,"column":18}}]}},"s":{"0":1,"1":1,"2":1,"3":1,"4":1,"5":2,"6":0,"7":2,"8":2,"9":2,"10":2,"11":2,"12":2,"13":2,"14":57,"15":59,"16":59,"17":1,"18":58,"19":56,"20":2,"21":2,"22":0,"23":0,"24":0,"25":0,"26":0,"27":2,"28":2,"29":1,"30":1,"31":1},"f":{"0":2,"1":2,"2":2,"3":57,"4":59,"5":2,"6":0,"7":0,"8":2},"b":{"0":[0],"1":[0,2],"2":[1],"3":[1,1],"4":[0],"5":[56],"6":[1,58],"7":[56,2],"8":[1,1]}}
,"C:\\Users\\Orel Balilti\\Documents\\Projects\\Sugoi\\ORM\\models\\model.abstract.ts": {"path":"C:\\Users\\Orel Balilti\\Documents\\Projects\\Sugoi\\ORM\\models\\model.abstract.ts","statementMap":{"0":{"start":{"line":1,"column":0},"end":{"line":1,"column":56}},"1":{"start":{"line":3,"column":0},"end":{"line":3,"column":61}},"2":{"start":{"line":5,"column":0},"end":{"line":5,"column":59}},"3":{"start":{"line":6,"column":0},"end":{"line":6,"column":43}},"4":{"start":{"line":7,"column":0},"end":{"line":7,"column":52}},"5":{"start":{"line":8,"column":0},"end":{"line":8,"column":68}},"6":{"start":{"line":9,"column":0},"end":{"line":9,"column":46}},"7":{"start":{"line":11,"column":0},"end":{"line":11,"column":67}},"8":{"start":{"line":18,"column":8},"end":{"line":18,"column":15}},"9":{"start":{"line":22,"column":8},"end":{"line":22,"column":36}},"10":{"start":{"line":26,"column":8},"end":{"line":26,"column":30}},"11":{"start":{"line":30,"column":8},"end":{"line":30,"column":40}},"12":{"start":{"line":34,"column":8},"end":{"line":34,"column":43}},"13":{"start":{"line":38,"column":8},"end":{"line":38,"column":45}},"14":{"start":{"line":42,"column":8},"end":{"line":42,"column":26}},"15":{"start":{"line":43,"column":8},"end":{"line":44,"column":46}},"16":{"start":{"line":44,"column":25},"end":{"line":44,"column":44}},"17":{"start":{"line":48,"column":8},"end":{"line":49,"column":43}},"18":{"start":{"line":49,"column":25},"end":{"line":49,"column":41}},"19":{"start":{"line":53,"column":8},"end":{"line":53,"column":63}},"20":{"start":{"line":57,"column":8},"end":{"line":59,"column":32}},"21":{"start":{"line":63,"column":8},"end":{"line":65,"column":32}},"22":{"start":{"line":69,"column":8},"end":{"line":78,"column":90}},"23":{"start":{"line":70,"column":24},"end":{"line":70,"column":56}},"24":{"start":{"line":72,"column":16},"end":{"line":72,"column":53}},"25":{"start":{"line":72,"column":41},"end":{"line":72,"column":53}},"26":{"start":{"line":73,"column":16},"end":{"line":75,"column":19}},"27":{"start":{"line":74,"column":20},"end":{"line":74,"column":56}},"28":{"start":{"line":76,"column":16},"end":{"line":76,"column":27}},"29":{"start":{"line":78,"column":28},"end":{"line":78,"column":88}},"30":{"start":{"line":78,"column":76},"end":{"line":78,"column":87}},"31":{"start":{"line":82,"column":8},"end":{"line":82,"column":148}},"32":{"start":{"line":86,"column":8},"end":{"line":109,"column":14}},"33":{"start":{"line":88,"column":16},"end":{"line":88,"column":42}},"34":{"start":{"line":91,"column":16},"end":{"line":92,"column":110}},"35":{"start":{"line":92,"column":20},"end":{"line":92,"column":110}},"36":{"start":{"line":94,"column":24},"end":{"line":94,"column":44}},"37":{"start":{"line":95,"column":24},"end":{"line":95,"column":48}},"38":{"start":{"line":96,"column":24},"end":{"line":96,"column":49}},"39":{"start":{"line":98,"column":16},"end":{"line":101,"column":67}},"40":{"start":{"line":99,"column":20},"end":{"line":99,"column":91}},"41":{"start":{"line":101,"column":20},"end":{"line":101,"column":67}},"42":{"start":{"line":103,"column":16},"end":{"line":103,"column":47}},"43":{"start":{"line":104,"column":16},"end":{"line":104,"column":41}},"44":{"start":{"line":105,"column":16},"end":{"line":105,"column":28}},"45":{"start":{"line":108,"column":16},"end":{"line":108,"column":86}},"46":{"start":{"line":108,"column":69},"end":{"line":108,"column":85}},"47":{"start":{"line":115,"column":8},"end":{"line":117,"column":32}},"48":{"start":{"line":121,"column":8},"end":{"line":121,"column":36}},"49":{"start":{"line":125,"column":8},"end":{"line":127,"column":32}},"50":{"start":{"line":131,"column":8},"end":{"line":133,"column":32}},"51":{"start":{"line":137,"column":8},"end":{"line":159,"column":15}},"52":{"start":{"line":139,"column":16},"end":{"line":139,"column":42}},"53":{"start":{"line":142,"column":16},"end":{"line":143,"column":110}},"54":{"start":{"line":143,"column":20},"end":{"line":143,"column":110}},"55":{"start":{"line":145,"column":24},"end":{"line":145,"column":46}},"56":{"start":{"line":146,"column":24},"end":{"line":146,"column":48}},"57":{"start":{"line":147,"column":24},"end":{"line":147,"column":51}},"58":{"start":{"line":149,"column":16},"end":{"line":152,"column":71}},"59":{"start":{"line":150,"column":20},"end":{"line":150,"column":95}},"60":{"start":{"line":152,"column":20},"end":{"line":152,"column":71}},"61":{"start":{"line":153,"column":16},"end":{"line":153,"column":49}},"62":{"start":{"line":154,"column":16},"end":{"line":154,"column":41}},"63":{"start":{"line":155,"column":16},"end":{"line":155,"column":28}},"64":{"start":{"line":158,"column":16},"end":{"line":158,"column":92}},"65":{"start":{"line":158,"column":73},"end":{"line":158,"column":91}},"66":{"start":{"line":163,"column":31},"end":{"line":163,"column":60}},"67":{"start":{"line":164,"column":8},"end":{"line":164,"column":51}},"68":{"start":{"line":165,"column":8},"end":{"line":165,"column":46}},"69":{"start":{"line":171,"column":8},"end":{"line":173,"column":32}},"70":{"start":{"line":177,"column":8},"end":{"line":179,"column":32}},"71":{"start":{"line":183,"column":8},"end":{"line":183,"column":66}},"72":{"start":{"line":187,"column":8},"end":{"line":187,"column":63}},"73":{"start":{"line":191,"column":8},"end":{"line":191,"column":26}},"74":{"start":{"line":192,"column":8},"end":{"line":192,"column":47}},"75":{"start":{"line":196,"column":8},"end":{"line":196,"column":47}},"76":{"start":{"line":200,"column":8},"end":{"line":202,"column":89}},"77":{"start":{"line":201,"column":24},"end":{"line":201,"column":58}},"78":{"start":{"line":202,"column":28},"end":{"line":202,"column":88}},"79":{"start":{"line":202,"column":76},"end":{"line":202,"column":87}},"80":{"start":{"line":206,"column":8},"end":{"line":206,"column":150}},"81":{"start":{"line":210,"column":8},"end":{"line":212,"column":32}},"82":{"start":{"line":216,"column":8},"end":{"line":218,"column":32}},"83":{"start":{"line":227,"column":27},"end":{"line":227,"column":46}},"84":{"start":{"line":228,"column":8},"end":{"line":229,"column":168}},"85":{"start":{"line":229,"column":12},"end":{"line":229,"column":168}},"86":{"start":{"line":230,"column":8},"end":{"line":230,"column":33}},"87":{"start":{"line":243,"column":8},"end":{"line":246,"column":9}},"88":{"start":{"line":244,"column":12},"end":{"line":244,"column":28}},"89":{"start":{"line":245,"column":12},"end":{"line":245,"column":28}},"90":{"start":{"line":247,"column":25},"end":{"line":247,"column":51}},"91":{"start":{"line":248,"column":8},"end":{"line":248,"column":37}},"92":{"start":{"line":249,"column":8},"end":{"line":249,"column":24}},"93":{"start":{"line":260,"column":8},"end":{"line":266,"column":9}},"94":{"start":{"line":261,"column":31},"end":{"line":261,"column":56}},"95":{"start":{"line":262,"column":23},"end":{"line":262,"column":28}},"96":{"start":{"line":263,"column":12},"end":{"line":263,"column":23}},"97":{"start":{"line":264,"column":12},"end":{"line":265,"column":39}},"98":{"start":{"line":265,"column":16},"end":{"line":265,"column":39}},"99":{"start":{"line":267,"column":8},"end":{"line":267,"column":20}},"100":{"start":{"line":279,"column":27},"end":{"line":279,"column":52}},"101":{"start":{"line":280,"column":19},"end":{"line":280,"column":87}},"102":{"start":{"line":281,"column":8},"end":{"line":283,"column":9}},"103":{"start":{"line":282,"column":12},"end":{"line":282,"column":37}},"104":{"start":{"line":284,"column":8},"end":{"line":284,"column":18}},"105":{"start":{"line":292,"column":27},"end":{"line":292,"column":46}},"106":{"start":{"line":293,"column":8},"end":{"line":293,"column":68}},"107":{"start":{"line":297,"column":22},"end":{"line":299,"column":44}},"108":{"start":{"line":300,"column":8},"end":{"line":302,"column":9}},"109":{"start":{"line":301,"column":12},"end":{"line":301,"column":42}},"110":{"start":{"line":303,"column":8},"end":{"line":305,"column":36}},"111":{"start":{"line":304,"column":51},"end":{"line":304,"column":89}},"112":{"start":{"line":309,"column":23},"end":{"line":309,"column":91}},"113":{"start":{"line":310,"column":23},"end":{"line":310,"column":47}},"114":{"start":{"line":311,"column":8},"end":{"line":314,"column":9}},"115":{"start":{"line":312,"column":12},"end":{"line":312,"column":32}},"116":{"start":{"line":313,"column":12},"end":{"line":313,"column":26}},"117":{"start":{"line":315,"column":8},"end":{"line":333,"column":11}},"118":{"start":{"line":316,"column":12},"end":{"line":316,"column":33}},"119":{"start":{"line":317,"column":12},"end":{"line":317,"column":46}},"120":{"start":{"line":318,"column":12},"end":{"line":331,"column":13}},"121":{"start":{"line":319,"column":33},"end":{"line":319,"column":104}},"122":{"start":{"line":320,"column":16},"end":{"line":320,"column":60}},"123":{"start":{"line":321,"column":16},"end":{"line":321,"column":62}},"124":{"start":{"line":322,"column":16},"end":{"line":322,"column":46}},"125":{"start":{"line":324,"column":17},"end":{"line":331,"column":13}},"126":{"start":{"line":325,"column":16},"end":{"line":325,"column":47}},"127":{"start":{"line":326,"column":16},"end":{"line":326,"column":73}},"128":{"start":{"line":329,"column":16},"end":{"line":329,"column":54}},"129":{"start":{"line":330,"column":16},"end":{"line":330,"column":73}},"130":{"start":{"line":332,"column":12},"end":{"line":332,"column":32}},"131":{"start":{"line":334,"column":8},"end":{"line":334,"column":21}},"132":{"start":{"line":338,"column":8},"end":{"line":338,"column":79}},"133":{"start":{"line":14,"column":0},"end":{"line":340,"column":1}}},"fnMap":{"0":{"name":"(anonymous_6)","decl":{"start":{"line":17,"column":4},"end":{"line":null,"column":-1}},"loc":{"start":{"line":1
[...]
,"column":19}},"loc":{"start":{"line":205,"column":92},"end":{"line":207,"column":5}}},"54":{"name":"(anonymous_63)","decl":{"start":{"line":209,"column":11},"end":{"line":209,"column":25}},"loc":{"start":{"line":209,"column":41},"end":{"line":213,"column":5}}},"55":{"name":"(anonymous_64)","decl":{"start":{"line":215,"column":11},"end":{"line":215,"column":24}},"loc":{"start":{"line":215,"column":40},"end":{"line":219,"column":5}}},"56":{"name":"(anonymous_65)","decl":{"start":{"line":226,"column":11},"end":{"line":226,"column":33}},"loc":{"start":{"line":226,"column":58},"end":{"line":231,"column":5}}},"57":{"name":"(anonymous_66)","decl":{"start":{"line":242,"column":11},"end":{"line":242,"column":16}},"loc":{"start":{"line":242,"column":76},"end":{"line":250,"column":5}}},"58":{"name":"(anonymous_67)","decl":{"start":{"line":259,"column":11},"end":{"line":259,"column":16}},"loc":{"start":{"line":259,"column":70},"end":{"line":268,"column":5}}},"59":{"name":"(anonymous_68)","decl":{"start":{"line":278,"column":11},"end":{"line":278,"column":16}},"loc":{"start":{"line":278,"column":99},"end":{"line":285,"column":5}}},"60":{"name":"(anonymous_69)","decl":{"start":{"line":291,"column":11},"end":{"line":291,"column":20}},"loc":{"start":{"line":291,"column":21},"end":{"line":294,"column":5}}},"61":{"name":"(anonymous_70)","decl":{"start":{"line":296,"column":11},"end":{"line":296,"column":23}},"loc":{"start":{"line":296,"column":24},"end":{"line":306,"column":5}}},"62":{"name":"(anonymous_71)","decl":{"start":{"line":304,"column":42},"end":{"line":304,"column":46}},"loc":{"start":{"line":304,"column":51},"end":{"line":304,"column":89}}},"63":{"name":"(anonymous_72)","decl":{"start":{"line":308,"column":14},"end":{"line":308,"column":36}},"loc":{"start":{"line":308,"column":37},"end":{"line":335,"column":5}}},"64":{"name":"(anonymous_73)","decl":{"start":{"line":315,"column":34},"end":{"line":315,"column":35}},"loc":{"start":{"line":315,"column":44},"end":{"line":333,"column":9}}},"65":{"name":"(anonymous_74)","decl":{"start":{"line":337,"column":11},"end":{"line":337,"column":38}},"loc":{"start":{"line":337,"column":59},"end":{"line":339,"column":5}}}},"branchMap":{"0":{"loc":{"start":{"line":21,"column":46},"end":{"line":21,"column":55}},"type":"default-arg","locations":[{"start":{"line":21,"column":46},"end":{"line":21,"column":55}}]},"1":{"loc":{"start":{"line":25,"column":51},"end":{"line":25,"column":60}},"type":"default-arg","locations":[{"start":{"line":25,"column":51},"end":{"line":25,"column":60}}]},"2":{"loc":{"start":{"line":34,"column":15},"end":{"line":34,"column":29}},"type":"binary-expr","locations":[{"start":{"line":34,"column":15},"end":{"line":34,"column":29}},{"start":{"line":34,"column":33},"end":{"line":34,"column":42}}]},"3":{"loc":{"start":{"line":37,"column":43},"end":{"line":37,"column":45}},"type":"default-arg","locations":[{"start":{"line":37,"column":43},"end":{"line":37,"column":45}}]},"4":{"loc":{"start":{"line":41,"column":46},"end":{"line":41,"column":48}},"type":"default-arg","locations":[{"start":{"line":41,"column":46},"end":{"line":41,"column":48}}]},"5":{"loc":{"start":{"line":41,"column":89},"end":{"line":41,"column":111}},"type":"default-arg","locations":[{"start":{"line":41,"column":89},"end":{"line":41,"column":111}}]},"6":{"loc":{"start":{"line":44,"column":31},"end":{"line":44,"column":37}},"type":"cond-expr","locations":[{"start":{"line":44,"column":31},"end":{"line":44,"column":37}},{"start":{"line":44,"column":40},"end":{"line":44,"column":44}}]},"7":{"loc":{"start":{"line":47,"column":46},"end":{"line":47,"column":48}},"type":"default-arg","locations":[{"start":{"line":47,"column":46},"end":{"line":47,"column":48}}]},"8":{"loc":{"start":{"line":49,"column":31},"end":{"line":49,"column":34}},"type":"cond-expr","locations":[{"start":{"line":49,"column":31},"end":{"line":49,"column":34}},{"start":{"line":49,"column":37},"end":{"line":49,"column":41}}]},"9":{"loc":{"start":{"line":58,"column":20},"end":{"line":58,"column":73}},"type":"cond-expr","locations":[{"start":{"line":58,"column":20},"end":{"line":58,"column":73}},{"start":{"line":59,"column":14},"end":{"line":59,"column":31}}]},"10":{"loc":{"start":{"line":58,"column":20},"end":{"line":58,"column":52}},"type":"binary-expr","locations":[{"start":{"line":58,"column":20},"end":{"line":58,"column":52}},{"start":{"line":58,"column":56},"end":{"line":58,"column":73}}]},"11":{"loc":{"start":{"line":64,"column":20},"end":{"line":64,"column":70}},"type":"cond-expr","locations":[{"start":{"line":64,"column":20},"end":{"line":64,"column":70}},{"start":{"line":65,"column":14},"end":{"line":65,"column":31}}]},"12":{"loc":{"start":{"line":64,"column":20},"end":{"line":64,"column":49}},"type":"binary-expr","locations":[{"start":{"line":64,"column":20},"end":{"line":64,"column":49}},{"start":{"line":64,"column":53},"end":{"line":64,"column":70}}]},"13":{"loc":{"start":{"line":72,"column":16},"end":{"line":72,"column":53}},"type":"if","locations":[{"start":{"line":72,"column":16},"end":{"line":72,"column":53}},{"start":{"line":72,"column":16},"end":{"line":72,"column":53}}]},"14":{"loc":{"start":{"line":78,"column":76},"end":{"line":78,"column":79}},"type":"binary-expr","locations":[{"start":{"line":78,"column":76},"end":{"line":78,"column":79}},{"start":{"line":78,"column":83},"end":{"line":78,"column":87}}]},"15":{"loc":{"start":{"line":91,"column":16},"end":{"line":92,"column":110}},"type":"if","locations":[{"start":{"line":91,"column":16},"end":{"line":92,"column":110}},{"start":{"line":91,"column":16},"end":{"line":92,"column":110}}]},"16":{"loc":{"start":{"line":98,"column":16},"end":{"line":101,"column":67}},"type":"if","locations":[{"start":{"line":98,"column":16},"end":{"line":101,"column":67}},{"start":{"line":98,"column":16},"end":{"line":101,"column":67}}]},"17":{"loc":{"start":{"line":108,"column":69},"end":{"line":108,"column":72}},"type":"binary-expr","locations":[{"start":{"line":108,"column":69},"end":{"line":108,"column":72}},{"start":{"line":108,"column":76},"end":{"line":108,"column":85}}]},"18":{"loc":{"start":{"line":116,"column":20},"end":{"line":116,"column":63}},"type":"cond-expr","locations":[{"start":{"line":116,"column":20},"end":{"line":116,"column":63}},{"start":{"line":117,"column":14},"end":{"line":117,"column":31}}]},"19":{"loc":{"start":{"line":116,"column":20},"end":{"line":116,"column":42}},"type":"binary-expr","locations":[{"start":{"line":116,"column":20},"end":{"line":116,"column":42}},{"start":{"line":116,"column":46},"end":{"line":116,"column":63}}]},"20":{"loc":{"start":{"line":126,"column":20},"end":{"line":126,"column":59}},"type":"cond-expr","locations":[{"start":{"line":126,"column":20},"end":{"line":126,"column":59}},{"start":{"line":127,"column":14},"end":{"line":127,"column":31}}]},"21":{"loc":{"start":{"line":126,"column":20},"end":{"line":126,"column":38}},"type":"binary-expr","locations":[{"start":{"line":126,"column":20},"end":{"line":126,"column":38}},{"start":{"line":126,"column":42},"end":{"line":126,"column":59}}]},"22":{"loc":{"start":{"line":132,"column":20},"end":{"line":132,"column":67}},"type":"cond-expr","locations":[{"start":{"line":132,"column":20},"end":{"line":132,"column":67}},{"start":{"line":133,"column":14},"end":{"line":133,"column":31}}]},"23":{"loc":{"start":{"line":132,"column":20},"end":{"line":132,"column":46}},"type":"binary-expr","locations":[{"start":{"line":132,"column":20},"end":{"line":132,"column":46}},{"start":{"line":132,"column":50},"end":{"line":132,"column":67}}]},"24":{"loc":{"start":{"line":142,"column":16},"end":{"line":143,"column":110}},"type":"if","locations":[{"start":{"line":142,"column":16},"end":{"line":143,"column":110}},{"start":{"line":142,"column":16},"end":{"line":143,"column":110}}]},"25":{"loc":{"start":{"line":149,"column":16},"end":{"line":152,"column":71}},"type":"if","locations":[{"start":{"line":149,"column":16},"end":{"line":152,"column":71}},{"start":{"line":149,"column":16},"end":{"line":152,"column":71}}]},"26":{"loc":{"start":{"line":158,"column":73},"end":{"line":158,"column":76}},"type":"binary-expr","locations":[{"start":{"line":158,"column":73},"end":{"line":158,"column":76}},{"start":{"line":158,"column":80},"end":{"line":158,"column":91}}]},"27":{"loc":{"start":{"line":172,"column":20},"end":{"line":172,"column":61}},"type":"cond-expr","locations":[{"start":{"line":172,"column":20},"end":{"line":172,"column":61}},{"start":{"line":173,"column":14},"end":{"line":173,"column":31}}]},"28":{"loc":{"start":{"line":172,"column":20},"end":{"line":172,"column":40}},"type":"binary-expr","locations":[{"start":{"line":172,"column":20},"end":{"line":172,"column":40}},{"start":{"line":172,"column":44},"end":{"line":172,"column":61}}]},"29":{"loc":{"start":{"line":178,"column":20},"end":{"line":178,"column":71}},"type":"cond-expr","locations":[{"start":{"line":178,"column":20},"end":{"line":178,"column":71}},{"start":{"line":179,"column":14},"end":{"line":179,"column":31}}]},"30":{"loc":{"start":{"line":178,"column":20},"end":{"line":178,"column":50}},"type":"binary-expr","locations":[{"start":{"line":178,"column":20},"end":{"line":178,"column":50}},{"start":{"line":178,"column":54},"end":{"line":178,"column":71}}]},"31":{"loc":{"start":{"line":182,"column":38},"end":{"line":182,"column":55}},"type":"default-arg","locations":[{"start":{"line":182,"column":38},"end":{"line":182,"column":55}}]},"32":{"loc":{"start":{"line":190,"column":48},"end":{"line":190,"column":50}},"type":"default-arg","locations":[{"start":{"line":190,"column":48},"end":{"line":190,"column":50}}]},"33":{"loc":{"start":{"line":190,"column":91},"end":{"line":190,"column":113}},"type":"default-arg","locations":[{"start":{"line":190,"column":91},"end":{"line":190,"column":113}}]},"34":{"loc":{"start":{"line":195,"column":50},"end":{"line":195,"column":52}},"type":"default-arg","locations":[{"start":{"line":195,"column":50},"end":{"line":195,"column":52}}]},"35":{"loc":{"start":{"line":202,"column":76},"end":{"line":202,"column":79}},"type":"binary-expr","locations":[{"start":{"line":202,"column":76},"end":{"line":202,"column":79}},{"start":{"line":202,"column":83},"end":{"line":202,"column":87}}]},"36":{"loc":{"start":{"line":211,"column":20},"end":{"line":211,"column":75}},"type":"cond-expr","locations":[{"start":{"line":211,"column":20},"end":{"line":211,"column":75}},{"start":{"line":212,"column":14},"end":{"line":212,"column":31}}]},"37":{"loc":{"start":{"line":211,"column":20},"end":{"line":211,"column":54}},"type":"binary-expr","locations":[{"start":{"line":211,"column":20},"end":{"line":211,"column":54}},{"start":{"line":211,"column":58},"end":{"line":211,"column":75}}]},"38":{"loc":{"start":{"line":217,"column":20},"end":{"line":217,"column":64}},"type":"cond-expr","locations":[{"start":{"line":217,"column":20},"end":{"line":217,"column":64}},{"start":{"line":218,"column":14},"end":{"line":218,"column":31}}]},"39":{"loc":{"start":{"line":217,"column":20},"end":{"line":217,"column":43}},"type":"binary-expr","locations":[{"start":{"line":217,"column":20},"end":{"line":217,"column":43}},{"start":{"line":217,"column":47},"end":{"line":217,"column":64}}]},"40":{"loc":{"start":{"line":228,"column":8},"end":{"line":229,"column":168}},"type":"if","locations":[{"start":{"line":228,"column":8},"end":{"line":229,"column":168}},{"start":{"line":228,"column":8},"end":{"line":229,"column":168}}]},"41":{"loc":{"start":{"line":243,"column":8},"end":{"line":246,"column":9}},"type":"if","locations":[{"start":{"line":243,"column":8},"end":{"line":246,"column":9}},{"start":{"line":243,"column":8},"end":{"line":246,"column":9}}]},"42":{"loc":{"start":{"line":259,"column":66},"end":{"line":259,"column":70}},"type":"default-arg","locations":[{"start":{"line":259,"column":66},"end":{"line":259,"column":70}}]},"43":{"loc":{"start":{"line":260,"column":8},"end":{"line":266,"column":9}},"type":"if","locations":[{"start":{"line":260,"column":8},"end":{"line":266,"column":9}},{"start":{"line":260,"column":8},"end":{"line":266,"column":9}}]},"44":{"loc":{"start":{"line":264,"column":12},"end":{"line":265,"column":39}},"type":"if","locations":[{"start":{"line":264,"column":12},"end":{"line":265,"column":39}},{"start":{"line":264,"column":12},"end":{"line":265,"column":39}}]},"45":{"loc":{"start":{"line":278,"column":63},"end":{"line":278,"column":67}},"type":"default-arg","locations":[{"start":{"line":278,"column":63},"end":{"line":278,"column":67}}]},"46":{"loc":{"start":{"line":278,"column":95},"end":{"line":278,"column":99}},"type":"default-arg","locations":[{"start":{"line":278,"column":95},"end":{"line":278,"column":99}}]},"47":{"loc":{"start":{"line":280,"column":63},"end":{"line":280,"column":80}},"type":"cond-expr","locations":[{"start":{"line":280,"column":63},"end":{"line":280,"column":80}},{"start":{"line":280,"column":83},"end":{"line":280,"column":87}}]},"48":{"loc":{"start":{"line":280,"column":19},"end":{"line":280,"column":24}},"type":"binary-expr","locations":[{"start":{"line":280,"column":19},"end":{"line":280,"column":24}},{"start":{"line":280,"column":28},"end":{"line":280,"column":60}}]},"49":{"loc":{"start":{"line":281,"column":8},"end":{"line":283,"column":9}},"type":"if","locations":[{"start":{"line":281,"column":8},"end":{"line":283,"column":9}},{"start":{"line":281,"column":8},"end":{"line":283,"column":9}}]},"50":{"loc":{"start":{"line":293,"column":28},"end":{"line":293,"column":60}},"type":"cond-expr","locations":[{"start":{"line":293,"column":28},"end":{"line":293,"column":60}},{"start":{"line":293,"column":63},"end":{"line":293,"column":67}}]},"51":{"loc":{"start":{"line":298,"column":14},"end":{"line":298,"column":27}},"type":"cond-expr","locations":[{"start":{"line":298,"column":14},"end":{"line":298,"column":27}},{"start":{"line":299,"column":14},"end":{"line":299,"column":44}}]},"52":{"loc":{"start":{"line":300,"column":8},"end":{"line":302,"column":9}},"type":"if","locations":[{"start":{"line":300,"column":8},"end":{"line":302,"column":9}},{"start":{"line":300,"column":8},"end":{"line":302,"column":9}}]},"53":{"loc":{"start":{"line":304,"column":20},"end":{"line":304,"column":90}},"type":"cond-expr","locations":[{"start":{"line":304,"column":20},"end":{"line":304,"column":90}},{"start":{"line":305,"column":14},"end":{"line":305,"column":35}}]},"54":{"loc":{"start":{"line":304,"column":75},"end":{"line":304,"column":79}},"type":"cond-expr","locations":[{"start":{"line":304,"column":75},"end":{"line":304,"column":79}},{"start":{"line":304,"column":82},"end":{"line":304,"column":89}}]},"55":{"loc":{"start":{"line":311,"column":8},"end":{"line":314,"column":9}},"type":"if","locations":[{"start":{"line":311,"column":8},"end":{"line":314,"column":9}},{"start":{"line":311,"column":8},"end":{"line":314,"column":9}}]},"56":{"loc":{"start":{"line":318,"column":12},"end":{"line":331,"column":13}},"type":"if","locations":[{"start":{"line":318,"column":12},"end":{"line":331,"column":13}},{"start":{"line":318,"column":12},"end":{"line":331,"column":13}}]},"57":{"loc":{"start":{"line":324,"column":17},"end":{"line":331,"column":13}},"type":"if","locations":[{"start":{"line":324,"column":17},"end":{"line":331,"column":13}},{"start":{"line":324,"column":17},"end":{"line":331,"column":13}}]},"58":{"loc":{"start":{"line":326,"column":31},"end":{"line":326,"column":50}},"type":"binary-expr","locations":[{"start":{"line":326,"column":31},"end":{"line":326,"column":50}},{"start":{"line":326,"column":54},"end":{"line":326,"column":72}}]},"59":{"loc":{"start":{"line":330,"column":31},"end":{"line":330,"column":50}},"type":"binary-expr","locations":[{"start":{"line":330,"column":31},"end":{"line":330,"column":50}},{"start":{"line":330,"column":54},"end":{"line":330,"column":72}}]}},"s":{"0":1,"1":1,"2":1,"3":1,"4":1,"5":1,"6":1,"7":1,"8":100,"9":2,"10":4,"11":2,"12":2,"13":16,"14":13,"15":13,"16":12,"17":1,"18":1,"19":9,"20":16,"21":15,"22":16,"23":15,"24":15,"25":0,"26":15,"27":33,"28":15,"29":15,"30":15,"31":0,"32":31,"33":31,"34":31,"35":6,"36":25,"37":25,"38":25,"39":25,"40":25,"41":0,"42":25,"43":25,"44":25,"45":25,"46":25,"47":41,"48":41,"49":25,"50":25,"51":10,"52":10,"53":10,"54":1,"55":9,"56":9,"57":9,"58":8,"59":8,"60":0,"61":8,"62":8,"63":8,"64":8,"65":8,"66":3,"67":3,"68":3,"69":9,"70":8,"71":2,"72":2,"73":5,"74":5,"75":1,"76":8,"77":7,"78":7,"79":7,"80":0,"81":8,"82":7,"83":3,"84":3,"85":0,"86":3,"87":71,"88":2,"89":2,"90":71,"91":71,"92":71,"93":11,"94":11,"95":11,"96":11,"97":11,"98":11,"99":11,"100":7,"101":7,"102":7,"103":0,"104":7,"105":2,"106":2,"107":41,"108":41,"109":5,"110":36,"111":36,"112":37,"113":37,"114":37,"115":28,"116":28,"117":9,"118":30,"119":30,"120":30,"121":6,"122":6,"123":6,"124":6,"125":24,"126":7,"127":7,"128":17,"129":17,"130":30,"131":9,"132":1,"133":1},"f":{"0":100,"1":2,"2":4,"3":2,"4":2,"5":16,"6":13,"7":12,"8":1,"9":1,"10":9,"11":16,"12":15,"13":16,"14":15,"15":15,"16":33,"17":15,"18":15,"19":0,"20":31,"21":31,"22":31,"23":25,"24":25,"25":25,"26":25,"27":25,"28":25,"29":41,"30":41,"31":25,"32":25,"33":10,"34":10,"35":10,"36":9,"37":9,"38":9,"39":8,"40":8,"41":8,"42":3,"43":9,"44":8,"45":2,"46":2,"47":5,"48":1,"49":8,"50":7,"51":7,"52":7,"53":0,"54":8,"55":7,"56":3,"57":71,"58":11,"59":7,"60":2,"61":41,"62":36,"63":37,"64":30,"65":1},"b":{"0":[0],"1":[0],"2":[2,0],"3":[0],"4":[0],"5":[10],"6":[12,0],"7":[0],"8":[1,0],"9":[16,0],"10":[16,0],"11":[15,0],"12":[15,15],"13":[0,15],"14":[15,15],"15":[6,25],"16":[25,0],"17":[25,25],"18":[41,0],"19":[41,41],"20":[25,0],"21":[25,0],"22":[25,0],"23":[25,25],"24":[1,9],"25":[8,0],"26":[8,8],"27":[9,0],"28":[9,0],"29":[8,0],"30":[8,8],"31":[2],"32":[0],"33":[4],"34":[0],"35":[7,7],"36":[8,0],"37":[8,0],"38":[7,0],"39":[7,7],"40":[0,3],"41":[2,69],"42":[11],"43":[11,0],"44":[11,0],"45":[0],"46":[0],"47":[4,3],"48":[7,7],"49":[0,7],"50":[2,0],"51":[4,37],"52":[5,36],"53":[36,0],"54":[0,36],"55":[28,9],"56":[6,24],"57":[7,17],"58":[7,1],"59":[17,15]}}
,"C:\\Users\\Orel Balilti\\Documents\\Projects\\Sugoi\\ORM\\utils\\index.ts": {"path":"C:\\Users\\Orel Balilti\\Documents\\Projects\\Sugoi\\ORM\\utils\\index.ts","statementMap":{"0":{"start":{"line":1,"column":0},"end":{"line":1,"column":36}},"1":{"start":{"line":1,"column":8},"end":{"line":1,"column":13}}},"fnMap":{},"branchMap":{},"s":{"0":1,"1":1},"f":{},"b":{}}
,"C:\\Users\\Orel Balilti\\Documents\\Projects\\Sugoi\\ORM\\utils\\object.utils.ts": {"path":"C:\\Users\\Orel Balilti\\Documents\\Projects\\Sugoi\\ORM\\utils\\object.utils.ts","statementMap":{"0":{"start":{"line":2,"column":15},"end":{"line":2,"column":17}},"1":{"start":{"line":3,"column":4},"end":{"line":18,"column":5}},"2":{"start":{"line":4,"column":8},"end":{"line":13,"column":9}},"3":{"start":{"line":5,"column":25},"end":{"line":6,"column":13}},"4":{"start":{"line":7,"column":12},"end":{"line":7,"column":48}},"5":{"start":{"line":8,"column":12},"end":{"line":8,"column":30}},"6":{"start":{"line":9,"column":12},"end":{"line":9,"column":37}},"7":{"start":{"line":10,"column":12},"end":{"line":10,"column":40}},"8":{"start":{"line":12,"column":12},"end":{"line":12,"column":34}},"9":{"start":{"line":16,"column":8},"end":{"line":16,"column":25}},"10":{"start":{"line":17,"column":8},"end":{"line":17,"column":20}},"11":{"start":{"line":19,"column":4},"end":{"line":19,"column":30}},"12":{"start":{"line":20,"column":4},"end":{"line":20,"column":16}},"13":{"start":{"line":1,"column":0},"end":{"line":21,"column":1}}},"fnMap":{"0":{"name":"clone","decl":{"start":{"line":1,"column":16},"end":{"line":1,"column":21}},"loc":{"start":{"line":1,"column":35},"end":{"line":21,"column":1}}},"1":{"name":"(anonymous_1)","decl":{"start":{"line":5,"column":25},"end":{"line":null,"column":-1}},"loc":{"start":{"line":5,"column":25},"end":{"line":6,"column":13}}}},"branchMap":{},"s":{"0":73,"1":73,"2":73,"3":73,"4":73,"5":73,"6":73,"7":0,"8":73,"9":0,"10":0,"11":73,"12":73,"13":1},"f":{"0":73,"1":73},"b":{}}
}
