TN:
SF:C:\Users\Orel Balilti\Documents\Projects\Sugoi\ORM\dist\index.js
FNF:0
FNH:0
DA:2,1
DA:3,1
DA:4,1
DA:5,1
DA:6,1
DA:7,1
DA:8,1
DA:9,1
DA:10,1
DA:11,1
DA:12,1
DA:13,1
DA:14,1
DA:15,1
DA:16,1
DA:17,1
DA:18,1
DA:19,1
DA:20,1
DA:21,1
DA:22,1
DA:23,1
DA:24,1
DA:25,1
DA:26,1
DA:27,1
DA:28,1
DA:29,1
DA:30,1
DA:31,1
DA:32,1
DA:33,1
DA:34,1
LF:33
LH:33
BRF:0
BRH:0
end_of_record
TN:
SF:C:\Users\Orel Balilti\Documents\Projects\Sugoi\ORM\dist\__tests__\classes\dummy-connection.class.js
FN:5,(anonymous_0)
FN:10,(anonymous_1)
FN:15,(anonymous_2)
FN:18,(anonymous_3)
FN:23,(anonymous_4)
FN:26,(anonymous_5)
FNF:6
FNH:6
FNDA:2,(anonymous_0)
FNDA:1,(anonymous_1)
FNDA:1,(anonymous_2)
FNDA:1,(anonymous_3)
FNDA:62,(anonymous_4)
FNDA:2,(anonymous_5)
DA:2,1
DA:3,1
DA:6,2
DA:7,1
DA:9,1
DA:10,1
DA:12,1
DA:13,1
DA:16,1
DA:17,1
DA:19,1
DA:20,1
DA:24,62
DA:27,2
DA:28,2
DA:29,1
DA:30,2
DA:31,2
DA:32,1
DA:33,2
DA:36,1
LF:21
LH:21
BRDA:6,0,0,1
BRDA:6,0,1,1
BRDA:28,1,0,1
BRDA:28,1,1,1
BRDA:28,2,0,2
BRDA:28,2,1,1
BRDA:30,3,0,2
BRDA:30,3,1,1
BRDA:30,4,0,2
BRDA:30,4,1,1
BRDA:31,5,0,1
BRDA:31,5,1,1
BRF:12
BRH:12
end_of_record
TN:
SF:C:\Users\Orel Balilti\Documents\Projects\Sugoi\ORM\dist\__tests__\models\dummy.js
FN:2,(anonymous_0)
FN:8,(anonymous_1)
FN:11,(anonymous_2)
FN:12,(anonymous_3)
FN:13,fulfilled
FN:14,rejected
FN:15,step
FN:15,(anonymous_7)
FN:26,(anonymous_8)
FN:30,(anonymous_9)
FN:35,(anonymous_10)
FN:36,(anonymous_11)
FN:38,(anonymous_12)
FN:43,(anonymous_13)
FN:46,(anonymous_14)
FN:49,(anonymous_15)
FN:55,(anonymous_16)
FN:63,(anonymous_17)
FN:69,(anonymous_18)
FN:70,(anonymous_19)
FN:74,(anonymous_20)
FN:90,(anonymous_21)
FN:91,(anonymous_22)
FN:92,(anonymous_23)
FN:99,(anonymous_24)
FN:101,(anonymous_25)
FN:108,(anonymous_26)
FN:119,(anonymous_27)
FN:131,(anonymous_28)
FN:135,(anonymous_29)
FN:142,(anonymous_30)
FN:146,(anonymous_31)
FN:152,(anonymous_32)
FN:155,(anonymous_33)
FN:158,(anonymous_34)
FNF:35
FNH:32
FNDA:5,(anonymous_0)
FNDA:5,(anonymous_1)
FNDA:11,(anonymous_2)
FNDA:11,(anonymous_3)
FNDA:0,fulfilled
FNDA:0,rejected
FNDA:10,step
FNDA:0,(anonymous_7)
FNDA:81,(anonymous_8)
FNDA:17,(anonymous_9)
FNDA:16,(anonymous_10)
FNDA:43,(anonymous_11)
FNDA:8,(anonymous_12)
FNDA:7,(anonymous_13)
FNDA:25,(anonymous_14)
FNDA:16,(anonymous_15)
FNDA:7,(anonymous_16)
FNDA:7,(anonymous_17)
FNDA:11,(anonymous_18)
FNDA:11,(anonymous_19)
FNDA:80,(anonymous_20)
FNDA:25,(anonymous_21)
FNDA:25,(anonymous_22)
FNDA:25,(anonymous_23)
FNDA:22,(anonymous_24)
FNDA:129,(anonymous_25)
FNDA:187,(anonymous_26)
FNDA:265,(anonymous_27)
FNDA:44,(anonymous_28)
FNDA:11,(anonymous_29)
FNDA:10,(anonymous_30)
FNDA:25,(anonymous_31)
FNDA:25,(anonymous_32)
FNDA:38,(anonymous_33)
FNDA:29,(anonymous_34)
DA:2,1
DA:3,5
DA:4,5
DA:5,0
DA:6,5
DA:8,1
DA:9,5
DA:11,1
DA:12,11
DA:13,0
DA:14,0
DA:15,10
DA:16,11
DA:19,1
DA:21,1
DA:22,1
DA:23,1
DA:24,1
DA:25,1
DA:27,81
DA:28,81
DA:31,17
DA:32,1
DA:33,16
DA:36,43
DA:39,8
DA:40,1
DA:41,7
DA:44,7
DA:47,25
DA:50,16
DA:51,16
DA:52,16
DA:53,16
DA:56,7
DA:57,7
DA:58,7
DA:59,7
DA:60,7
DA:61,7
DA:64,7
DA:66,7
DA:67,7
DA:70,11
DA:71,11
DA:72,11
DA:73,11
DA:74,11
DA:75,80
DA:76,19
DA:77,19
DA:78,19
DA:79,19
DA:81,80
DA:82,80
DA:84,11
DA:85,1
DA:87,10
DA:91,25
DA:92,25
DA:93,25
DA:94,25
DA:95,25
DA:100,22
DA:101,17
DA:102,129
DA:103,129
DA:104,129
DA:107,22
DA:108,22
DA:109,187
DA:110,187
DA:111,187
DA:112,99
DA:114,88
DA:115,0
DA:116,187
DA:120,265
DA:121,265
DA:122,265
DA:123,265
DA:126,265
DA:127,149
DA:129,265
DA:132,44
DA:136,11
DA:138,11
DA:139,1
DA:140,11
DA:143,10
DA:147,25
DA:148,25
DA:149,25
DA:150,25
DA:153,25
DA:156,38
DA:159,29
DA:162,1
DA:163,1
DA:167,1
DA:171,1
DA:175,1
DA:179,1
DA:184,1
LF:104
LH:100
BRDA:2,0,0,1
BRDA:2,0,1,1
BRDA:2,0,2,1
BRDA:3,1,0,1
BRDA:3,1,1,4
BRDA:3,2,0,0
BRDA:3,2,1,4
BRDA:4,3,0,5
BRDA:4,3,1,0
BRDA:4,4,0,5
BRDA:4,4,1,5
BRDA:5,5,0,0
BRDA:5,5,1,0
BRDA:5,6,0,0
BRDA:5,6,1,0
BRDA:5,7,0,0
BRDA:5,7,1,0
BRDA:5,8,0,0
BRDA:5,8,1,0
BRDA:6,9,0,5
BRDA:6,9,1,4
BRDA:6,9,2,0
BRDA:8,10,0,1
BRDA:8,10,1,1
BRDA:8,10,2,1
BRDA:9,11,0,5
BRDA:9,11,1,0
BRDA:9,12,0,5
BRDA:9,12,1,5
BRDA:11,13,0,1
BRDA:11,13,1,1
BRDA:11,13,2,1
BRDA:12,14,0,11
BRDA:12,14,1,11
BRDA:15,15,0,10
BRDA:15,15,1,0
BRDA:16,16,0,11
BRDA:16,16,1,11
BRDA:28,17,0,81
BRDA:28,17,1,52
BRDA:31,18,0,1
BRDA:31,18,1,16
BRDA:39,19,0,1
BRDA:39,19,1,7
BRDA:49,20,0,2
BRDA:55,21,0,3
BRDA:57,22,0,7
BRDA:57,22,1,3
BRDA:61,23,0,6
BRDA:61,23,1,1
BRDA:61,24,0,7
BRDA:61,24,1,3
BRDA:64,25,0,7
BRDA:64,25,1,7
BRDA:69,26,0,0
BRDA:69,27,0,0
BRDA:71,28,0,11
BRDA:71,28,1,1
BRDA:75,29,0,19
BRDA:75,29,1,61
BRDA:75,30,0,80
BRDA:75,30,1,71
BRDA:76,31,0,1
BRDA:76,31,1,18
BRDA:84,32,0,1
BRDA:84,32,1,10
BRDA:87,33,0,9
BRDA:87,33,1,1
BRDA:99,34,0,3
BRDA:99,35,0,16
BRDA:99,36,0,22
BRDA:100,37,0,17
BRDA:100,37,1,5
BRDA:104,38,0,0
BRDA:104,38,1,129
BRDA:110,39,0,42
BRDA:110,39,1,145
BRDA:111,40,0,99
BRDA:111,40,1,88
BRDA:111,41,0,187
BRDA:111,41,1,126
BRDA:111,41,2,87
BRDA:114,42,0,0
BRDA:114,42,1,88
BRDA:123,43,0,265
BRDA:123,43,1,265
BRDA:123,44,0,265
BRDA:123,44,1,0
BRDA:126,45,0,149
BRDA:126,45,1,116
BRDA:132,46,0,4
BRDA:132,46,1,40
BRDA:132,47,0,44
BRDA:132,47,1,6
BRDA:138,48,0,1
BRDA:138,48,1,10
BRF:96
BRH:78
end_of_record
TN:
SF:C:\Users\Orel Balilti\Documents\Projects\Sugoi\ORM\dist\__tests__\models\not-model.js
FNF:0
FNH:0
DA:2,1
DA:5,1
LF:2
LH:2
BRF:0
BRH:0
end_of_record
TN:
SF:C:\Users\Orel Balilti\Documents\Projects\Sugoi\ORM\dist\__tests__\models\sub-dummy.js
FN:2,(anonymous_0)
FN:8,(anonymous_1)
FN:16,(anonymous_2)
FN:20,(anonymous_3)
FN:24,(anonymous_4)
FN:28,(anonymous_5)
FN:32,(anonymous_6)
FNF:7
FNH:7
FNDA:5,(anonymous_0)
FNDA:4,(anonymous_1)
FNDA:11,(anonymous_2)
FNDA:5,(anonymous_3)
FNDA:5,(anonymous_4)
FNDA:5,(anonymous_5)
FNDA:6,(anonymous_6)
DA:2,1
DA:3,5
DA:4,5
DA:5,0
DA:6,5
DA:8,1
DA:9,4
DA:11,1
DA:12,1
DA:13,1
DA:14,1
DA:15,1
DA:17,11
DA:18,11
DA:21,5
DA:22,5
DA:25,5
DA:26,5
DA:29,5
DA:30,5
DA:33,6
DA:34,6
DA:37,1
DA:38,1
DA:42,1
DA:46,1
DA:50,1
DA:59,1
DA:63,1
LF:29
LH:28
BRDA:2,0,0,1
BRDA:2,0,1,1
BRDA:2,0,2,1
BRDA:3,1,0,1
BRDA:3,1,1,4
BRDA:3,2,0,0
BRDA:3,2,1,4
BRDA:4,3,0,5
BRDA:4,3,1,0
BRDA:4,4,0,5
BRDA:4,4,1,5
BRDA:5,5,0,0
BRDA:5,5,1,0
BRDA:5,6,0,0
BRDA:5,6,1,0
BRDA:5,7,0,0
BRDA:5,7,1,0
BRDA:5,8,0,0
BRDA:5,8,1,0
BRDA:6,9,0,5
BRDA:6,9,1,4
BRDA:6,9,2,0
BRDA:8,10,0,1
BRDA:8,10,1,1
BRDA:8,10,2,1
BRDA:9,11,0,4
BRDA:9,11,1,0
BRDA:9,12,0,4
BRDA:9,12,1,4
BRF:29
BRH:17
end_of_record
TN:
SF:C:\Users\Orel Balilti\Documents\Projects\Sugoi\ORM\dist\classes\connection.class.js
FNF:0
FNH:0
DA:2,1
DA:5,1
LF:2
LH:2
BRF:0
BRH:0
end_of_record
TN:
SF:C:\Users\Orel Balilti\Documents\Projects\Sugoi\ORM\dist\classes\query-options.class.js
FN:4,(anonymous_0)
FN:7,(anonymous_1)
FN:8,(anonymous_2)
FN:12,(anonymous_3)
FN:15,(anonymous_4)
FN:19,(anonymous_5)
FN:22,(anonymous_6)
FN:26,(anonymous_7)
FN:29,(anonymous_8)
FN:33,(anonymous_9)
FNF:10
FNH:9
FNDA:38,(anonymous_0)
FNDA:38,(anonymous_1)
FNDA:13,(anonymous_2)
FNDA:16,(anonymous_3)
FNDA:1,(anonymous_4)
FNDA:16,(anonymous_5)
FNDA:5,(anonymous_6)
FNDA:16,(anonymous_7)
FNDA:1,(anonymous_8)
FNDA:0,(anonymous_9)
DA:2,1
DA:5,38
DA:9,13
DA:10,13
DA:13,16
DA:16,1
DA:17,1
DA:20,16
DA:23,5
DA:24,5
DA:27,16
DA:30,1
DA:31,1
DA:34,0
DA:37,1
LF:15
LH:14
BRDA:27,0,0,16
BRDA:27,0,1,12
BRF:2
BRH:2
end_of_record
TN:
SF:C:\Users\Orel Balilti\Documents\Projects\Sugoi\ORM\dist\classes\sort-item.class.js
FN:4,(anonymous_0)
FNF:1
FNH:1
FNDA:5,(anonymous_0)
DA:2,1
DA:5,5
DA:6,5
DA:9,1
LF:4
LH:4
BRF:0
BRH:0
end_of_record
TN:
SF:C:\Users\Orel Balilti\Documents\Projects\Sugoi\ORM\dist\classes\storeable.class.js
FN:7,(anonymous_0)
FN:11,(anonymous_1)
FN:14,(anonymous_2)
FN:22,(anonymous_3)
FN:25,(anonymous_4)
FN:28,(anonymous_5)
FN:31,(anonymous_6)
FN:34,(anonymous_7)
FN:37,(anonymous_8)
FN:44,(anonymous_9)
FN:47,(anonymous_10)
FN:50,(anonymous_11)
FN:52,(anonymous_12)
FN:54,(anonymous_13)
FN:56,(anonymous_14)
FN:58,(anonymous_15)
FN:63,(anonymous_16)
FN:66,(anonymous_17)
FN:68,(anonymous_18)
FN:72,(anonymous_19)
FN:74,(anonymous_20)
FN:80,(anonymous_21)
FN:83,(anonymous_22)
FN:88,(anonymous_23)
FN:91,(anonymous_24)
FN:94,(anonymous_25)
FN:97,(anonymous_26)
FN:100,(anonymous_27)
FN:103,(anonymous_28)
FN:114,(anonymous_29)
FN:118,(anonymous_30)
FNF:31
FNH:30
FNDA:81,(anonymous_0)
FNDA:168,(anonymous_1)
FNDA:687,(anonymous_2)
FNDA:3,(anonymous_3)
FNDA:10,(anonymous_4)
FNDA:181,(anonymous_5)
FNDA:87,(anonymous_6)
FNDA:3,(anonymous_7)
FNDA:356,(anonymous_8)
FNDA:0,(anonymous_9)
FNDA:2,(anonymous_10)
FNDA:2,(anonymous_11)
FNDA:2,(anonymous_12)
FNDA:2,(anonymous_13)
FNDA:3,(anonymous_14)
FNDA:1,(anonymous_15)
FNDA:175,(anonymous_16)
FNDA:170,(anonymous_17)
FNDA:511,(anonymous_18)
FNDA:1,(anonymous_19)
FNDA:3,(anonymous_20)
FNDA:8,(anonymous_21)
FNDA:3,(anonymous_22)
FNDA:12,(anonymous_23)
FNDA:1,(anonymous_24)
FNDA:10,(anonymous_25)
FNDA:2,(anonymous_26)
FNDA:3,(anonymous_27)
FNDA:3,(anonymous_28)
FNDA:2,(anonymous_29)
FNDA:133,(anonymous_30)
DA:2,1
DA:3,1
DA:4,1
DA:5,1
DA:8,81
DA:9,81
DA:12,168
DA:15,687
DA:16,687
DA:17,496
DA:18,191
DA:19,191
DA:20,191
DA:23,3
DA:26,10
DA:29,181
DA:32,87
DA:35,3
DA:38,356
DA:39,0
DA:40,0
DA:42,356
DA:45,0
DA:48,2
DA:51,2
DA:52,2
DA:55,2
DA:56,3
DA:59,1
DA:60,1
DA:61,1
DA:64,175
DA:67,170
DA:68,170
DA:69,511
DA:73,1
DA:74,1
DA:75,3
DA:76,0
DA:77,3
DA:81,8
DA:82,8
DA:84,3
DA:86,8
DA:89,12
DA:92,1
DA:95,10
DA:98,2
DA:101,3
DA:102,3
DA:103,3
DA:104,3
DA:105,2
DA:106,2
DA:109,1
DA:112,3
DA:113,2
DA:114,2
DA:115,2
DA:119,133
DA:120,133
DA:121,133
DA:124,1
DA:125,1
LF:64
LH:60
BRDA:16,0,0,496
BRDA:16,0,1,191
BRDA:38,1,0,0
BRDA:38,1,1,356
BRDA:75,2,0,0
BRDA:75,2,1,3
BRDA:89,3,0,12
BRDA:89,3,1,9
BRDA:95,4,0,10
BRDA:95,4,1,7
BRDA:104,5,0,2
BRDA:104,5,1,1
BRDA:112,6,0,2
BRDA:112,6,1,1
BRF:14
BRH:12
end_of_record
TN:
SF:C:\Users\Orel Balilti\Documents\Projects\Sugoi\ORM\dist\constants\connection-status.constant.js
FN:4,(anonymous_0)
FNF:1
FNH:1
FNDA:1,(anonymous_0)
DA:2,1
DA:4,1
DA:5,1
DA:6,1
LF:4
LH:4
BRDA:7,0,0,1
BRDA:7,0,1,1
BRF:2
BRH:2
end_of_record
TN:
SF:C:\Users\Orel Balilti\Documents\Projects\Sugoi\ORM\dist\constants\decorators-key.constant.js
FNF:0
FNH:0
DA:2,1
DA:3,1
LF:2
LH:2
BRF:0
BRH:0
end_of_record
TN:
SF:C:\Users\Orel Balilti\Documents\Projects\Sugoi\ORM\dist\constants\exceptions.contant.js
FNF:0
FNH:0
DA:2,1
DA:3,1
LF:2
LH:2
BRF:0
BRH:0
end_of_record
TN:
SF:C:\Users\Orel Balilti\Documents\Projects\Sugoi\ORM\dist\constants\sort-options.enum.js
FN:4,(anonymous_0)
FNF:1
FNH:1
FNDA:1,(anonymous_0)
DA:2,1
DA:4,1
DA:5,1
DA:6,1
LF:4
LH:4
BRDA:7,0,0,1
BRDA:7,0,1,1
BRF:2
BRH:2
end_of_record
TN:
SF:C:\Users\Orel Balilti\Documents\Projects\Sugoi\ORM\dist\decorators\connection-name.decorator.js
FN:5,ConnectionName
FN:6,(anonymous_1)
FN:13,setConnectionName
FNF:3
FNH:3
FNDA:3,ConnectionName
FNDA:3,(anonymous_1)
FNDA:4,setConnectionName
DA:2,1
DA:3,1
DA:4,1
DA:6,3
DA:7,3
DA:8,1
DA:12,1
DA:14,4
DA:15,2
DA:16,2
DA:18,2
DA:19,1
DA:22,1
LF:13
LH:13
BRDA:7,0,0,1
BRDA:7,0,1,2
BRDA:14,1,0,2
BRDA:14,1,1,2
BRDA:18,2,0,1
BRDA:18,2,1,1
BRF:6
BRH:6
end_of_record
TN:
SF:C:\Users\Orel Balilti\Documents\Projects\Sugoi\ORM\dist\decorators\ignore.decorator.js
FN:11,Ignore
FN:12,(anonymous_1)
FN:18,addIgnoredFields
FN:21,(anonymous_3)
FN:29,removeFieldsFromIgnored
FN:34,(anonymous_5)
FN:50,getIgnoredFields
FN:54,(anonymous_7)
FN:60,initInstanceIgnoredFields
FN:65,getClassIgnoredFields
FN:70,getInstanceIgnoredFields
FN:75,getInstanceNotIgnoredFields
FNF:12
FNH:12
FNDA:3,Ignore
FNDA:3,(anonymous_1)
FNDA:5,addIgnoredFields
FNDA:5,(anonymous_3)
FNDA:2,removeFieldsFromIgnored
FNDA:3,(anonymous_5)
FNDA:175,getIgnoredFields
FNDA:7,(anonymous_7)
FNDA:1,initInstanceIgnoredFields
FNDA:182,getClassIgnoredFields
FNDA:182,getInstanceIgnoredFields
FNDA:177,getInstanceNotIgnoredFields
DA:2,1
DA:3,1
DA:12,3
DA:13,3
DA:14,3
DA:17,1
DA:19,5
DA:20,5
DA:21,5
DA:22,5
DA:23,0
DA:24,5
DA:26,5
DA:28,1
DA:30,2
DA:31,2
DA:32,2
DA:33,2
DA:34,2
DA:35,3
DA:36,1
DA:37,1
DA:39,2
DA:40,2
DA:41,2
DA:44,2
DA:45,1
DA:46,2
DA:47,2
DA:49,1
DA:51,175
DA:52,175
DA:53,175
DA:54,175
DA:55,175
DA:56,175
DA:57,175
DA:59,1
DA:61,1
DA:62,1
DA:64,1
DA:66,182
DA:71,182
DA:76,177
LF:44
LH:43
BRDA:19,0,0,5
BRDA:19,0,1,0
BRDA:22,1,0,0
BRDA:22,1,1,5
BRDA:22,2,0,5
BRDA:22,2,1,2
BRDA:35,3,0,1
BRDA:35,3,1,2
BRDA:35,4,0,3
BRDA:35,4,1,3
BRDA:39,5,0,2
BRDA:39,5,1,0
BRDA:39,6,0,2
BRDA:39,6,1,2
BRDA:44,7,0,1
BRDA:44,7,1,1
BRDA:46,8,0,2
BRDA:46,8,1,0
BRDA:66,9,0,179
BRDA:66,9,1,3
BRDA:67,10,0,179
BRDA:67,10,1,0
BRDA:71,11,0,14
BRDA:71,11,1,168
BRDA:76,12,0,9
BRDA:76,12,1,168
BRF:26
BRH:21
end_of_record
TN:
SF:C:\Users\Orel Balilti\Documents\Projects\Sugoi\ORM\dist\decorators\mandatory.decorator.js
FN:4,Required
FN:5,(anonymous_1)
FN:10,getMandatoryFields
FN:17,addInstanceMandatoryField
FN:23,addMandatoryField
FN:29,(anonymous_5)
FNF:6
FNH:6
FNDA:4,Required
FNDA:4,(anonymous_1)
FNDA:51,getMandatoryFields
FNDA:1,addInstanceMandatoryField
FNDA:4,addMandatoryField
FNDA:5,(anonymous_5)
DA:2,1
DA:3,1
DA:5,4
DA:6,4
DA:9,1
DA:11,51
DA:12,30
DA:14,21
DA:16,1
DA:18,1
DA:19,1
DA:20,1
DA:22,1
DA:24,4
DA:25,4
DA:26,4
DA:30,5
DA:31,5
DA:32,0
DA:33,5
DA:34,3
DA:37,2
LF:22
LH:21
BRDA:4,0,0,1
BRDA:11,1,0,30
BRDA:11,1,1,21
BRDA:11,2,0,51
BRDA:11,2,1,51
BRDA:12,3,0,0
BRDA:12,3,1,30
BRDA:24,4,0,4
BRDA:24,4,1,1
BRDA:31,5,0,0
BRDA:31,5,1,5
BRDA:33,6,0,3
BRDA:33,6,1,2
BRF:13
BRH:11
end_of_record
TN:
SF:C:\Users\Orel Balilti\Documents\Projects\Sugoi\ORM\dist\decorators\model-name.decorator.js
FN:5,ModelName
FN:6,(anonymous_1)
FN:13,setCollectionName
FNF:3
FNH:3
FNDA:3,ModelName
FNDA:3,(anonymous_1)
FNDA:4,setCollectionName
DA:2,1
DA:3,1
DA:4,1
DA:6,3
DA:7,3
DA:8,1
DA:12,1
DA:14,4
DA:15,2
DA:16,2
DA:18,2
DA:19,1
DA:22,1
LF:13
LH:13
BRDA:7,0,0,1
BRDA:7,0,1,2
BRDA:14,1,0,2
BRDA:14,1,1,2
BRDA:18,2,0,1
BRDA:18,2,1,1
BRF:6
BRH:6
end_of_record
TN:
SF:C:\Users\Orel Balilti\Documents\Projects\Sugoi\ORM\dist\decorators\primary.decorator.js
FN:11,Primary
FN:12,(anonymous_1)
FN:24,getPrimaryKey
FNF:3
FNH:3
FNDA:1,Primary
FNDA:1,(anonymous_1)
FNDA:64,getPrimaryKey
DA:2,1
DA:3,1
DA:12,1
DA:13,1
DA:16,1
DA:25,64
DA:26,18
DA:28,46
DA:30,1
LF:9
LH:9
BRDA:25,0,0,18
BRDA:25,0,1,46
BRDA:25,1,0,64
BRDA:25,1,1,64
BRDA:26,2,0,18
BRDA:26,2,1,0
BRF:6
BRH:5
end_of_record
TN:
SF:C:\Users\Orel Balilti\Documents\Projects\Sugoi\ORM\dist\exceptions\model.exception.js
FNF:0
FNH:0
DA:2,1
DA:3,1
DA:6,1
LF:3
LH:3
BRF:0
BRH:0
end_of_record
TN:
SF:C:\Users\Orel Balilti\Documents\Projects\Sugoi\ORM\dist\models\connectable-model.abstract.js
FN:2,(anonymous_0)
FN:3,(anonymous_1)
FN:4,fulfilled
FN:5,rejected
FN:6,step
FN:6,(anonymous_5)
FN:17,(anonymous_6)
FN:26,(anonymous_7)
FN:31,(anonymous_8)
FN:34,(anonymous_9)
FN:37,(anonymous_10)
FN:38,(anonymous_11)
FN:48,(anonymous_12)
FN:49,(anonymous_13)
FN:49,(anonymous_14)
FN:61,(anonymous_15)
FNF:16
FNH:13
FNDA:62,(anonymous_0)
FNDA:62,(anonymous_1)
FNDA:61,fulfilled
FNDA:0,rejected
FNDA:122,step
FNDA:61,(anonymous_5)
FNDA:2,(anonymous_6)
FNDA:2,(anonymous_7)
FNDA:2,(anonymous_8)
FNDA:60,(anonymous_9)
FNDA:62,(anonymous_10)
FNDA:62,(anonymous_11)
FNDA:2,(anonymous_12)
FNDA:0,(anonymous_13)
FNDA:0,(anonymous_14)
FNDA:2,(anonymous_15)
DA:2,1
DA:3,62
DA:4,61
DA:5,0
DA:6,122
DA:7,62
DA:10,1
DA:11,1
DA:12,1
DA:13,1
DA:14,1
DA:15,1
DA:18,2
DA:19,0
DA:20,2
DA:21,2
DA:22,2
DA:23,2
DA:24,2
DA:27,2
DA:32,2
DA:35,60
DA:38,62
DA:39,62
DA:40,62
DA:41,1
DA:43,61
DA:44,59
DA:47,2
DA:48,2
DA:49,0
DA:50,0
DA:51,0
DA:52,0
DA:56,0
DA:62,2
DA:63,2
DA:68,1
DA:69,1
DA:70,1
LF:40
LH:33
BRDA:2,0,0,1
BRDA:2,0,1,1
BRDA:2,0,2,1
BRDA:3,1,0,62
BRDA:3,1,1,62
BRDA:6,2,0,61
BRDA:6,2,1,61
BRDA:7,3,0,62
BRDA:7,3,1,62
BRDA:17,4,0,0
BRDA:18,5,0,0
BRDA:18,5,1,2
BRDA:26,6,0,1
BRDA:27,7,0,1
BRDA:27,7,1,1
BRDA:31,8,0,0
BRDA:37,9,0,59
BRDA:40,10,0,1
BRDA:40,10,1,61
BRDA:43,11,0,59
BRDA:43,11,1,2
BRDA:63,12,0,1
BRDA:63,12,1,1
BRF:23
BRH:20
end_of_record
TN:
SF:C:\Users\Orel Balilti\Documents\Projects\Sugoi\ORM\dist\models\model.abstract.js
FN:2,(anonymous_0)
FN:3,(anonymous_1)
FN:4,fulfilled
FN:5,rejected
FN:6,step
FN:6,(anonymous_5)
FN:19,(anonymous_6)
FN:22,(anonymous_7)
FN:25,(anonymous_8)
FN:28,(anonymous_9)
FN:31,(anonymous_10)
FN:34,(anonymous_11)
FN:37,(anonymous_12)
FN:40,(anonymous_13)
FN:42,(anonymous_14)
FN:44,(anonymous_15)
FN:46,(anonymous_16)
FN:49,(anonymous_17)
FN:55,(anonymous_18)
FN:61,(anonymous_19)
FN:63,(anonymous_20)
FN:64,(anonymous_21)
FN:67,(anonymous_22)
FN:72,(anonymous_23)
FN:72,(anonymous_24)
FN:74,(anonymous_25)
FN:78,(anonymous_26)
FN:79,(anonymous_27)
FN:81,(anonymous_28)
FN:84,(anonymous_29)
FN:88,(anonymous_30)
FN:89,(anonymous_31)
FN:90,(anonymous_32)
FN:91,(anonymous_33)
FN:96,(anonymous_34)
FN:97,(anonymous_35)
FN:101,(anonymous_36)
FN:106,(anonymous_37)
FN:114,(anonymous_38)
FN:118,(anonymous_39)
FN:124,(anonymous_40)
FN:130,(anonymous_41)
FN:131,(anonymous_42)
FN:133,(anonymous_43)
FN:140,(anonymous_44)
FN:144,(anonymous_45)
FN:145,(anonymous_46)
FN:146,(anonymous_47)
FN:147,(anonymous_48)
FN:152,(anonymous_49)
FN:153,(anonymous_50)
FN:157,(anonymous_51)
FN:158,(anonymous_52)
FN:163,(anonymous_53)
FN:164,(anonymous_54)
FN:171,(anonymous_55)
FN:177,(anonymous_56)
FN:183,(anonymous_57)
FN:186,(anonymous_58)
FN:189,(anonymous_59)
FN:193,(anonymous_60)
FN:196,(anonymous_61)
FN:198,(anonymous_62)
FN:199,(anonymous_63)
FN:199,(anonymous_64)
FN:201,(anonymous_65)
FN:205,(anonymous_66)
FN:211,(anonymous_67)
FN:222,(anonymous_68)
FN:235,(anonymous_69)
FN:245,(anonymous_70)
FN:254,(anonymous_71)
FN:272,(anonymous_72)
FN:284,(anonymous_73)
FN:288,(anonymous_74)
FN:290,(anonymous_75)
FN:292,(anonymous_76)
FN:299,(anonymous_77)
FN:320,(anonymous_78)
FNF:79
FNH:75
FNDA:50,(anonymous_0)
FNDA:50,(anonymous_1)
FNDA:35,fulfilled
FNDA:9,rejected
FNDA:85,step
FNDA:44,(anonymous_5)
FNDA:81,(anonymous_6)
FNDA:2,(anonymous_7)
FNDA:4,(anonymous_8)
FNDA:2,(anonymous_9)
FNDA:2,(anonymous_10)
FNDA:17,(anonymous_11)
FNDA:13,(anonymous_12)
FNDA:12,(anonymous_13)
FNDA:2,(anonymous_14)
FNDA:2,(anonymous_15)
FNDA:9,(anonymous_16)
FNDA:17,(anonymous_17)
FNDA:16,(anonymous_18)
FNDA:17,(anonymous_19)
FNDA:16,(anonymous_20)
FNDA:16,(anonymous_21)
FNDA:43,(anonymous_22)
FNDA:16,(anonymous_23)
FNDA:16,(anonymous_24)
FNDA:0,(anonymous_25)
FNDA:31,(anonymous_26)
FNDA:31,(anonymous_27)
FNDA:31,(anonymous_28)
FNDA:31,(anonymous_29)
FNDA:25,(anonymous_30)
FNDA:25,(anonymous_31)
FNDA:25,(anonymous_32)
FNDA:25,(anonymous_33)
FNDA:25,(anonymous_34)
FNDA:25,(anonymous_35)
FNDA:44,(anonymous_36)
FNDA:44,(anonymous_37)
FNDA:38,(anonymous_38)
FNDA:25,(anonymous_39)
FNDA:25,(anonymous_40)
FNDA:13,(anonymous_41)
FNDA:13,(anonymous_42)
FNDA:13,(anonymous_43)
FNDA:13,(anonymous_44)
FNDA:11,(anonymous_45)
FNDA:11,(anonymous_46)
FNDA:11,(anonymous_47)
FNDA:10,(anonymous_48)
FNDA:10,(anonymous_49)
FNDA:10,(anonymous_50)
FNDA:1,(anonymous_51)
FNDA:1,(anonymous_52)
FNDA:5,(anonymous_53)
FNDA:5,(anonymous_54)
FNDA:11,(anonymous_55)
FNDA:10,(anonymous_56)
FNDA:2,(anonymous_57)
FNDA:2,(anonymous_58)
FNDA:5,(anonymous_59)
FNDA:1,(anonymous_60)
FNDA:8,(anonymous_61)
FNDA:7,(anonymous_62)
FNDA:7,(anonymous_63)
FNDA:7,(anonymous_64)
FNDA:0,(anonymous_65)
FNDA:8,(anonymous_66)
FNDA:7,(anonymous_67)
FNDA:5,(anonymous_68)
FNDA:52,(anonymous_69)
FNDA:43,(anonymous_70)
FNDA:11,(anonymous_71)
FNDA:7,(anonymous_72)
FNDA:9,(anonymous_73)
FNDA:0,(anonymous_74)
FNDA:0,(anonymous_75)
FNDA:39,(anonymous_76)
FNDA:31,(anonymous_77)
FNDA:2,(anonymous_78)
DA:2,1
DA:3,50
DA:4,35
DA:5,9
DA:6,85
DA:7,50
DA:10,1
DA:11,1
DA:12,1
DA:13,1
DA:14,1
DA:15,1
DA:16,1
DA:17,1
DA:20,81
DA:23,2
DA:26,4
DA:29,2
DA:32,2
DA:35,17
DA:38,13
DA:39,13
DA:40,12
DA:43,2
DA:44,2
DA:47,9
DA:50,17
DA:56,16
DA:62,17
DA:63,16
DA:65,16
DA:66,0
DA:67,16
DA:68,43
DA:70,16
DA:72,16
DA:75,0
DA:79,31
DA:80,31
DA:82,31
DA:85,31
DA:86,6
DA:88,25
DA:89,25
DA:90,25
DA:92,25
DA:93,25
DA:94,25
DA:97,25
DA:102,44
DA:107,44
DA:110,44
DA:111,6
DA:113,38
DA:114,38
DA:119,25
DA:125,25
DA:131,13
DA:132,13
DA:134,13
DA:135,8
DA:136,13
DA:137,1
DA:138,13
DA:141,13
DA:142,2
DA:144,11
DA:145,11
DA:146,11
DA:148,10
DA:149,10
DA:150,10
DA:153,10
DA:158,1
DA:159,1
DA:160,1
DA:164,5
DA:165,5
DA:166,5
DA:167,5
DA:168,5
DA:172,11
DA:178,10
DA:184,2
DA:187,2
DA:190,5
DA:191,5
DA:194,1
DA:197,8
DA:198,7
DA:199,7
DA:202,0
DA:206,8
DA:212,7
DA:223,5
DA:224,5
DA:225,0
DA:226,5
DA:236,52
DA:238,46
DA:239,46
DA:241,52
DA:242,52
DA:243,52
DA:246,43
DA:255,11
DA:256,11
DA:257,11
DA:258,11
DA:259,11
DA:260,11
DA:262,11
DA:273,7
DA:274,7
DA:275,7
DA:276,0
DA:278,7
DA:285,9
DA:286,9
DA:289,0
DA:290,0
DA:293,39
DA:294,39
DA:295,39
DA:296,29
DA:297,29
DA:299,10
DA:300,31
DA:301,31
DA:302,31
DA:303,13
DA:304,13
DA:305,13
DA:306,13
DA:308,18
DA:309,0
DA:310,0
DA:313,18
DA:314,18
DA:316,31
DA:318,10
DA:321,2
DA:324,1
LF:143
LH:134
BRDA:2,0,0,1
BRDA:2,0,1,1
BRDA:2,0,2,1
BRDA:3,1,0,50
BRDA:3,1,1,50
BRDA:6,2,0,41
BRDA:6,2,1,44
BRDA:7,3,0,50
BRDA:7,3,1,50
BRDA:22,4,0,0
BRDA:25,5,0,0
BRDA:32,6,0,2
BRDA:32,6,1,0
BRDA:34,7,0,0
BRDA:37,8,0,0
BRDA:37,9,0,10
BRDA:40,10,0,12
BRDA:40,10,1,0
BRDA:42,11,0,0
BRDA:44,12,0,2
BRDA:44,12,1,0
BRDA:50,13,0,17
BRDA:50,13,1,0
BRDA:51,14,0,17
BRDA:51,14,1,0
BRDA:56,15,0,16
BRDA:56,15,1,0
BRDA:57,16,0,16
BRDA:57,16,1,16
BRDA:65,17,0,0
BRDA:65,17,1,16
BRDA:68,18,0,43
BRDA:68,18,1,23
BRDA:72,19,0,16
BRDA:72,19,1,16
BRDA:78,20,0,31
BRDA:85,21,0,6
BRDA:85,21,1,25
BRDA:97,22,0,25
BRDA:97,22,1,25
BRDA:102,23,0,44
BRDA:102,23,1,0
BRDA:103,24,0,44
BRDA:103,24,1,44
BRDA:107,25,0,5
BRDA:107,25,1,39
BRDA:110,26,0,6
BRDA:110,26,1,38
BRDA:113,27,0,38
BRDA:113,27,1,0
BRDA:114,28,0,0
BRDA:114,28,1,38
BRDA:119,29,0,25
BRDA:119,29,1,0
BRDA:120,30,0,25
BRDA:120,30,1,0
BRDA:125,31,0,25
BRDA:125,31,1,0
BRDA:126,32,0,25
BRDA:126,32,1,25
BRDA:130,33,0,7
BRDA:134,34,0,8
BRDA:134,34,1,5
BRDA:134,35,0,13
BRDA:134,35,1,7
BRDA:134,35,2,9
BRDA:136,36,0,1
BRDA:136,36,1,12
BRDA:136,37,0,13
BRDA:136,37,1,13
BRDA:141,38,0,2
BRDA:141,38,1,11
BRDA:153,39,0,10
BRDA:153,39,1,10
BRDA:159,40,0,1
BRDA:159,40,1,1
BRDA:163,41,0,4
BRDA:165,42,0,5
BRDA:165,42,1,5
BRDA:172,43,0,11
BRDA:172,43,1,0
BRDA:173,44,0,11
BRDA:173,44,1,0
BRDA:178,45,0,10
BRDA:178,45,1,0
BRDA:179,46,0,10
BRDA:179,46,1,10
BRDA:183,47,0,2
BRDA:189,48,0,0
BRDA:189,49,0,4
BRDA:193,50,0,0
BRDA:199,51,0,7
BRDA:199,51,1,7
BRDA:206,52,0,8
BRDA:206,52,1,0
BRDA:207,53,0,8
BRDA:207,53,1,0
BRDA:212,54,0,7
BRDA:212,54,1,0
BRDA:213,55,0,7
BRDA:213,55,1,7
BRDA:224,56,0,0
BRDA:224,56,1,5
BRDA:235,57,0,52
BRDA:236,58,0,46
BRDA:236,58,1,6
BRDA:236,59,0,52
BRDA:236,59,1,46
BRDA:236,59,2,43
BRDA:236,59,3,43
BRDA:245,60,0,43
BRDA:254,61,0,11
BRDA:255,62,0,11
BRDA:255,62,1,0
BRDA:259,63,0,11
BRDA:259,63,1,0
BRDA:272,64,0,0
BRDA:272,65,0,0
BRDA:274,66,0,4
BRDA:274,66,1,3
BRDA:274,67,0,7
BRDA:274,67,1,7
BRDA:275,68,0,0
BRDA:275,68,1,7
BRDA:286,69,0,9
BRDA:286,69,1,0
BRDA:295,70,0,29
BRDA:295,70,1,10
BRDA:302,71,0,13
BRDA:302,71,1,18
BRDA:308,72,0,0
BRDA:308,72,1,18
BRDA:310,73,0,0
BRDA:310,73,1,0
BRDA:314,74,0,18
BRDA:314,74,1,15
BRF:136
BRH:100
end_of_record
