TN:
SF:C:\Users\Orel Balilti\Documents\Projects\Sugoi\ORM\dist\index.js
FN:2,__export
FNF:1
FNH:1
FNDA:1,__export
DA:3,1
DA:5,1
DA:6,1
DA:7,1
DA:8,1
DA:9,1
DA:10,1
DA:11,1
DA:12,1
DA:13,1
DA:14,1
DA:15,1
DA:16,1
DA:17,1
DA:18,1
DA:19,1
DA:20,1
DA:21,1
DA:22,1
DA:23,1
DA:24,1
DA:25,1
DA:26,1
DA:27,1
DA:28,1
DA:29,1
DA:30,1
DA:31,1
LF:28
LH:28
BRDA:3,0,0,1
BRDA:3,0,1,0
BRF:2
BRH:1
end_of_record
TN:
SF:C:\Users\Orel Balilti\Documents\Projects\Sugoi\ORM\dist\__tests__\classes\dummy-connection.class.js
FN:5,(anonymous_0)
FN:10,(anonymous_1)
FN:15,(anonymous_2)
FN:18,(anonymous_3)
FN:23,(anonymous_4)
FN:26,(anonymous_5)
FNF:6
FNH:6
FNDA:2,(anonymous_0)
FNDA:1,(anonymous_1)
FNDA:1,(anonymous_2)
FNDA:1,(anonymous_3)
FNDA:38,(anonymous_4)
FNDA:2,(anonymous_5)
DA:2,1
DA:3,1
DA:6,2
DA:7,1
DA:9,1
DA:10,1
DA:12,1
DA:13,1
DA:16,1
DA:17,1
DA:19,1
DA:20,1
DA:24,38
DA:27,2
DA:28,2
DA:29,1
DA:30,2
DA:31,2
DA:32,1
DA:33,2
DA:36,1
LF:21
LH:21
BRDA:6,0,0,1
BRDA:6,0,1,1
BRDA:28,1,0,1
BRDA:28,1,1,1
BRDA:28,2,0,2
BRDA:28,2,1,1
BRDA:30,3,0,2
BRDA:30,3,1,1
BRDA:30,4,0,2
BRDA:30,4,1,1
BRDA:31,5,0,1
BRDA:31,5,1,1
BRF:12
BRH:12
end_of_record
TN:
SF:C:\Users\Orel Balilti\Documents\Projects\Sugoi\ORM\dist\__tests__\models\dummy.js
FN:2,(anonymous_0)
FN:8,(anonymous_1)
FN:18,(anonymous_2)
FN:22,(anonymous_3)
FN:27,(anonymous_4)
FN:28,(anonymous_5)
FN:30,(anonymous_6)
FN:35,(anonymous_7)
FN:38,(anonymous_8)
FN:41,(anonymous_9)
FN:47,(anonymous_10)
FN:55,(anonymous_11)
FN:61,(anonymous_12)
FN:62,(anonymous_13)
FN:70,(anonymous_14)
FN:71,(anonymous_15)
FN:72,(anonymous_16)
FN:79,(anonymous_17)
FN:81,(anonymous_18)
FN:87,(anonymous_19)
FN:96,(anonymous_20)
FN:108,(anonymous_21)
FN:111,(anonymous_22)
FN:116,(anonymous_23)
FN:119,(anonymous_24)
FN:126,(anonymous_25)
FN:129,(anonymous_26)
FN:132,(anonymous_27)
FNF:28
FNH:28
FNDA:2,(anonymous_0)
FNDA:2,(anonymous_1)
FNDA:64,(anonymous_2)
FNDA:11,(anonymous_3)
FNDA:10,(anonymous_4)
FNDA:28,(anonymous_5)
FNDA:8,(anonymous_6)
FNDA:7,(anonymous_7)
FNDA:14,(anonymous_8)
FNDA:10,(anonymous_9)
FNDA:7,(anonymous_10)
FNDA:7,(anonymous_11)
FNDA:4,(anonymous_12)
FNDA:21,(anonymous_13)
FNDA:17,(anonymous_14)
FNDA:17,(anonymous_15)
FNDA:17,(anonymous_16)
FNDA:16,(anonymous_17)
FNDA:106,(anonymous_18)
FNDA:159,(anonymous_19)
FNDA:187,(anonymous_20)
FNDA:20,(anonymous_21)
FNDA:4,(anonymous_22)
FNDA:3,(anonymous_23)
FNDA:14,(anonymous_24)
FNDA:14,(anonymous_25)
FNDA:20,(anonymous_26)
FNDA:14,(anonymous_27)
DA:2,1
DA:3,2
DA:4,2
DA:5,0
DA:6,2
DA:8,1
DA:9,2
DA:11,1
DA:13,1
DA:14,1
DA:15,1
DA:16,1
DA:17,1
DA:19,64
DA:20,64
DA:23,11
DA:24,1
DA:25,10
DA:28,28
DA:31,8
DA:32,1
DA:33,7
DA:36,7
DA:39,14
DA:42,10
DA:43,10
DA:44,10
DA:45,10
DA:48,7
DA:49,7
DA:50,7
DA:51,7
DA:52,7
DA:53,7
DA:56,7
DA:58,7
DA:59,7
DA:62,21
DA:63,4
DA:64,1
DA:66,3
DA:68,3
DA:71,17
DA:72,17
DA:73,17
DA:74,17
DA:75,17
DA:80,16
DA:81,11
DA:82,106
DA:83,106
DA:84,106
DA:87,16
DA:88,159
DA:89,159
DA:90,159
DA:91,84
DA:93,159
DA:97,187
DA:98,187
DA:99,187
DA:100,187
DA:103,187
DA:104,102
DA:106,187
DA:109,20
DA:112,4
DA:113,4
DA:114,4
DA:117,3
DA:120,14
DA:121,14
DA:122,14
DA:123,14
DA:124,14
DA:127,14
DA:130,20
DA:133,14
DA:136,1
DA:137,1
DA:141,1
DA:146,1
LF:82
LH:81
BRDA:2,0,0,1
BRDA:2,0,1,1
BRDA:2,0,2,1
BRDA:3,1,0,1
BRDA:3,1,1,1
BRDA:3,2,0,0
BRDA:3,2,1,1
BRDA:4,3,0,2
BRDA:4,3,1,0
BRDA:4,4,0,2
BRDA:4,4,1,2
BRDA:5,5,0,0
BRDA:5,5,1,0
BRDA:5,6,0,0
BRDA:5,6,1,0
BRDA:5,7,0,0
BRDA:5,7,1,0
BRDA:5,8,0,0
BRDA:5,8,1,0
BRDA:6,9,0,2
BRDA:6,9,1,1
BRDA:6,9,2,0
BRDA:8,10,0,1
BRDA:8,10,1,1
BRDA:8,10,2,1
BRDA:9,11,0,2
BRDA:9,11,1,0
BRDA:9,12,0,2
BRDA:9,12,1,2
BRDA:23,13,0,1
BRDA:23,13,1,10
BRDA:31,14,0,1
BRDA:31,14,1,7
BRDA:41,15,0,1
BRDA:47,16,0,3
BRDA:49,17,0,7
BRDA:49,17,1,3
BRDA:53,18,0,6
BRDA:53,18,1,1
BRDA:53,19,0,7
BRDA:53,19,1,3
BRDA:56,20,0,7
BRDA:56,20,1,7
BRDA:63,21,0,1
BRDA:63,21,1,3
BRDA:79,22,0,2
BRDA:79,23,0,10
BRDA:80,24,0,11
BRDA:80,24,1,5
BRDA:84,25,0,0
BRDA:84,25,1,106
BRDA:89,26,0,42
BRDA:89,26,1,117
BRDA:90,27,0,84
BRDA:90,27,1,75
BRDA:90,28,0,159
BRDA:90,28,1,117
BRDA:90,28,2,98
BRDA:100,29,0,187
BRDA:100,29,1,187
BRDA:100,30,0,187
BRDA:100,30,1,0
BRDA:103,31,0,102
BRDA:103,31,1,85
BRDA:109,32,0,2
BRDA:109,32,1,18
BRF:66
BRH:52
end_of_record
TN:
SF:C:\Users\Orel Balilti\Documents\Projects\Sugoi\ORM\dist\__tests__\models\not-model.js
FNF:0
FNH:0
DA:2,1
DA:5,1
LF:2
LH:2
BRF:0
BRH:0
end_of_record
TN:
SF:C:\Users\Orel Balilti\Documents\Projects\Sugoi\ORM\dist\classes\connection.class.js
FNF:0
FNH:0
DA:2,1
DA:5,1
LF:2
LH:2
BRF:0
BRH:0
end_of_record
TN:
SF:C:\Users\Orel Balilti\Documents\Projects\Sugoi\ORM\dist\classes\query-options.class.js
FN:4,(anonymous_0)
FN:7,(anonymous_1)
FN:8,(anonymous_2)
FN:12,(anonymous_3)
FN:15,(anonymous_4)
FN:19,(anonymous_5)
FN:22,(anonymous_6)
FN:31,(anonymous_7)
FN:34,(anonymous_8)
FN:41,(anonymous_9)
FNF:10
FNH:8
FNDA:19,(anonymous_0)
FNDA:19,(anonymous_1)
FNDA:1,(anonymous_2)
FNDA:10,(anonymous_3)
FNDA:1,(anonymous_4)
FNDA:10,(anonymous_5)
FNDA:5,(anonymous_6)
FNDA:0,(anonymous_7)
FNDA:10,(anonymous_8)
FNDA:0,(anonymous_9)
DA:2,1
DA:5,19
DA:9,1
DA:10,1
DA:13,10
DA:16,1
DA:17,1
DA:20,10
DA:23,5
DA:24,5
DA:32,0
DA:35,10
DA:42,0
DA:45,1
LF:14
LH:12
BRDA:35,0,0,10
BRDA:35,0,1,6
BRF:2
BRH:2
end_of_record
TN:
SF:C:\Users\Orel Balilti\Documents\Projects\Sugoi\ORM\dist\classes\sort-item.class.js
FN:4,(anonymous_0)
FNF:1
FNH:1
FNDA:5,(anonymous_0)
DA:2,1
DA:5,5
DA:6,5
DA:9,1
LF:4
LH:4
BRF:0
BRH:0
end_of_record
TN:
SF:C:\Users\Orel Balilti\Documents\Projects\Sugoi\ORM\dist\constants\connection-status.constant.js
FN:4,(anonymous_0)
FNF:1
FNH:1
FNDA:1,(anonymous_0)
DA:2,1
DA:4,1
DA:5,1
DA:6,1
LF:4
LH:4
BRDA:7,0,0,1
BRDA:7,0,1,1
BRF:2
BRH:2
end_of_record
TN:
SF:C:\Users\Orel Balilti\Documents\Projects\Sugoi\ORM\dist\constants\decorators-key.constant.js
FN:4,(anonymous_0)
FNF:1
FNH:1
FNDA:1,(anonymous_0)
DA:2,1
DA:4,1
DA:5,1
LF:3
LH:3
BRDA:6,0,0,1
BRDA:6,0,1,1
BRF:2
BRH:2
end_of_record
TN:
SF:C:\Users\Orel Balilti\Documents\Projects\Sugoi\ORM\dist\constants\exceptions.contant.js
FNF:0
FNH:0
DA:2,1
DA:3,1
LF:2
LH:2
BRF:0
BRH:0
end_of_record
TN:
SF:C:\Users\Orel Balilti\Documents\Projects\Sugoi\ORM\dist\constants\sort-options.enum.js
FN:4,(anonymous_0)
FNF:1
FNH:1
FNDA:1,(anonymous_0)
DA:2,1
DA:4,1
DA:5,1
DA:6,1
LF:4
LH:4
BRDA:7,0,0,1
BRDA:7,0,1,1
BRF:2
BRH:2
end_of_record
TN:
SF:C:\Users\Orel Balilti\Documents\Projects\Sugoi\ORM\dist\decorators\connection-name.decorator.js
FN:5,ConnectionName
FN:6,(anonymous_1)
FN:13,setConnectionName
FNF:3
FNH:3
FNDA:2,ConnectionName
FNDA:2,(anonymous_1)
FNDA:3,setConnectionName
DA:2,1
DA:3,1
DA:4,1
DA:6,2
DA:7,2
DA:8,1
DA:12,1
DA:14,3
DA:15,1
DA:16,1
DA:18,2
DA:19,1
DA:22,1
LF:13
LH:13
BRDA:7,0,0,1
BRDA:7,0,1,1
BRDA:14,1,0,1
BRDA:14,1,1,2
BRDA:18,2,0,1
BRDA:18,2,1,1
BRF:6
BRH:6
end_of_record
TN:
SF:C:\Users\Orel Balilti\Documents\Projects\Sugoi\ORM\dist\decorators\model-name.decorator.js
FN:5,ModelName
FN:6,(anonymous_1)
FN:13,setCollectionName
FNF:3
FNH:3
FNDA:2,ModelName
FNDA:2,(anonymous_1)
FNDA:3,setCollectionName
DA:2,1
DA:3,1
DA:4,1
DA:6,2
DA:7,2
DA:8,1
DA:12,1
DA:14,3
DA:15,1
DA:16,1
DA:18,2
DA:19,1
DA:22,1
LF:13
LH:13
BRDA:7,0,0,1
BRDA:7,0,1,1
BRDA:14,1,0,1
BRDA:14,1,1,2
BRDA:18,2,0,1
BRDA:18,2,1,1
BRF:6
BRH:6
end_of_record
TN:
SF:C:\Users\Orel Balilti\Documents\Projects\Sugoi\ORM\dist\decorators\primary.decorator.js
FN:11,Primary
FN:12,(anonymous_1)
FN:24,getPrimaryKey
FNF:3
FNH:3
FNDA:1,Primary
FNDA:1,(anonymous_1)
FNDA:31,getPrimaryKey
DA:2,1
DA:3,1
DA:12,1
DA:13,1
DA:16,1
DA:25,31
DA:26,13
DA:28,18
DA:30,1
LF:9
LH:9
BRDA:25,0,0,13
BRDA:25,0,1,18
BRDA:25,1,0,31
BRDA:25,1,1,31
BRDA:26,2,0,13
BRDA:26,2,1,0
BRF:6
BRH:5
end_of_record
TN:
SF:C:\Users\Orel Balilti\Documents\Projects\Sugoi\ORM\dist\exceptions\model.exception.js
FNF:0
FNH:0
DA:2,1
DA:3,1
DA:6,1
LF:3
LH:3
BRF:0
BRH:0
end_of_record
TN:
SF:C:\Users\Orel Balilti\Documents\Projects\Sugoi\ORM\dist\models\connectable-model.abstract.js
FN:2,(anonymous_0)
FN:3,(anonymous_1)
FN:4,fulfilled
FN:5,rejected
FN:6,step
FN:6,(anonymous_5)
FN:17,(anonymous_6)
FN:26,(anonymous_7)
FN:31,(anonymous_8)
FN:34,(anonymous_9)
FN:37,(anonymous_10)
FN:38,(anonymous_11)
FN:48,(anonymous_12)
FN:49,(anonymous_13)
FN:49,(anonymous_14)
FN:61,(anonymous_15)
FNF:16
FNH:13
FNDA:38,(anonymous_0)
FNDA:38,(anonymous_1)
FNDA:37,fulfilled
FNDA:0,rejected
FNDA:74,step
FNDA:37,(anonymous_5)
FNDA:2,(anonymous_6)
FNDA:2,(anonymous_7)
FNDA:1,(anonymous_8)
FNDA:36,(anonymous_9)
FNDA:38,(anonymous_10)
FNDA:38,(anonymous_11)
FNDA:2,(anonymous_12)
FNDA:0,(anonymous_13)
FNDA:0,(anonymous_14)
FNDA:2,(anonymous_15)
DA:2,1
DA:3,38
DA:4,37
DA:5,0
DA:6,74
DA:7,38
DA:10,1
DA:11,1
DA:12,1
DA:13,1
DA:14,1
DA:15,1
DA:18,2
DA:19,0
DA:20,2
DA:21,2
DA:22,2
DA:23,2
DA:24,2
DA:27,2
DA:32,1
DA:35,36
DA:38,38
DA:39,38
DA:40,38
DA:41,1
DA:43,37
DA:44,35
DA:47,2
DA:48,2
DA:49,0
DA:50,0
DA:51,0
DA:52,0
DA:56,0
DA:62,2
DA:63,2
DA:68,1
DA:69,1
DA:70,1
LF:40
LH:33
BRDA:2,0,0,1
BRDA:2,0,1,1
BRDA:2,0,2,1
BRDA:3,1,0,38
BRDA:3,1,1,38
BRDA:6,2,0,37
BRDA:6,2,1,37
BRDA:7,3,0,38
BRDA:7,3,1,38
BRDA:17,4,0,0
BRDA:18,5,0,0
BRDA:18,5,1,2
BRDA:26,6,0,1
BRDA:27,7,0,1
BRDA:27,7,1,1
BRDA:31,8,0,0
BRDA:37,9,0,35
BRDA:40,10,0,1
BRDA:40,10,1,37
BRDA:43,11,0,35
BRDA:43,11,1,2
BRDA:63,12,0,1
BRDA:63,12,1,1
BRF:23
BRH:20
end_of_record
TN:
SF:C:\Users\Orel Balilti\Documents\Projects\Sugoi\ORM\dist\models\model.abstract.js
FN:2,(anonymous_0)
FN:3,(anonymous_1)
FN:4,fulfilled
FN:5,rejected
FN:6,step
FN:6,(anonymous_5)
FN:16,(anonymous_6)
FN:18,(anonymous_7)
FN:21,(anonymous_8)
FN:24,(anonymous_9)
FN:27,(anonymous_10)
FN:30,(anonymous_11)
FN:33,(anonymous_12)
FN:36,(anonymous_13)
FN:38,(anonymous_14)
FN:40,(anonymous_15)
FN:42,(anonymous_16)
FN:45,(anonymous_17)
FN:51,(anonymous_18)
FN:57,(anonymous_19)
FN:59,(anonymous_20)
FN:60,(anonymous_21)
FN:63,(anonymous_22)
FN:68,(anonymous_23)
FN:68,(anonymous_24)
FN:70,(anonymous_25)
FN:74,(anonymous_26)
FN:75,(anonymous_27)
FN:77,(anonymous_28)
FN:80,(anonymous_29)
FN:84,(anonymous_30)
FN:85,(anonymous_31)
FN:86,(anonymous_32)
FN:94,(anonymous_33)
FN:95,(anonymous_34)
FN:99,(anonymous_35)
FN:104,(anonymous_36)
FN:106,(anonymous_37)
FN:110,(anonymous_38)
FN:116,(anonymous_39)
FN:122,(anonymous_40)
FN:123,(anonymous_41)
FN:126,(anonymous_42)
FN:129,(anonymous_43)
FN:133,(anonymous_44)
FN:134,(anonymous_45)
FN:135,(anonymous_46)
FN:143,(anonymous_47)
FN:144,(anonymous_48)
FN:148,(anonymous_49)
FN:149,(anonymous_50)
FN:155,(anonymous_51)
FN:161,(anonymous_52)
FN:167,(anonymous_53)
FN:170,(anonymous_54)
FN:173,(anonymous_55)
FN:177,(anonymous_56)
FN:180,(anonymous_57)
FN:182,(anonymous_58)
FN:183,(anonymous_59)
FN:183,(anonymous_60)
FN:185,(anonymous_61)
FN:189,(anonymous_62)
FN:195,(anonymous_63)
FN:206,(anonymous_64)
FN:218,(anonymous_65)
FN:231,(anonymous_66)
FN:249,(anonymous_67)
FN:261,(anonymous_68)
FNF:69
FNH:67
FNDA:23,(anonymous_0)
FNDA:23,(anonymous_1)
FNDA:17,fulfilled
FNDA:3,rejected
FNDA:40,step
FNDA:20,(anonymous_5)
FNDA:64,(anonymous_6)
FNDA:2,(anonymous_7)
FNDA:3,(anonymous_8)
FNDA:2,(anonymous_9)
FNDA:2,(anonymous_10)
FNDA:11,(anonymous_11)
FNDA:8,(anonymous_12)
FNDA:7,(anonymous_13)
FNDA:1,(anonymous_14)
FNDA:1,(anonymous_15)
FNDA:4,(anonymous_16)
FNDA:11,(anonymous_17)
FNDA:10,(anonymous_18)
FNDA:11,(anonymous_19)
FNDA:10,(anonymous_20)
FNDA:10,(anonymous_21)
FNDA:28,(anonymous_22)
FNDA:10,(anonymous_23)
FNDA:10,(anonymous_24)
FNDA:0,(anonymous_25)
FNDA:15,(anonymous_26)
FNDA:15,(anonymous_27)
FNDA:15,(anonymous_28)
FNDA:15,(anonymous_29)
FNDA:14,(anonymous_30)
FNDA:14,(anonymous_31)
FNDA:14,(anonymous_32)
FNDA:14,(anonymous_33)
FNDA:14,(anonymous_34)
FNDA:20,(anonymous_35)
FNDA:20,(anonymous_36)
FNDA:20,(anonymous_37)
FNDA:14,(anonymous_38)
FNDA:14,(anonymous_39)
FNDA:5,(anonymous_40)
FNDA:5,(anonymous_41)
FNDA:5,(anonymous_42)
FNDA:5,(anonymous_43)
FNDA:4,(anonymous_44)
FNDA:4,(anonymous_45)
FNDA:3,(anonymous_46)
FNDA:3,(anonymous_47)
FNDA:3,(anonymous_48)
FNDA:3,(anonymous_49)
FNDA:3,(anonymous_50)
FNDA:4,(anonymous_51)
FNDA:3,(anonymous_52)
FNDA:2,(anonymous_53)
FNDA:2,(anonymous_54)
FNDA:5,(anonymous_55)
FNDA:1,(anonymous_56)
FNDA:8,(anonymous_57)
FNDA:7,(anonymous_58)
FNDA:7,(anonymous_59)
FNDA:7,(anonymous_60)
FNDA:0,(anonymous_61)
FNDA:8,(anonymous_62)
FNDA:7,(anonymous_63)
FNDA:3,(anonymous_64)
FNDA:50,(anonymous_65)
FNDA:6,(anonymous_66)
FNDA:7,(anonymous_67)
FNDA:2,(anonymous_68)
DA:2,1
DA:3,23
DA:4,17
DA:5,3
DA:6,40
DA:7,23
DA:10,1
DA:11,1
DA:12,1
DA:13,1
DA:14,1
DA:19,2
DA:22,3
DA:25,2
DA:28,2
DA:31,11
DA:34,8
DA:35,8
DA:36,7
DA:39,1
DA:40,1
DA:43,4
DA:46,11
DA:52,10
DA:58,11
DA:59,10
DA:61,10
DA:62,0
DA:63,10
DA:64,28
DA:66,10
DA:68,10
DA:71,0
DA:75,15
DA:76,15
DA:78,15
DA:81,15
DA:82,1
DA:84,14
DA:85,14
DA:87,14
DA:88,14
DA:90,0
DA:91,14
DA:92,14
DA:95,14
DA:100,20
DA:105,20
DA:106,20
DA:111,14
DA:117,14
DA:123,5
DA:124,5
DA:125,5
DA:127,5
DA:130,5
DA:131,1
DA:133,4
DA:134,4
DA:136,3
DA:137,3
DA:139,0
DA:140,3
DA:141,3
DA:144,3
DA:149,3
DA:150,3
DA:151,3
DA:152,3
DA:156,4
DA:162,3
DA:168,2
DA:171,2
DA:174,5
DA:175,5
DA:178,1
DA:181,8
DA:182,7
DA:183,7
DA:186,0
DA:190,8
DA:196,7
DA:207,3
DA:208,3
DA:209,0
DA:210,3
DA:219,50
DA:220,2
DA:221,2
DA:223,50
DA:232,6
DA:233,6
DA:234,6
DA:235,6
DA:236,6
DA:237,6
DA:239,6
DA:250,7
DA:251,7
DA:252,7
DA:253,0
DA:255,7
DA:262,2
DA:263,2
DA:266,1
LF:105
LH:98
BRDA:2,0,0,1
BRDA:2,0,1,1
BRDA:2,0,2,1
BRDA:3,1,0,23
BRDA:3,1,1,23
BRDA:6,2,0,20
BRDA:6,2,1,20
BRDA:7,3,0,23
BRDA:7,3,1,23
BRDA:18,4,0,0
BRDA:21,5,0,0
BRDA:28,6,0,2
BRDA:28,6,1,0
BRDA:30,7,0,0
BRDA:33,8,0,0
BRDA:33,9,0,5
BRDA:36,10,0,7
BRDA:36,10,1,0
BRDA:38,11,0,0
BRDA:40,12,0,1
BRDA:40,12,1,0
BRDA:46,13,0,11
BRDA:46,13,1,0
BRDA:47,14,0,11
BRDA:47,14,1,0
BRDA:52,15,0,10
BRDA:52,15,1,0
BRDA:53,16,0,10
BRDA:53,16,1,10
BRDA:61,17,0,0
BRDA:61,17,1,10
BRDA:68,18,0,10
BRDA:68,18,1,10
BRDA:81,19,0,1
BRDA:81,19,1,14
BRDA:87,20,0,14
BRDA:87,20,1,0
BRDA:95,21,0,14
BRDA:95,21,1,14
BRDA:100,22,0,20
BRDA:100,22,1,0
BRDA:101,23,0,20
BRDA:101,23,1,20
BRDA:105,24,0,20
BRDA:105,24,1,0
BRDA:106,25,0,0
BRDA:106,25,1,20
BRDA:111,26,0,14
BRDA:111,26,1,0
BRDA:112,27,0,14
BRDA:112,27,1,0
BRDA:117,28,0,14
BRDA:117,28,1,0
BRDA:118,29,0,14
BRDA:118,29,1,14
BRDA:130,30,0,1
BRDA:130,30,1,4
BRDA:136,31,0,3
BRDA:136,31,1,0
BRDA:144,32,0,3
BRDA:144,32,1,3
BRDA:156,33,0,4
BRDA:156,33,1,0
BRDA:157,34,0,4
BRDA:157,34,1,0
BRDA:162,35,0,3
BRDA:162,35,1,0
BRDA:163,36,0,3
BRDA:163,36,1,3
BRDA:167,37,0,2
BRDA:173,38,0,0
BRDA:173,39,0,4
BRDA:177,40,0,0
BRDA:183,41,0,7
BRDA:183,41,1,7
BRDA:190,42,0,8
BRDA:190,42,1,0
BRDA:191,43,0,8
BRDA:191,43,1,0
BRDA:196,44,0,7
BRDA:196,44,1,0
BRDA:197,45,0,7
BRDA:197,45,1,7
BRDA:208,46,0,0
BRDA:208,46,1,3
BRDA:219,47,0,2
BRDA:219,47,1,48
BRDA:231,48,0,6
BRDA:232,49,0,6
BRDA:232,49,1,0
BRDA:236,50,0,6
BRDA:236,50,1,0
BRDA:249,51,0,0
BRDA:249,52,0,0
BRDA:251,53,0,4
BRDA:251,53,1,3
BRDA:251,54,0,7
BRDA:251,54,1,7
BRDA:252,55,0,0
BRDA:252,55,1,7
BRDA:263,56,0,2
BRDA:263,56,1,0
BRF:102
BRH:67
end_of_record
TN:
SF:C:\Users\Orel Balilti\Documents\Projects\Sugoi\ORM\dist\utils\index.js
FNF:0
FNH:0
DA:2,1
DA:3,1
DA:4,1
LF:3
LH:3
BRF:0
BRH:0
end_of_record
TN:
SF:C:\Users\Orel Balilti\Documents\Projects\Sugoi\ORM\dist\utils\object.utils.js
FN:3,clone
FN:7,(anonymous_1)
FNF:2
FNH:2
FNDA:52,clone
FNDA:52,(anonymous_1)
DA:2,1
DA:4,52
DA:5,52
DA:6,52
DA:7,52
DA:9,52
DA:10,52
DA:11,52
DA:12,0
DA:15,52
DA:19,0
DA:20,0
DA:22,52
DA:23,52
DA:25,1
LF:15
LH:12
BRF:0
BRH:0
end_of_record
